2026-02-01 14:18:23.862 -03:00 [INF] EF Core SQL Server: DataSource=(localdb)\MSSQLLocalDB Database=diax_crm_dev Encrypt=True TrustServerCertificate=true
2026-02-01 14:18:24.528 -03:00 [WRN] Sensitive data logging is enabled. Log entries and exception messages may include sensitive application data; this mode should only be enabled during development.
2026-02-01 14:18:40.914 -03:00 [INF] EF Core SQL Server: DataSource=(localdb)\MSSQLLocalDB Database=diax_crm_dev Encrypt=True TrustServerCertificate=true
2026-02-01 14:18:41.435 -03:00 [WRN] Sensitive data logging is enabled. Log entries and exception messages may include sensitive application data; this mode should only be enabled during development.
2026-02-01 14:18:42.952 -03:00 [INF] Executed DbCommand (16ms) [Parameters=[], CommandType='"Text"', CommandTimeout='60']
SELECT 1
2026-02-01 14:18:42.981 -03:00 [INF] Executed DbCommand (12ms) [Parameters=[], CommandType='"Text"', CommandTimeout='60']
SELECT OBJECT_ID(N'[__EFMigrationsHistory]');
2026-02-01 14:18:42.993 -03:00 [INF] Executed DbCommand (5ms) [Parameters=[], CommandType='"Text"', CommandTimeout='60']
SELECT 1
2026-02-01 14:18:42.999 -03:00 [INF] Executed DbCommand (1ms) [Parameters=[], CommandType='"Text"', CommandTimeout='60']
SELECT OBJECT_ID(N'[__EFMigrationsHistory]');
2026-02-01 14:18:43.073 -03:00 [INF] Executed DbCommand (53ms) [Parameters=[], CommandType='"Text"', CommandTimeout='60']
SELECT [MigrationId], [ProductVersion]
FROM [__EFMigrationsHistory]
ORDER BY [MigrationId];
2026-02-01 14:18:43.095 -03:00 [INF] Applying migration '20260201171825_Fix_ImportedTransaction_DeleteBehavior'.
2026-02-01 14:18:43.243 -03:00 [INF] Executed DbCommand (31ms) [Parameters=[], CommandType='"Text"', CommandTimeout='60']
ALTER TABLE [imported_transactions] DROP CONSTRAINT [FK_imported_transactions_expenses_created_expense_id];
2026-02-01 14:18:43.322 -03:00 [INF] Executed DbCommand (30ms) [Parameters=[], CommandType='"Text"', CommandTimeout='60']
ALTER TABLE [imported_transactions] DROP CONSTRAINT [FK_imported_transactions_expenses_matched_expense_id];
2026-02-01 14:18:43.352 -03:00 [INF] Executed DbCommand (17ms) [Parameters=[], CommandType='"Text"', CommandTimeout='60']
ALTER TABLE [imported_transactions] DROP CONSTRAINT [FK_imported_transactions_incomes_created_income_id];
2026-02-01 14:18:43.392 -03:00 [INF] Executed DbCommand (13ms) [Parameters=[], CommandType='"Text"', CommandTimeout='60']
ALTER TABLE [imported_transactions] ADD CONSTRAINT [FK_imported_transactions_expenses_created_expense_id] FOREIGN KEY ([created_expense_id]) REFERENCES [expenses] ([id]) ON DELETE SET NULL;
2026-02-01 14:18:43.416 -03:00 [ERR] Failed executing DbCommand (18ms) [Parameters=[], CommandType='"Text"', CommandTimeout='60']
ALTER TABLE [imported_transactions] ADD CONSTRAINT [FK_imported_transactions_expenses_matched_expense_id] FOREIGN KEY ([matched_expense_id]) REFERENCES [expenses] ([id]) ON DELETE SET NULL;
2026-02-01 14:18:54.029 -03:00 [INF] EF Core SQL Server: DataSource=(localdb)\MSSQLLocalDB Database=diax_crm_dev Encrypt=True TrustServerCertificate=true
2026-02-01 14:18:54.604 -03:00 [WRN] Sensitive data logging is enabled. Log entries and exception messages may include sensitive application data; this mode should only be enabled during development.
2026-02-01 14:18:55.548 -03:00 [INF] Executed DbCommand (12ms) [Parameters=[], CommandType='"Text"', CommandTimeout='60']
SELECT 1
2026-02-01 14:18:55.571 -03:00 [INF] Executed DbCommand (10ms) [Parameters=[], CommandType='"Text"', CommandTimeout='60']
SELECT OBJECT_ID(N'[__EFMigrationsHistory]');
2026-02-01 14:18:55.586 -03:00 [INF] Executed DbCommand (7ms) [Parameters=[], CommandType='"Text"', CommandTimeout='60']
SELECT [MigrationId], [ProductVersion]
FROM [__EFMigrationsHistory]
ORDER BY [MigrationId];
