2026-02-15 11:09:43.228 -03:00 [INF] EF Core SQL Server: DataSource=tcp:sql1002.site4now.net Database=db_aaf0a8_diaxcrm Encrypt=True TrustServerCertificate=true
2026-02-15 11:09:44.087 -03:00 [WRN] Sensitive data logging is enabled. Log entries and exception messages may include sensitive application data; this mode should only be enabled during development.
2026-02-15 11:09:58.636 -03:00 [INF] EF Core SQL Server: DataSource=tcp:sql1002.site4now.net Database=db_aaf0a8_diaxcrm Encrypt=True TrustServerCertificate=true
2026-02-15 11:09:59.446 -03:00 [WRN] Sensitive data logging is enabled. Log entries and exception messages may include sensitive application data; this mode should only be enabled during development.
2026-02-15 11:10:01.090 -03:00 [INF] Executed DbCommand (166ms) [Parameters=[], CommandType='"Text"', CommandTimeout='60']
SELECT 1
2026-02-15 11:10:01.265 -03:00 [INF] Executed DbCommand (165ms) [Parameters=[], CommandType='"Text"', CommandTimeout='60']
SELECT OBJECT_ID(N'[__EFMigrationsHistory]');
2026-02-15 11:10:01.419 -03:00 [INF] Executed DbCommand (152ms) [Parameters=[], CommandType='"Text"', CommandTimeout='60']
SELECT 1
2026-02-15 11:10:01.572 -03:00 [INF] Executed DbCommand (152ms) [Parameters=[], CommandType='"Text"', CommandTimeout='60']
SELECT OBJECT_ID(N'[__EFMigrationsHistory]');
2026-02-15 11:10:01.742 -03:00 [INF] Executed DbCommand (158ms) [Parameters=[], CommandType='"Text"', CommandTimeout='60']
SELECT [MigrationId], [ProductVersion]
FROM [__EFMigrationsHistory]
ORDER BY [MigrationId];
2026-02-15 11:10:01.754 -03:00 [INF] Applying migration '20260215140945_AddFinancialPlannerModule'.
2026-02-15 11:10:02.256 -03:00 [INF] Executed DbCommand (193ms) [Parameters=[], CommandType='"Text"', CommandTimeout='60']
CREATE TABLE [credit_card_strategies] (
    [id] uniqueidentifier NOT NULL,
    [user_id] uniqueidentifier NOT NULL,
    [credit_card_id] uniqueidentifier NOT NULL,
    [optimal_purchase_day] int NOT NULL,
    [maximum_cycle_length] int NOT NULL,
    [available_limit_percentage] decimal(18,2) NOT NULL,
    [last_calculated] datetime2 NOT NULL,
    [is_recommended] bit NOT NULL,
    [closing_day] int NOT NULL,
    [due_day] int NOT NULL,
    [created_at] datetime2 NOT NULL,
    [created_by] nvarchar(256) NULL,
    [updated_at] datetime2 NULL,
    [updated_by] nvarchar(256) NULL,
    CONSTRAINT [PK_credit_card_strategies] PRIMARY KEY ([id])
);
2026-02-15 11:10:02.412 -03:00 [INF] Executed DbCommand (155ms) [Parameters=[], CommandType='"Text"', CommandTimeout='60']
CREATE TABLE [financial_goals] (
    [id] uniqueidentifier NOT NULL,
    [user_id] uniqueidentifier NOT NULL,
    [name] nvarchar(256) NOT NULL,
    [target_amount] decimal(18,2) NOT NULL,
    [current_amount] decimal(18,2) NOT NULL,
    [target_date] datetime2 NULL,
    [category] int NOT NULL,
    [priority] int NOT NULL,
    [is_active] bit NOT NULL,
    [auto_allocate_surplus] bit NOT NULL,
    [created_at] datetime2 NOT NULL,
    [created_by] nvarchar(256) NULL,
    [updated_at] datetime2 NULL,
    [updated_by] nvarchar(256) NULL,
    CONSTRAINT [PK_financial_goals] PRIMARY KEY ([id])
);
2026-02-15 11:10:02.567 -03:00 [INF] Executed DbCommand (154ms) [Parameters=[], CommandType='"Text"', CommandTimeout='60']
CREATE TABLE [monthly_simulations] (
    [id] uniqueidentifier NOT NULL,
    [user_id] uniqueidentifier NOT NULL,
    [reference_month] int NOT NULL,
    [reference_year] int NOT NULL,
    [simulation_date] datetime2 NOT NULL,
    [starting_balance] decimal(18,2) NOT NULL,
    [projected_ending_balance] decimal(18,2) NOT NULL,
    [total_projected_income] decimal(18,2) NOT NULL,
    [total_projected_expenses] decimal(18,2) NOT NULL,
    [has_negative_balance_risk] bit NOT NULL,
    [first_negative_balance_date] datetime2 NULL,
    [lowest_projected_balance] decimal(18,2) NOT NULL,
    [status] int NOT NULL,
    [created_at] datetime2 NOT NULL,
    [created_by] nvarchar(256) NULL,
    [updated_at] datetime2 NULL,
    [updated_by] nvarchar(256) NULL,
    CONSTRAINT [PK_monthly_simulations] PRIMARY KEY ([id])
);
2026-02-15 11:10:02.721 -03:00 [INF] Executed DbCommand (154ms) [Parameters=[], CommandType='"Text"', CommandTimeout='60']
CREATE TABLE [recurring_transactions] (
    [id] uniqueidentifier NOT NULL,
    [user_id] uniqueidentifier NOT NULL,
    [type] int NOT NULL,
    [description] nvarchar(256) NOT NULL,
    [amount] decimal(18,2) NOT NULL,
    [category_id] uniqueidentifier NOT NULL,
    [frequency_type] int NOT NULL,
    [day_of_month] int NOT NULL,
    [start_date] datetime2 NOT NULL,
    [end_date] datetime2 NULL,
    [payment_method] int NOT NULL,
    [credit_card_id] uniqueidentifier NULL,
    [financial_account_id] uniqueidentifier NULL,
    [is_active] bit NOT NULL,
    [priority] int NOT NULL,
    [created_at] datetime2 NOT NULL,
    [created_by] nvarchar(256) NULL,
    [updated_at] datetime2 NULL,
    [updated_by] nvarchar(256) NULL,
    CONSTRAINT [PK_recurring_transactions] PRIMARY KEY ([id])
);
2026-02-15 11:10:02.877 -03:00 [INF] Executed DbCommand (155ms) [Parameters=[], CommandType='"Text"', CommandTimeout='60']
CREATE TABLE [daily_balance_projections] (
    [id] uniqueidentifier NOT NULL,
    [simulation_id] uniqueidentifier NOT NULL,
    [date] datetime2 NOT NULL,
    [opening_balance] decimal(18,2) NOT NULL,
    [total_income] decimal(18,2) NOT NULL,
    [total_expenses] decimal(18,2) NOT NULL,
    [closing_balance] decimal(18,2) NOT NULL,
    [is_negative] bit NOT NULL,
    [has_high_priority_expense] bit NOT NULL,
    [created_at] datetime2 NOT NULL,
    [created_by] nvarchar(256) NULL,
    [updated_at] datetime2 NULL,
    [updated_by] nvarchar(256) NULL,
    CONSTRAINT [PK_daily_balance_projections] PRIMARY KEY ([id]),
    CONSTRAINT [FK_daily_balance_projections_monthly_simulations_simulation_id] FOREIGN KEY ([simulation_id]) REFERENCES [monthly_simulations] ([id]) ON DELETE CASCADE
);
2026-02-15 11:10:03.032 -03:00 [INF] Executed DbCommand (154ms) [Parameters=[], CommandType='"Text"', CommandTimeout='60']
CREATE TABLE [projected_transactions] (
    [id] uniqueidentifier NOT NULL,
    [simulation_id] uniqueidentifier NOT NULL,
    [type] int NOT NULL,
    [description] nvarchar(256) NOT NULL,
    [amount] decimal(18,2) NOT NULL,
    [date] datetime2 NOT NULL,
    [category_id] uniqueidentifier NOT NULL,
    [category_name] nvarchar(256) NOT NULL,
    [payment_method] int NOT NULL,
    [priority] int NOT NULL,
    [source] int NOT NULL,
    [source_id] uniqueidentifier NULL,
    [credit_card_id] uniqueidentifier NULL,
    [financial_account_id] uniqueidentifier NULL,
    [status] int NOT NULL,
    [actual_transaction_id] uniqueidentifier NULL,
    [created_at] datetime2 NOT NULL,
    [created_by] nvarchar(256) NULL,
    [updated_at] datetime2 NULL,
    [updated_by] nvarchar(256) NULL,
    CONSTRAINT [PK_projected_transactions] PRIMARY KEY ([id]),
    CONSTRAINT [FK_projected_transactions_monthly_simulations_simulation_id] FOREIGN KEY ([simulation_id]) REFERENCES [monthly_simulations] ([id]) ON DELETE CASCADE
);
2026-02-15 11:10:03.194 -03:00 [INF] Executed DbCommand (161ms) [Parameters=[], CommandType='"Text"', CommandTimeout='60']
CREATE TABLE [simulation_recommendations] (
    [id] uniqueidentifier NOT NULL,
    [simulation_id] uniqueidentifier NOT NULL,
    [type] int NOT NULL,
    [priority] int NOT NULL,
    [title] nvarchar(256) NOT NULL,
    [message] nvarchar(256) NOT NULL,
    [actionable_transaction_id] uniqueidentifier NULL,
    [suggested_amount] decimal(18,2) NULL,
    [suggested_date] datetime2 NULL,
    [suggested_credit_card_id] uniqueidentifier NULL,
    [created_at] datetime2 NOT NULL,
    [created_by] nvarchar(256) NULL,
    [updated_at] datetime2 NULL,
    [updated_by] nvarchar(256) NULL,
    CONSTRAINT [PK_simulation_recommendations] PRIMARY KEY ([id]),
    CONSTRAINT [FK_simulation_recommendations_monthly_simulations_simulation_id] FOREIGN KEY ([simulation_id]) REFERENCES [monthly_simulations] ([id]) ON DELETE CASCADE,
    CONSTRAINT [FK_simulation_recommendations_projected_transactions_actionable_transaction_id] FOREIGN KEY ([actionable_transaction_id]) REFERENCES [projected_transactions] ([id])
);
2026-02-15 11:10:03.354 -03:00 [INF] Executed DbCommand (159ms) [Parameters=[], CommandType='"Text"', CommandTimeout='60']
CREATE INDEX [IX_credit_card_strategies_user_id] ON [credit_card_strategies] ([user_id]);
2026-02-15 11:10:03.506 -03:00 [INF] Executed DbCommand (151ms) [Parameters=[], CommandType='"Text"', CommandTimeout='60']
CREATE INDEX [IX_daily_balance_projections_simulation_id] ON [daily_balance_projections] ([simulation_id]);
2026-02-15 11:10:03.658 -03:00 [INF] Executed DbCommand (151ms) [Parameters=[], CommandType='"Text"', CommandTimeout='60']
CREATE INDEX [IX_financial_goals_user_id] ON [financial_goals] ([user_id]);
2026-02-15 11:10:03.810 -03:00 [INF] Executed DbCommand (152ms) [Parameters=[], CommandType='"Text"', CommandTimeout='60']
CREATE INDEX [IX_monthly_simulations_user_id] ON [monthly_simulations] ([user_id]);
2026-02-15 11:10:03.962 -03:00 [INF] Executed DbCommand (151ms) [Parameters=[], CommandType='"Text"', CommandTimeout='60']
CREATE INDEX [IX_projected_transactions_simulation_id] ON [projected_transactions] ([simulation_id]);
2026-02-15 11:10:04.115 -03:00 [INF] Executed DbCommand (153ms) [Parameters=[], CommandType='"Text"', CommandTimeout='60']
CREATE INDEX [IX_recurring_transactions_user_id] ON [recurring_transactions] ([user_id]);
2026-02-15 11:10:04.267 -03:00 [INF] Executed DbCommand (152ms) [Parameters=[], CommandType='"Text"', CommandTimeout='60']
CREATE INDEX [IX_simulation_recommendations_actionable_transaction_id] ON [simulation_recommendations] ([actionable_transaction_id]);
2026-02-15 11:10:04.423 -03:00 [INF] Executed DbCommand (155ms) [Parameters=[], CommandType='"Text"', CommandTimeout='60']
CREATE INDEX [IX_simulation_recommendations_simulation_id] ON [simulation_recommendations] ([simulation_id]);
2026-02-15 11:10:04.578 -03:00 [INF] Executed DbCommand (154ms) [Parameters=[], CommandType='"Text"', CommandTimeout='60']
INSERT INTO [__EFMigrationsHistory] ([MigrationId], [ProductVersion])
VALUES (N'20260215140945_AddFinancialPlannerModule', N'8.0.11');
2026-02-15 11:17:03.034 -03:00 [WRN] Sensitive data logging is enabled. Log entries and exception messages may include sensitive application data; this mode should only be enabled during development.
2026-02-15 11:17:47.391 -03:00 [WRN] Database migration timed out after 45 seconds. App will start but DB may not be ready.
2026-02-15 11:17:48.045 -03:00 [INF] Now listening on: http://localhost:5000
2026-02-15 11:17:48.047 -03:00 [INF] Application started. Press Ctrl+C to shut down.
2026-02-15 11:17:48.047 -03:00 [INF] Hosting environment: Production
2026-02-15 11:17:48.047 -03:00 [INF] Content root path: C:\Users\acq20\Desktop\Trabalho\Alexandre Queiroz Marketing Digital\DIAX\CRM\api-core\src\Diax.Api
2026-02-15 11:18:03.585 -03:00 [ERR] Migration/seed failed inside task.
Microsoft.Data.SqlClient.SqlException (0x80131904): Falha de logon do usuário ''.
   at Microsoft.Data.SqlClient.TdsParser.ThrowExceptionAndWarning(TdsParserStateObject stateObj, Boolean callerHasConnectionLock, Boolean asyncClose)
   at Microsoft.Data.SqlClient.TdsParser.TryRun(RunBehavior runBehavior, SqlCommand cmdHandler, SqlDataReader dataStream, BulkCopySimpleResultSet bulkCopyHandler, TdsParserStateObject stateObj, Boolean& dataReady)
   at Microsoft.Data.SqlClient.TdsParser.Run(RunBehavior runBehavior, SqlCommand cmdHandler, SqlDataReader dataStream, BulkCopySimpleResultSet bulkCopyHandler, TdsParserStateObject stateObj)
   at Microsoft.Data.SqlClient.SqlInternalConnectionTds.CompleteLogin(Boolean enlistOK)
   at Microsoft.Data.SqlClient.SqlInternalConnectionTds.LoginNoFailover(ServerInfo serverInfo, String newPassword, SecureString newSecurePassword, Boolean redirectedUserInstance, SqlConnectionString connectionOptions, SqlCredential credential, TimeoutTimer timeout)
   at Microsoft.Data.SqlClient.SqlInternalConnectionTds.OpenLoginEnlist(TimeoutTimer timeout, SqlConnectionString connectionOptions, SqlCredential credential, String newPassword, SecureString newSecurePassword, Boolean redirectedUserInstance)
   at Microsoft.Data.SqlClient.SqlInternalConnectionTds..ctor(DbConnectionPoolIdentity identity, SqlConnectionString connectionOptions, SqlCredential credential, Object providerInfo, String newPassword, SecureString newSecurePassword, Boolean redirectedUserInstance, SqlConnectionString userConnectionOptions, SessionData reconnectSessionData, Boolean applyTransientFaultHandling, String accessToken, DbConnectionPool pool)
   at Microsoft.Data.SqlClient.SqlConnectionFactory.CreateConnection(DbConnectionOptions options, DbConnectionPoolKey poolKey, Object poolGroupProviderInfo, DbConnectionPool pool, DbConnection owningConnection, DbConnectionOptions userOptions)
   at Microsoft.Data.ProviderBase.DbConnectionPool.CreateObject(DbConnection owningObject, DbConnectionOptions userOptions, DbConnectionInternal oldConnection)
   at Microsoft.Data.ProviderBase.DbConnectionPool.TryGetConnection(DbConnection owningObject, UInt32 waitForMultipleObjectsTimeout, Boolean allowCreate, Boolean onlyOneCheckConnection, DbConnectionOptions userOptions, DbConnectionInternal& connection)
   at Microsoft.Data.ProviderBase.DbConnectionPool.TryGetConnection(DbConnection owningObject, TaskCompletionSource`1 retry, DbConnectionOptions userOptions, DbConnectionInternal& connection)
   at Microsoft.Data.ProviderBase.DbConnectionFactory.TryGetConnection(DbConnection owningConnection, TaskCompletionSource`1 retry, DbConnectionOptions userOptions, DbConnectionInternal oldConnection, DbConnectionInternal& connection)
   at Microsoft.Data.ProviderBase.DbConnectionInternal.TryOpenConnectionInternal(DbConnection outerConnection, DbConnectionFactory connectionFactory, TaskCompletionSource`1 retry, DbConnectionOptions userOptions)
   at Microsoft.Data.SqlClient.SqlConnection.TryOpen(TaskCompletionSource`1 retry, SqlConnectionOverrides overrides)
   at Microsoft.Data.SqlClient.SqlConnection.Open(SqlConnectionOverrides overrides)
   at Microsoft.EntityFrameworkCore.Storage.RelationalConnection.OpenInternal(Boolean errorsExpected)
   at Microsoft.EntityFrameworkCore.Storage.RelationalConnection.Open(Boolean errorsExpected)
   at Microsoft.EntityFrameworkCore.SqlServer.Storage.Internal.SqlServerDatabaseCreator.<>c__DisplayClass18_0.<Exists>b__0(DateTime giveUp)
   at Microsoft.EntityFrameworkCore.ExecutionStrategyExtensions.<>c__DisplayClass12_0`2.<Execute>b__0(DbContext _, TState s)
   at Microsoft.EntityFrameworkCore.Storage.ExecutionStrategy.<>c__DisplayClass28_0`2.<Execute>b__0(DbContext context, TState state)
   at Microsoft.EntityFrameworkCore.Storage.ExecutionStrategy.ExecuteImplementation[TState,TResult](Func`3 operation, Func`3 verifySucceeded, TState state)
   at Microsoft.EntityFrameworkCore.Storage.ExecutionStrategy.Execute[TState,TResult](TState state, Func`3 operation, Func`3 verifySucceeded)
   at Microsoft.EntityFrameworkCore.ExecutionStrategyExtensions.Execute[TState,TResult](IExecutionStrategy strategy, TState state, Func`2 operation, Func`2 verifySucceeded)
   at Microsoft.EntityFrameworkCore.SqlServer.Storage.Internal.SqlServerDatabaseCreator.Exists(Boolean retryOnNotExists)
   at Microsoft.EntityFrameworkCore.SqlServer.Storage.Internal.SqlServerDatabaseCreator.Exists()
   at Microsoft.EntityFrameworkCore.Migrations.HistoryRepository.Exists()
   at Microsoft.EntityFrameworkCore.Migrations.Internal.Migrator.Migrate(String targetMigration)
   at Microsoft.EntityFrameworkCore.RelationalDatabaseFacadeExtensions.Migrate(DatabaseFacade databaseFacade)
   at Program.<>c__DisplayClass0_1.<<Main>$>b__14() in C:\Users\acq20\Desktop\Trabalho\Alexandre Queiroz Marketing Digital\DIAX\CRM\api-core\src\Diax.Api\Program.cs:line 207
ClientConnectionId:ecaf09f1-dc12-48cc-b807-e7616dc9d9ae
Error Number:18456,State:1,Class:14
2026-02-15 16:37:02.147 -03:00 [WRN] As of ""2026-02-15T19:36:59.5988836+00:00"", the heartbeat has been running for ""00:00:01.5183819"" which is longer than ""00:00:01"". This could be caused by thread pool starvation.
2026-02-15 16:38:16.139 -03:00 [WRN] As of ""2026-02-15T19:38:16.1320210+00:00"", the heartbeat has been running for ""00:00:01.4807556"" which is longer than ""00:00:01"". This could be caused by thread pool starvation.
