2026-02-27 21:16:53.560 -03:00 [INF] EF Core SQL Server: DataSource=tcp:sql1002.site4now.net Database=db_aaf0a8_diaxcrm Encrypt=True TrustServerCertificate=true
2026-02-27 21:16:54.470 -03:00 [WRN] Sensitive data logging is enabled. Log entries and exception messages may include sensitive application data; this mode should only be enabled during development.
2026-02-27 21:28:20.219 -03:00 [INF] EF Core SQL Server: DataSource=tcp:sql1002.site4now.net Database=db_aaf0a8_diaxcrm Encrypt=True TrustServerCertificate=true
2026-02-27 21:28:21.023 -03:00 [WRN] Sensitive data logging is enabled. Log entries and exception messages may include sensitive application data; this mode should only be enabled during development.
2026-02-27 21:28:22.609 -03:00 [INF] Executed DbCommand (160ms) [Parameters=[], CommandType='"Text"', CommandTimeout='60']
SELECT 1
2026-02-27 21:28:22.775 -03:00 [INF] Executed DbCommand (158ms) [Parameters=[], CommandType='"Text"', CommandTimeout='60']
SELECT OBJECT_ID(N'[__EFMigrationsHistory]');
2026-02-27 21:28:22.942 -03:00 [INF] Executed DbCommand (157ms) [Parameters=[], CommandType='"Text"', CommandTimeout='60']
SELECT [MigrationId], [ProductVersion]
FROM [__EFMigrationsHistory]
ORDER BY [MigrationId];
2026-02-27 21:28:37.921 -03:00 [INF] EF Core SQL Server: DataSource=tcp:sql1002.site4now.net Database=db_aaf0a8_diaxcrm Encrypt=True TrustServerCertificate=true
2026-02-27 21:28:38.781 -03:00 [WRN] Sensitive data logging is enabled. Log entries and exception messages may include sensitive application data; this mode should only be enabled during development.
2026-02-27 21:28:40.151 -03:00 [INF] Executed DbCommand (162ms) [Parameters=[], CommandType='"Text"', CommandTimeout='60']
SELECT 1
2026-02-27 21:28:40.319 -03:00 [INF] Executed DbCommand (160ms) [Parameters=[], CommandType='"Text"', CommandTimeout='60']
SELECT OBJECT_ID(N'[__EFMigrationsHistory]');
2026-02-27 21:28:40.481 -03:00 [INF] Executed DbCommand (161ms) [Parameters=[], CommandType='"Text"', CommandTimeout='60']
SELECT 1
2026-02-27 21:28:40.632 -03:00 [INF] Executed DbCommand (150ms) [Parameters=[], CommandType='"Text"', CommandTimeout='60']
SELECT OBJECT_ID(N'[__EFMigrationsHistory]');
2026-02-27 21:28:40.790 -03:00 [INF] Executed DbCommand (150ms) [Parameters=[], CommandType='"Text"', CommandTimeout='60']
SELECT [MigrationId], [ProductVersion]
FROM [__EFMigrationsHistory]
ORDER BY [MigrationId];
2026-02-27 21:28:40.800 -03:00 [INF] Applying migration '20260228001655_AddEmailCampaignAnalyticsFields'.
2026-02-27 21:28:41.227 -03:00 [INF] Executed DbCommand (163ms) [Parameters=[], CommandType='"Text"', CommandTimeout='60']
ALTER TABLE [email_campaigns] ADD [bounce_count] int NOT NULL DEFAULT 0;
2026-02-27 21:28:41.382 -03:00 [INF] Executed DbCommand (155ms) [Parameters=[], CommandType='"Text"', CommandTimeout='60']
ALTER TABLE [email_campaigns] ADD [click_count] int NOT NULL DEFAULT 0;
2026-02-27 21:28:41.534 -03:00 [INF] Executed DbCommand (152ms) [Parameters=[], CommandType='"Text"', CommandTimeout='60']
ALTER TABLE [email_campaigns] ADD [delivered_count] int NOT NULL DEFAULT 0;
2026-02-27 21:28:41.688 -03:00 [INF] Executed DbCommand (153ms) [Parameters=[], CommandType='"Text"', CommandTimeout='60']
ALTER TABLE [email_campaigns] ADD [unsubscribe_count] int NOT NULL DEFAULT 0;
2026-02-27 21:28:41.839 -03:00 [INF] Executed DbCommand (151ms) [Parameters=[], CommandType='"Text"', CommandTimeout='60']
INSERT INTO [__EFMigrationsHistory] ([MigrationId], [ProductVersion])
VALUES (N'20260228001655_AddEmailCampaignAnalyticsFields', N'8.0.11');
2026-02-27 21:28:58.159 -03:00 [INF] EF Core SQL Server: DataSource=tcp:sql1002.site4now.net Database=db_aaf0a8_diaxcrm Encrypt=True TrustServerCertificate=true
2026-02-27 21:28:58.957 -03:00 [WRN] Sensitive data logging is enabled. Log entries and exception messages may include sensitive application data; this mode should only be enabled during development.
2026-02-27 21:29:00.293 -03:00 [INF] Executed DbCommand (167ms) [Parameters=[], CommandType='"Text"', CommandTimeout='60']
SELECT 1
2026-02-27 21:29:00.464 -03:00 [INF] Executed DbCommand (161ms) [Parameters=[], CommandType='"Text"', CommandTimeout='60']
SELECT OBJECT_ID(N'[__EFMigrationsHistory]');
2026-02-27 21:29:00.629 -03:00 [INF] Executed DbCommand (155ms) [Parameters=[], CommandType='"Text"', CommandTimeout='60']
SELECT [MigrationId], [ProductVersion]
FROM [__EFMigrationsHistory]
ORDER BY [MigrationId];
