2026-01-04 14:40:20.696 -03:00 [INF] EF Core SQL Server: DataSource=(localdb)\MSSQLLocalDB Database=diax_crm_dev Encrypt=True TrustServerCertificate=true
2026-01-04 14:40:21.110 -03:00 [WRN] Sensitive data logging is enabled. Log entries and exception messages may include sensitive application data; this mode should only be enabled during development.
2026-01-04 15:43:12.340 -03:00 [INF] EF Core SQL Server: DataSource=(localdb)\MSSQLLocalDB Database=diax_crm_dev Encrypt=True TrustServerCertificate=true
2026-01-04 15:43:12.827 -03:00 [WRN] Sensitive data logging is enabled. Log entries and exception messages may include sensitive application data; this mode should only be enabled during development.
2026-01-04 15:43:15.028 -03:00 [INF] Executed DbCommand (16ms) [Parameters=[], CommandType='"Text"', CommandTimeout='60']
SELECT 1
2026-01-04 15:43:15.052 -03:00 [INF] Executed DbCommand (11ms) [Parameters=[], CommandType='"Text"', CommandTimeout='60']
SELECT OBJECT_ID(N'[__EFMigrationsHistory]');
2026-01-04 15:43:15.073 -03:00 [INF] Executed DbCommand (7ms) [Parameters=[], CommandType='"Text"', CommandTimeout='60']
SELECT [MigrationId], [ProductVersion]
FROM [__EFMigrationsHistory]
ORDER BY [MigrationId];
2026-01-04 15:43:24.861 -03:00 [INF] EF Core SQL Server: DataSource=(localdb)\MSSQLLocalDB Database=diax_crm_dev Encrypt=True TrustServerCertificate=true
2026-01-04 15:43:25.281 -03:00 [WRN] Sensitive data logging is enabled. Log entries and exception messages may include sensitive application data; this mode should only be enabled during development.
2026-01-04 15:43:25.605 -03:00 [INF] Executed DbCommand (12ms) [Parameters=[], CommandType='"Text"', CommandTimeout='60']
SELECT 1
2026-01-04 15:43:25.626 -03:00 [INF] Executed DbCommand (9ms) [Parameters=[], CommandType='"Text"', CommandTimeout='60']
SELECT OBJECT_ID(N'[__EFMigrationsHistory]');
2026-01-04 15:43:25.632 -03:00 [INF] Executed DbCommand (1ms) [Parameters=[], CommandType='"Text"', CommandTimeout='60']
SELECT 1
2026-01-04 15:43:25.636 -03:00 [INF] Executed DbCommand (1ms) [Parameters=[], CommandType='"Text"', CommandTimeout='60']
SELECT OBJECT_ID(N'[__EFMigrationsHistory]');
2026-01-04 15:43:25.653 -03:00 [INF] Executed DbCommand (6ms) [Parameters=[], CommandType='"Text"', CommandTimeout='60']
SELECT [MigrationId], [ProductVersion]
FROM [__EFMigrationsHistory]
ORDER BY [MigrationId];
2026-01-04 15:43:25.668 -03:00 [INF] Applying migration '20260104174021_FixIncomeSchema'.
2026-01-04 15:43:25.754 -03:00 [INF] Executed DbCommand (49ms) [Parameters=[], CommandType='"Text"', CommandTimeout='60']
DECLARE @var0 sysname;
SELECT @var0 = [d].[name]
FROM [sys].[default_constraints] [d]
INNER JOIN [sys].[columns] [c] ON [d].[parent_column_id] = [c].[column_id] AND [d].[parent_object_id] = [c].[object_id]
WHERE ([d].[parent_object_id] = OBJECT_ID(N'[expenses]') AND [c].[name] = N'payment_date');
IF @var0 IS NOT NULL EXEC(N'ALTER TABLE [expenses] DROP CONSTRAINT [' + @var0 + '];');
ALTER TABLE [expenses] DROP COLUMN [payment_date];
2026-01-04 15:43:25.935 -03:00 [INF] Executed DbCommand (178ms) [Parameters=[], CommandType='"Text"', CommandTimeout='60']
EXEC sp_rename N'[incomes].[value]', N'amount', N'COLUMN';
2026-01-04 15:43:25.939 -03:00 [INF] Executed DbCommand (1ms) [Parameters=[], CommandType='"Text"', CommandTimeout='60']
EXEC sp_rename N'[incomes].[name]', N'description', N'COLUMN';
2026-01-04 15:43:25.944 -03:00 [INF] Executed DbCommand (1ms) [Parameters=[], CommandType='"Text"', CommandTimeout='60']
EXEC sp_rename N'[expenses].[value]', N'amount', N'COLUMN';
2026-01-04 15:43:25.948 -03:00 [INF] Executed DbCommand (1ms) [Parameters=[], CommandType='"Text"', CommandTimeout='60']
EXEC sp_rename N'[expenses].[name]', N'description', N'COLUMN';
2026-01-04 15:43:25.953 -03:00 [INF] Executed DbCommand (2ms) [Parameters=[], CommandType='"Text"', CommandTimeout='60']
EXEC sp_rename N'[expenses].[is_paid]', N'is_recurring', N'COLUMN';
2026-01-04 15:43:25.957 -03:00 [INF] Executed DbCommand (2ms) [Parameters=[], CommandType='"Text"', CommandTimeout='60']
EXEC sp_rename N'[expenses].[due_date]', N'date', N'COLUMN';
2026-01-04 15:43:25.962 -03:00 [INF] Executed DbCommand (1ms) [Parameters=[], CommandType='"Text"', CommandTimeout='60']
EXEC sp_rename N'[expenses].[details]', N'category', N'COLUMN';
2026-01-04 15:43:25.967 -03:00 [INF] Executed DbCommand (1ms) [Parameters=[], CommandType='"Text"', CommandTimeout='60']
ALTER TABLE [incomes] ADD [category] nvarchar(256) NULL;
2026-01-04 15:43:25.972 -03:00 [INF] Executed DbCommand (2ms) [Parameters=[], CommandType='"Text"', CommandTimeout='60']
ALTER TABLE [incomes] ADD [is_recurring] bit NOT NULL DEFAULT CAST(0 AS bit);
2026-01-04 15:43:25.976 -03:00 [INF] Executed DbCommand (1ms) [Parameters=[], CommandType='"Text"', CommandTimeout='60']
ALTER TABLE [incomes] ADD [payment_method] int NOT NULL DEFAULT 0;
2026-01-04 15:43:25.980 -03:00 [INF] Executed DbCommand (1ms) [Parameters=[], CommandType='"Text"', CommandTimeout='60']
ALTER TABLE [credit_cards] ADD [last_four_digits] nvarchar(256) NOT NULL DEFAULT N'';
2026-01-04 15:43:25.984 -03:00 [INF] Executed DbCommand (1ms) [Parameters=[], CommandType='"Text"', CommandTimeout='60']
INSERT INTO [__EFMigrationsHistory] ([MigrationId], [ProductVersion])
VALUES (N'20260104174021_FixIncomeSchema', N'8.0.11');
