2026-02-14 16:11:00.046 -03:00 [INF] EF Core SQL Server: DataSource=tcp:sql1002.site4now.net Database=db_aaf0a8_diaxcrm Encrypt=True TrustServerCertificate=true
2026-02-14 16:11:00.910 -03:00 [WRN] Sensitive data logging is enabled. Log entries and exception messages may include sensitive application data; this mode should only be enabled during development.
2026-02-14 16:11:22.320 -03:00 [INF] EF Core SQL Server: DataSource=tcp:sql1002.site4now.net Database=db_aaf0a8_diaxcrm Encrypt=True TrustServerCertificate=true
2026-02-14 16:11:23.428 -03:00 [WRN] Sensitive data logging is enabled. Log entries and exception messages may include sensitive application data; this mode should only be enabled during development.
2026-02-14 16:11:25.193 -03:00 [INF] Executed DbCommand (174ms) [Parameters=[], CommandType='"Text"', CommandTimeout='60']
SELECT 1
2026-02-14 16:11:25.375 -03:00 [INF] Executed DbCommand (166ms) [Parameters=[], CommandType='"Text"', CommandTimeout='60']
SELECT OBJECT_ID(N'[__EFMigrationsHistory]');
2026-02-14 16:11:25.533 -03:00 [INF] Executed DbCommand (154ms) [Parameters=[], CommandType='"Text"', CommandTimeout='60']
SELECT 1
2026-02-14 16:11:25.689 -03:00 [INF] Executed DbCommand (154ms) [Parameters=[], CommandType='"Text"', CommandTimeout='60']
SELECT OBJECT_ID(N'[__EFMigrationsHistory]');
2026-02-14 16:11:25.870 -03:00 [INF] Executed DbCommand (158ms) [Parameters=[], CommandType='"Text"', CommandTimeout='60']
SELECT [MigrationId], [ProductVersion]
FROM [__EFMigrationsHistory]
ORDER BY [MigrationId];
2026-02-14 16:11:25.886 -03:00 [INF] Applying migration '20260213014709_AddAiUsageLogs'.
2026-02-14 16:11:26.379 -03:00 [ERR] Failed executing DbCommand (158ms) [Parameters=[], CommandType='"Text"', CommandTimeout='60']
CREATE TABLE [ai_usage_logs] (
    [id] uniqueidentifier NOT NULL,
    [user_id] uniqueidentifier NOT NULL,
    [provider_id] uniqueidentifier NOT NULL,
    [model_id] uniqueidentifier NOT NULL,
    [feature_type] nvarchar(50) NOT NULL,
    [input_tokens] int NULL,
    [output_tokens] int NULL,
    [estimated_cost] decimal(10,6) NULL,
    [duration] time NOT NULL,
    [success] bit NOT NULL,
    [error_message] nvarchar(500) NULL,
    [request_id] nvarchar(100) NOT NULL,
    [created_at] datetime2 NOT NULL,
    CONSTRAINT [PK_ai_usage_logs] PRIMARY KEY ([id]),
    CONSTRAINT [FK_ai_usage_logs_ai_models_model_id] FOREIGN KEY ([model_id]) REFERENCES [ai_models] ([id]) ON DELETE NO ACTION,
    CONSTRAINT [FK_ai_usage_logs_ai_providers_provider_id] FOREIGN KEY ([provider_id]) REFERENCES [ai_providers] ([id]) ON DELETE NO ACTION
);
2026-02-14 16:11:53.410 -03:00 [INF] EF Core SQL Server: DataSource=tcp:sql1002.site4now.net Database=db_aaf0a8_diaxcrm Encrypt=True TrustServerCertificate=true
2026-02-14 16:11:54.304 -03:00 [WRN] Sensitive data logging is enabled. Log entries and exception messages may include sensitive application data; this mode should only be enabled during development.
2026-02-14 16:11:55.857 -03:00 [INF] Executed DbCommand (167ms) [Parameters=[], CommandType='"Text"', CommandTimeout='60']
SELECT 1
2026-02-14 16:11:56.034 -03:00 [INF] Executed DbCommand (162ms) [Parameters=[], CommandType='"Text"', CommandTimeout='60']
SELECT OBJECT_ID(N'[__EFMigrationsHistory]');
2026-02-14 16:11:56.200 -03:00 [INF] Executed DbCommand (151ms) [Parameters=[], CommandType='"Text"', CommandTimeout='60']
SELECT [MigrationId], [ProductVersion]
FROM [__EFMigrationsHistory]
ORDER BY [MigrationId];
2026-02-14 16:12:13.194 -03:00 [INF] EF Core SQL Server: DataSource=tcp:sql1002.site4now.net Database=db_aaf0a8_diaxcrm Encrypt=True TrustServerCertificate=true
2026-02-14 16:12:13.887 -03:00 [WRN] Sensitive data logging is enabled. Log entries and exception messages may include sensitive application data; this mode should only be enabled during development.
2026-02-14 16:13:25.767 -03:00 [INF] EF Core SQL Server: DataSource=tcp:sql1002.site4now.net Database=db_aaf0a8_diaxcrm Encrypt=True TrustServerCertificate=true
2026-02-14 16:13:27.223 -03:00 [WRN] Sensitive data logging is enabled. Log entries and exception messages may include sensitive application data; this mode should only be enabled during development.
2026-02-14 16:14:38.072 -03:00 [INF] EF Core SQL Server: DataSource=tcp:sql1002.site4now.net Database=db_aaf0a8_diaxcrm Encrypt=True TrustServerCertificate=true
2026-02-14 16:14:39.203 -03:00 [WRN] Sensitive data logging is enabled. Log entries and exception messages may include sensitive application data; this mode should only be enabled during development.
2026-02-14 16:14:40.694 -03:00 [INF] Executed DbCommand (166ms) [Parameters=[], CommandType='"Text"', CommandTimeout='60']
SELECT 1
2026-02-14 16:14:40.872 -03:00 [INF] Executed DbCommand (161ms) [Parameters=[], CommandType='"Text"', CommandTimeout='60']
SELECT OBJECT_ID(N'[__EFMigrationsHistory]');
2026-02-14 16:14:41.023 -03:00 [INF] Executed DbCommand (149ms) [Parameters=[], CommandType='"Text"', CommandTimeout='60']
SELECT 1
2026-02-14 16:14:41.172 -03:00 [INF] Executed DbCommand (148ms) [Parameters=[], CommandType='"Text"', CommandTimeout='60']
SELECT OBJECT_ID(N'[__EFMigrationsHistory]');
2026-02-14 16:14:41.336 -03:00 [INF] Executed DbCommand (150ms) [Parameters=[], CommandType='"Text"', CommandTimeout='60']
SELECT [MigrationId], [ProductVersion]
FROM [__EFMigrationsHistory]
ORDER BY [MigrationId];
2026-02-14 16:14:41.358 -03:00 [INF] Applying migration '20260214191102_AddApiKeysAndBlogPosts'.
2026-02-14 16:14:41.882 -03:00 [INF] Executed DbCommand (196ms) [Parameters=[], CommandType='"Text"', CommandTimeout='60']
CREATE TABLE [api_keys] (
    [id] uniqueidentifier NOT NULL,
    [name] nvarchar(200) NOT NULL,
    [key_hash] nvarchar(500) NOT NULL,
    [is_enabled] bit NOT NULL DEFAULT CAST(1 AS bit),
    [expires_at] datetime2 NULL,
    [last_used_at] datetime2 NULL,
    [scope] nvarchar(200) NOT NULL DEFAULT N'Blog',
    [created_at] datetime2 NOT NULL,
    [created_by] nvarchar(256) NULL,
    [updated_at] datetime2 NULL,
    [updated_by] nvarchar(256) NULL,
    CONSTRAINT [PK_api_keys] PRIMARY KEY ([id])
);
2026-02-14 16:14:42.040 -03:00 [INF] Executed DbCommand (157ms) [Parameters=[], CommandType='"Text"', CommandTimeout='60']
CREATE TABLE [blog_posts] (
    [id] uniqueidentifier NOT NULL,
    [title] nvarchar(200) NOT NULL,
    [slug] nvarchar(250) NOT NULL,
    [content_html] nvarchar(256) NOT NULL,
    [excerpt] nvarchar(500) NOT NULL,
    [meta_title] nvarchar(70) NULL,
    [meta_description] nvarchar(160) NULL,
    [keywords] nvarchar(500) NULL,
    [status] int NOT NULL,
    [published_at] datetime2 NULL,
    [author_name] nvarchar(100) NOT NULL,
    [featured_image_url] nvarchar(500) NULL,
    [view_count] int NOT NULL DEFAULT 0,
    [is_featured] bit NOT NULL DEFAULT CAST(0 AS bit),
    [category] nvarchar(100) NULL,
    [tags] nvarchar(500) NULL,
    [created_at] datetime2 NOT NULL,
    [created_by] nvarchar(256) NULL,
    [updated_at] datetime2 NULL,
    [updated_by] nvarchar(256) NULL,
    CONSTRAINT [PK_blog_posts] PRIMARY KEY ([id])
);
2026-02-14 16:14:42.194 -03:00 [INF] Executed DbCommand (153ms) [Parameters=[], CommandType='"Text"', CommandTimeout='60']
CREATE INDEX [IX_api_keys_is_enabled] ON [api_keys] ([is_enabled]);
2026-02-14 16:14:42.346 -03:00 [INF] Executed DbCommand (151ms) [Parameters=[], CommandType='"Text"', CommandTimeout='60']
CREATE UNIQUE INDEX [IX_api_keys_key_hash] ON [api_keys] ([key_hash]);
2026-02-14 16:14:42.496 -03:00 [INF] Executed DbCommand (150ms) [Parameters=[], CommandType='"Text"', CommandTimeout='60']
CREATE INDEX [IX_api_keys_name] ON [api_keys] ([name]);
2026-02-14 16:14:42.646 -03:00 [INF] Executed DbCommand (149ms) [Parameters=[], CommandType='"Text"', CommandTimeout='60']
CREATE INDEX [IX_blog_posts_category] ON [blog_posts] ([category]);
2026-02-14 16:14:42.796 -03:00 [INF] Executed DbCommand (150ms) [Parameters=[], CommandType='"Text"', CommandTimeout='60']
CREATE INDEX [IX_blog_posts_is_featured] ON [blog_posts] ([is_featured]);
2026-02-14 16:14:42.948 -03:00 [INF] Executed DbCommand (150ms) [Parameters=[], CommandType='"Text"', CommandTimeout='60']
CREATE INDEX [IX_blog_posts_published_at] ON [blog_posts] ([published_at]);
2026-02-14 16:14:43.097 -03:00 [INF] Executed DbCommand (148ms) [Parameters=[], CommandType='"Text"', CommandTimeout='60']
CREATE UNIQUE INDEX [IX_blog_posts_slug] ON [blog_posts] ([slug]);
2026-02-14 16:14:43.247 -03:00 [INF] Executed DbCommand (150ms) [Parameters=[], CommandType='"Text"', CommandTimeout='60']
CREATE INDEX [IX_blog_posts_status] ON [blog_posts] ([status]);
2026-02-14 16:14:43.398 -03:00 [INF] Executed DbCommand (150ms) [Parameters=[], CommandType='"Text"', CommandTimeout='60']
CREATE INDEX [IX_blog_posts_status_published_at] ON [blog_posts] ([status], [published_at]);
2026-02-14 16:14:43.549 -03:00 [INF] Executed DbCommand (150ms) [Parameters=[], CommandType='"Text"', CommandTimeout='60']
CREATE INDEX [IX_blog_posts_title] ON [blog_posts] ([title]);
2026-02-14 16:14:43.710 -03:00 [INF] Executed DbCommand (160ms) [Parameters=[], CommandType='"Text"', CommandTimeout='60']
INSERT INTO [__EFMigrationsHistory] ([MigrationId], [ProductVersion])
VALUES (N'20260214191102_AddApiKeysAndBlogPosts', N'8.0.11');
