2026-03-01 20:01:40.923 -03:00 [INF] EF Core SQL Server: DataSource=tcp:sql1002.site4now.net Database=db_aaf0a8_diaxcrm Encrypt=True TrustServerCertificate=true
2026-03-01 20:01:42.827 -03:00 [WRN] Sensitive data logging is enabled. Log entries and exception messages may include sensitive application data; this mode should only be enabled during development.
2026-03-01 20:02:13.547 -03:00 [INF] EF Core SQL Server: DataSource=tcp:sql1002.site4now.net Database=db_aaf0a8_diaxcrm Encrypt=True TrustServerCertificate=true
2026-03-01 20:02:14.835 -03:00 [WRN] Sensitive data logging is enabled. Log entries and exception messages may include sensitive application data; this mode should only be enabled during development.
2026-03-01 20:02:16.656 -03:00 [INF] Executed DbCommand (173ms) [Parameters=[], CommandType='"Text"', CommandTimeout='60']
SELECT 1
2026-03-01 20:02:16.848 -03:00 [INF] Executed DbCommand (173ms) [Parameters=[], CommandType='"Text"', CommandTimeout='60']
SELECT OBJECT_ID(N'[__EFMigrationsHistory]');
2026-03-01 20:02:17.093 -03:00 [INF] Executed DbCommand (236ms) [Parameters=[], CommandType='"Text"', CommandTimeout='60']
SELECT 1
2026-03-01 20:02:17.278 -03:00 [INF] Executed DbCommand (181ms) [Parameters=[], CommandType='"Text"', CommandTimeout='60']
SELECT OBJECT_ID(N'[__EFMigrationsHistory]');
2026-03-01 20:02:17.530 -03:00 [INF] Executed DbCommand (235ms) [Parameters=[], CommandType='"Text"', CommandTimeout='60']
SELECT [MigrationId], [ProductVersion]
FROM [__EFMigrationsHistory]
ORDER BY [MigrationId];
2026-03-01 20:02:17.551 -03:00 [INF] Applying migration '20260301230146_AddChecklistItemPaidAmount'.
2026-03-01 20:02:18.176 -03:00 [INF] Executed DbCommand (270ms) [Parameters=[], CommandType='"Text"', CommandTimeout='60']
DECLARE @var0 sysname;
SELECT @var0 = [d].[name]
FROM [sys].[default_constraints] [d]
INNER JOIN [sys].[columns] [c] ON [d].[parent_column_id] = [c].[column_id] AND [d].[parent_object_id] = [c].[object_id]
WHERE ([d].[parent_object_id] = OBJECT_ID(N'[email_campaigns]') AND [c].[name] = N'unsubscribe_count');
IF @var0 IS NOT NULL EXEC(N'ALTER TABLE [email_campaigns] DROP CONSTRAINT [' + @var0 + '];');
ALTER TABLE [email_campaigns] ADD DEFAULT 0 FOR [unsubscribe_count];
2026-03-01 20:02:18.363 -03:00 [INF] Executed DbCommand (181ms) [Parameters=[], CommandType='"Text"', CommandTimeout='60']
DECLARE @var1 sysname;
SELECT @var1 = [d].[name]
FROM [sys].[default_constraints] [d]
INNER JOIN [sys].[columns] [c] ON [d].[parent_column_id] = [c].[column_id] AND [d].[parent_object_id] = [c].[object_id]
WHERE ([d].[parent_object_id] = OBJECT_ID(N'[email_campaigns]') AND [c].[name] = N'delivered_count');
IF @var1 IS NOT NULL EXEC(N'ALTER TABLE [email_campaigns] DROP CONSTRAINT [' + @var1 + '];');
ALTER TABLE [email_campaigns] ADD DEFAULT 0 FOR [delivered_count];
2026-03-01 20:02:18.546 -03:00 [INF] Executed DbCommand (178ms) [Parameters=[], CommandType='"Text"', CommandTimeout='60']
DECLARE @var2 sysname;
SELECT @var2 = [d].[name]
FROM [sys].[default_constraints] [d]
INNER JOIN [sys].[columns] [c] ON [d].[parent_column_id] = [c].[column_id] AND [d].[parent_object_id] = [c].[object_id]
WHERE ([d].[parent_object_id] = OBJECT_ID(N'[email_campaigns]') AND [c].[name] = N'click_count');
IF @var2 IS NOT NULL EXEC(N'ALTER TABLE [email_campaigns] DROP CONSTRAINT [' + @var2 + '];');
ALTER TABLE [email_campaigns] ADD DEFAULT 0 FOR [click_count];
2026-03-01 20:02:18.730 -03:00 [INF] Executed DbCommand (179ms) [Parameters=[], CommandType='"Text"', CommandTimeout='60']
DECLARE @var3 sysname;
SELECT @var3 = [d].[name]
FROM [sys].[default_constraints] [d]
INNER JOIN [sys].[columns] [c] ON [d].[parent_column_id] = [c].[column_id] AND [d].[parent_object_id] = [c].[object_id]
WHERE ([d].[parent_object_id] = OBJECT_ID(N'[email_campaigns]') AND [c].[name] = N'bounce_count');
IF @var3 IS NOT NULL EXEC(N'ALTER TABLE [email_campaigns] DROP CONSTRAINT [' + @var3 + '];');
ALTER TABLE [email_campaigns] ADD DEFAULT 0 FOR [bounce_count];
2026-03-01 20:02:18.916 -03:00 [INF] Executed DbCommand (180ms) [Parameters=[], CommandType='"Text"', CommandTimeout='60']
ALTER TABLE [checklist_items] ADD [paid_amount] decimal(18,2) NULL;
2026-03-01 20:02:19.101 -03:00 [INF] Executed DbCommand (181ms) [Parameters=[], CommandType='"Text"', CommandTimeout='60']
INSERT INTO [__EFMigrationsHistory] ([MigrationId], [ProductVersion])
VALUES (N'20260301230146_AddChecklistItemPaidAmount', N'8.0.11');
