2026-01-11 21:09:13.590 -03:00 [INF] EF Core SQL Server: DataSource=(localdb)\MSSQLLocalDB Database=diax_crm_dev Encrypt=True TrustServerCertificate=true
2026-01-11 21:09:14.458 -03:00 [WRN] Sensitive data logging is enabled. Log entries and exception messages may include sensitive application data; this mode should only be enabled during development.
2026-01-11 21:09:17.095 -03:00 [INF] Executed DbCommand (22ms) [Parameters=[], CommandType='"Text"', CommandTimeout='60']
SELECT 1
2026-01-11 21:09:17.133 -03:00 [INF] Executed DbCommand (18ms) [Parameters=[], CommandType='"Text"', CommandTimeout='60']
SELECT OBJECT_ID(N'[__EFMigrationsHistory]');
2026-01-11 21:09:17.169 -03:00 [INF] Executed DbCommand (11ms) [Parameters=[], CommandType='"Text"', CommandTimeout='60']
SELECT [MigrationId], [ProductVersion]
FROM [__EFMigrationsHistory]
ORDER BY [MigrationId];
2026-01-11 21:09:28.991 -03:00 [INF] EF Core SQL Server: DataSource=(localdb)\MSSQLLocalDB Database=diax_crm_dev Encrypt=True TrustServerCertificate=true
2026-01-11 21:09:29.594 -03:00 [WRN] Sensitive data logging is enabled. Log entries and exception messages may include sensitive application data; this mode should only be enabled during development.
2026-01-11 21:09:30.048 -03:00 [INF] Executed DbCommand (18ms) [Parameters=[], CommandType='"Text"', CommandTimeout='60']
SELECT 1
2026-01-11 21:09:30.079 -03:00 [INF] Executed DbCommand (12ms) [Parameters=[], CommandType='"Text"', CommandTimeout='60']
SELECT OBJECT_ID(N'[__EFMigrationsHistory]');
2026-01-11 21:09:30.086 -03:00 [INF] Executed DbCommand (1ms) [Parameters=[], CommandType='"Text"', CommandTimeout='60']
SELECT 1
2026-01-11 21:09:30.092 -03:00 [INF] Executed DbCommand (1ms) [Parameters=[], CommandType='"Text"', CommandTimeout='60']
SELECT OBJECT_ID(N'[__EFMigrationsHistory]');
2026-01-11 21:09:30.119 -03:00 [INF] Executed DbCommand (8ms) [Parameters=[], CommandType='"Text"', CommandTimeout='60']
SELECT [MigrationId], [ProductVersion]
FROM [__EFMigrationsHistory]
ORDER BY [MigrationId];
2026-01-11 21:09:30.137 -03:00 [INF] No migrations were applied. The database is already up to date.
2026-01-11 21:09:46.325 -03:00 [WRN] Sensitive data logging is enabled. Log entries and exception messages may include sensitive application data; this mode should only be enabled during development.
2026-01-11 21:10:13.265 -03:00 [INF] EF Core SQL Server: DataSource=(localdb)\MSSQLLocalDB Database=diax_crm_dev Encrypt=True TrustServerCertificate=true
2026-01-11 21:10:13.843 -03:00 [WRN] Sensitive data logging is enabled. Log entries and exception messages may include sensitive application data; this mode should only be enabled during development.
2026-01-11 21:10:14.283 -03:00 [INF] Executed DbCommand (12ms) [Parameters=[], CommandType='"Text"', CommandTimeout='60']
SELECT 1
2026-01-11 21:10:14.301 -03:00 [INF] Executed DbCommand (9ms) [Parameters=[], CommandType='"Text"', CommandTimeout='60']
SELECT OBJECT_ID(N'[__EFMigrationsHistory]');
2026-01-11 21:10:14.304 -03:00 [INF] Executed DbCommand (1ms) [Parameters=[], CommandType='"Text"', CommandTimeout='60']
SELECT 1
2026-01-11 21:10:14.304 -03:00 [INF] Executed DbCommand (0ms) [Parameters=[], CommandType='"Text"', CommandTimeout='60']
SELECT OBJECT_ID(N'[__EFMigrationsHistory]');
2026-01-11 21:10:14.322 -03:00 [INF] Executed DbCommand (7ms) [Parameters=[], CommandType='"Text"', CommandTimeout='60']
SELECT [MigrationId], [ProductVersion]
FROM [__EFMigrationsHistory]
ORDER BY [MigrationId];
2026-01-11 21:10:14.334 -03:00 [INF] No migrations were applied. The database is already up to date.
2026-01-11 21:10:14.335 -03:00 [INF] Database migrations applied successfully.
2026-01-11 21:10:14.395 -03:00 [INF] AdminUserSeeder: checking if admin_users has any records...
2026-01-11 21:10:14.575 -03:00 [INF] Executed DbCommand (3ms) [Parameters=[], CommandType='"Text"', CommandTimeout='60']
SELECT CASE
    WHEN EXISTS (
        SELECT 1
        FROM [admin_users] AS [a]) THEN CAST(1 AS bit)
    ELSE CAST(0 AS bit)
END
2026-01-11 21:10:14.585 -03:00 [INF] AdminUserSeeder: Auth:AdminEmail = 'admin@alexandrequeiroz.com.br' (has value: true)
2026-01-11 21:10:14.586 -03:00 [INF] AdminUserSeeder: Auth:AdminPassword has value: true
2026-01-11 21:10:14.726 -03:00 [INF] Executed DbCommand (12ms) [Parameters=[@p0='bd389442-eaa0-4d29-ba1e-191e057cf2d3', @p1='2026-01-12T00:10:14.6009754Z', @p2='system' (Size = 100), @p3='admin@alexandrequeiroz.com.br' (Nullable = false) (Size = 255), @p4='True', @p5='PBKDF2$100000$fTC2O6pOkkF5nt7wt7ozqw==$snEvS9pJTrmkWtgIubsloFhrCTIsGkKRvDPcOL9Uubc=' (Nullable = false) (Size = 512), @p6=NULL (DbType = DateTime2), @p7=NULL (Size = 100)], CommandType='"Text"', CommandTimeout='60']
SET IMPLICIT_TRANSACTIONS OFF;
SET NOCOUNT ON;
INSERT INTO [admin_users] ([id], [created_at], [created_by], [email], [is_active], [password_hash], [updated_at], [updated_by])
VALUES (@p0, @p1, @p2, @p3, @p4, @p5, @p6, @p7);
2026-01-11 21:10:14.730 -03:00 [INF] AdminUserSeeder: Created initial admin user with email 'admin@alexandrequeiroz.com.br'.
2026-01-11 21:10:14.730 -03:00 [INF] AdminUserSeeder completed.
2026-01-11 21:10:21.477 -03:00 [INF] EF Core SQL Server: DataSource=(localdb)\MSSQLLocalDB Database=diax_crm_dev Encrypt=True TrustServerCertificate=true
2026-01-11 21:10:22.052 -03:00 [WRN] Sensitive data logging is enabled. Log entries and exception messages may include sensitive application data; this mode should only be enabled during development.
2026-01-11 21:10:22.447 -03:00 [INF] Executed DbCommand (13ms) [Parameters=[], CommandType='"Text"', CommandTimeout='60']
SELECT 1
2026-01-11 21:10:22.472 -03:00 [INF] Executed DbCommand (12ms) [Parameters=[], CommandType='"Text"', CommandTimeout='60']
SELECT OBJECT_ID(N'[__EFMigrationsHistory]');
2026-01-11 21:10:22.474 -03:00 [INF] Executed DbCommand (1ms) [Parameters=[], CommandType='"Text"', CommandTimeout='60']
SELECT 1
2026-01-11 21:10:22.475 -03:00 [INF] Executed DbCommand (0ms) [Parameters=[], CommandType='"Text"', CommandTimeout='60']
SELECT OBJECT_ID(N'[__EFMigrationsHistory]');
2026-01-11 21:10:22.495 -03:00 [INF] Executed DbCommand (8ms) [Parameters=[], CommandType='"Text"', CommandTimeout='60']
SELECT [MigrationId], [ProductVersion]
FROM [__EFMigrationsHistory]
ORDER BY [MigrationId];
2026-01-11 21:10:22.507 -03:00 [INF] No migrations were applied. The database is already up to date.
2026-01-11 21:10:22.508 -03:00 [INF] Database migrations applied successfully.
2026-01-11 21:10:22.511 -03:00 [INF] AdminUserSeeder: checking if admin_users has any records...
2026-01-11 21:10:22.677 -03:00 [INF] Executed DbCommand (2ms) [Parameters=[], CommandType='"Text"', CommandTimeout='60']
SELECT CASE
    WHEN EXISTS (
        SELECT 1
        FROM [admin_users] AS [a]) THEN CAST(1 AS bit)
    ELSE CAST(0 AS bit)
END
2026-01-11 21:10:22.686 -03:00 [INF] AdminUserSeeder: admin_users already has records, skipping seed.
2026-01-11 21:10:22.687 -03:00 [INF] AdminUserSeeder completed.
2026-01-11 21:10:22.831 -03:00 [INF] Iniciando DIAX CRM API...
2026-01-11 21:10:22.842 -03:00 [INF] User profile is available. Using 'C:\Users\acq20\AppData\Local\ASP.NET\DataProtection-Keys' as key repository and Windows DPAPI to encrypt keys at rest.
2026-01-11 21:10:23.208 -03:00 [INF] Creating key {186ef680-068b-43b4-964b-26de0f32410e} with creation date 2026-01-12 00:10:23Z, activation date 2026-01-12 00:10:22Z, and expiration date 2026-04-12 00:10:22Z.
2026-01-11 21:10:23.217 -03:00 [INF] Writing data to file 'C:\Users\acq20\AppData\Local\ASP.NET\DataProtection-Keys\key-186ef680-068b-43b4-964b-26de0f32410e.xml'.
2026-01-11 21:10:23.317 -03:00 [INF] Now listening on: http://localhost:5000
2026-01-11 21:10:23.317 -03:00 [INF] Application started. Press Ctrl+C to shut down.
2026-01-11 21:10:23.317 -03:00 [INF] Hosting environment: Development
2026-01-11 21:10:23.318 -03:00 [INF] Content root path: C:\Users\acq20\Desktop\Trabalho\Alexandre Queiroz Marketing Digital\DIAX\CRM\api-core\src\Diax.Api
2026-01-11 21:16:40.704 -03:00 [INF] Application is shutting down...
2026-01-11 21:27:24.334 -03:00 [WRN] Sensitive data logging is enabled. Log entries and exception messages may include sensitive application data; this mode should only be enabled during development.
2026-01-11 21:28:06.782 -03:00 [WRN] Sensitive data logging is enabled. Log entries and exception messages may include sensitive application data; this mode should only be enabled during development.
2026-01-11 21:29:02.339 -03:00 [WRN] Sensitive data logging is enabled. Log entries and exception messages may include sensitive application data; this mode should only be enabled during development.
