2026-02-24 21:03:51.434 -03:00 [INF] EF Core SQL Server: DataSource=tcp:sql1002.site4now.net Database=db_aaf0a8_diaxcrm Encrypt=True TrustServerCertificate=true
2026-02-24 21:03:52.272 -03:00 [WRN] Sensitive data logging is enabled. Log entries and exception messages may include sensitive application data; this mode should only be enabled during development.
2026-02-24 21:20:51.424 -03:00 [INF] EF Core SQL Server: DataSource=tcp:sql1002.site4now.net Database=db_aaf0a8_diaxcrm Encrypt=True TrustServerCertificate=true
2026-02-24 21:20:52.183 -03:00 [WRN] Sensitive data logging is enabled. Log entries and exception messages may include sensitive application data; this mode should only be enabled during development.
2026-02-24 21:20:53.916 -03:00 [INF] Executed DbCommand (173ms) [Parameters=[], CommandType='"Text"', CommandTimeout='60']
SELECT 1
2026-02-24 21:20:54.095 -03:00 [INF] Executed DbCommand (169ms) [Parameters=[], CommandType='"Text"', CommandTimeout='60']
SELECT OBJECT_ID(N'[__EFMigrationsHistory]');
2026-02-24 21:20:54.255 -03:00 [INF] Executed DbCommand (159ms) [Parameters=[], CommandType='"Text"', CommandTimeout='60']
SELECT 1
2026-02-24 21:20:54.416 -03:00 [INF] Executed DbCommand (161ms) [Parameters=[], CommandType='"Text"', CommandTimeout='60']
SELECT OBJECT_ID(N'[__EFMigrationsHistory]');
2026-02-24 21:20:54.590 -03:00 [INF] Executed DbCommand (162ms) [Parameters=[], CommandType='"Text"', CommandTimeout='60']
SELECT [MigrationId], [ProductVersion]
FROM [__EFMigrationsHistory]
ORDER BY [MigrationId];
2026-02-24 21:20:54.604 -03:00 [INF] Applying migration '20260225000353_AddOutreachModule'.
2026-02-24 21:20:55.252 -03:00 [INF] Executed DbCommand (237ms) [Parameters=[], CommandType='"Text"', CommandTimeout='60']
DECLARE @var0 sysname;
SELECT @var0 = [d].[name]
FROM [sys].[default_constraints] [d]
INNER JOIN [sys].[columns] [c] ON [d].[parent_column_id] = [c].[column_id] AND [d].[parent_object_id] = [c].[object_id]
WHERE ([d].[parent_object_id] = OBJECT_ID(N'[customers]') AND [c].[name] = N'email');
IF @var0 IS NOT NULL EXEC(N'ALTER TABLE [customers] DROP CONSTRAINT [' + @var0 + '];');
ALTER TABLE [customers] ALTER COLUMN [email] nvarchar(255) NULL;
2026-02-24 21:20:55.418 -03:00 [INF] Executed DbCommand (165ms) [Parameters=[], CommandType='"Text"', CommandTimeout='60']
ALTER TABLE [customers] ADD [email_opt_out] bit NOT NULL DEFAULT CAST(0 AS bit);
2026-02-24 21:20:55.585 -03:00 [INF] Executed DbCommand (167ms) [Parameters=[], CommandType='"Text"', CommandTimeout='60']
ALTER TABLE [customers] ADD [email_sent_count] int NOT NULL DEFAULT 0;
2026-02-24 21:20:55.748 -03:00 [INF] Executed DbCommand (162ms) [Parameters=[], CommandType='"Text"', CommandTimeout='60']
ALTER TABLE [customers] ADD [last_email_sent_at] datetime2 NULL;
2026-02-24 21:20:55.908 -03:00 [INF] Executed DbCommand (160ms) [Parameters=[], CommandType='"Text"', CommandTimeout='60']
ALTER TABLE [customers] ADD [lead_score] int NULL;
2026-02-24 21:20:56.070 -03:00 [INF] Executed DbCommand (161ms) [Parameters=[], CommandType='"Text"', CommandTimeout='60']
ALTER TABLE [customers] ADD [segment] int NULL;
2026-02-24 21:20:56.239 -03:00 [INF] Executed DbCommand (168ms) [Parameters=[], CommandType='"Text"', CommandTimeout='60']
CREATE TABLE [outreach_configs] (
    [id] uniqueidentifier NOT NULL,
    [user_id] uniqueidentifier NOT NULL,
    [apify_dataset_url] nvarchar(1000) NULL,
    [apify_api_token] nvarchar(500) NULL,
    [import_enabled] bit NOT NULL DEFAULT CAST(0 AS bit),
    [segmentation_enabled] bit NOT NULL DEFAULT CAST(0 AS bit),
    [send_enabled] bit NOT NULL DEFAULT CAST(0 AS bit),
    [daily_email_limit] int NOT NULL DEFAULT 200,
    [email_cooldown_days] int NOT NULL DEFAULT 7,
    [hot_template_subject] nvarchar(500) NULL,
    [hot_template_body] nvarchar(max) NULL,
    [warm_template_subject] nvarchar(500) NULL,
    [warm_template_body] nvarchar(max) NULL,
    [cold_template_subject] nvarchar(500) NULL,
    [cold_template_body] nvarchar(max) NULL,
    [created_at] datetime2 NOT NULL,
    [created_by] nvarchar(100) NULL,
    [updated_at] datetime2 NULL,
    [updated_by] nvarchar(100) NULL,
    CONSTRAINT [PK_outreach_configs] PRIMARY KEY ([id])
);
2026-02-24 21:20:56.404 -03:00 [INF] Executed DbCommand (164ms) [Parameters=[], CommandType='"Text"', CommandTimeout='60']
CREATE INDEX [IX_Customers_Segment_Status_OptOut] ON [customers] ([segment], [status], [email_opt_out]);
2026-02-24 21:20:56.565 -03:00 [INF] Executed DbCommand (160ms) [Parameters=[], CommandType='"Text"', CommandTimeout='60']
CREATE UNIQUE INDEX [IX_OutreachConfigs_UserId] ON [outreach_configs] ([user_id]);
2026-02-24 21:20:56.726 -03:00 [INF] Executed DbCommand (161ms) [Parameters=[], CommandType='"Text"', CommandTimeout='60']
INSERT INTO [__EFMigrationsHistory] ([MigrationId], [ProductVersion])
VALUES (N'20260225000353_AddOutreachModule', N'8.0.11');
2026-02-24 22:28:32.028 -03:00 [INF] EF Core SQL Server: DataSource=tcp:sql1002.site4now.net Database=db_aaf0a8_diaxcrm Encrypt=True TrustServerCertificate=true
2026-02-24 22:28:32.828 -03:00 [WRN] Sensitive data logging is enabled. Log entries and exception messages may include sensitive application data; this mode should only be enabled during development.
2026-02-24 22:36:11.551 -03:00 [INF] EF Core SQL Server: DataSource=tcp:sql1002.site4now.net Database=db_aaf0a8_diaxcrm Encrypt=True TrustServerCertificate=true
2026-02-24 22:36:12.446 -03:00 [WRN] Sensitive data logging is enabled. Log entries and exception messages may include sensitive application data; this mode should only be enabled during development.
2026-02-24 22:36:14.049 -03:00 [INF] Executed DbCommand (161ms) [Parameters=[], CommandType='"Text"', CommandTimeout='60']
SELECT 1
2026-02-24 22:36:14.230 -03:00 [INF] Executed DbCommand (173ms) [Parameters=[], CommandType='"Text"', CommandTimeout='60']
SELECT OBJECT_ID(N'[__EFMigrationsHistory]');
2026-02-24 22:36:14.382 -03:00 [INF] Executed DbCommand (150ms) [Parameters=[], CommandType='"Text"', CommandTimeout='60']
SELECT 1
2026-02-24 22:36:14.533 -03:00 [INF] Executed DbCommand (151ms) [Parameters=[], CommandType='"Text"', CommandTimeout='60']
SELECT OBJECT_ID(N'[__EFMigrationsHistory]');
2026-02-24 22:36:14.694 -03:00 [INF] Executed DbCommand (152ms) [Parameters=[], CommandType='"Text"', CommandTimeout='60']
SELECT [MigrationId], [ProductVersion]
FROM [__EFMigrationsHistory]
ORDER BY [MigrationId];
2026-02-24 22:36:14.706 -03:00 [INF] Applying migration '20260225012834_AddWhatsAppOutreach'.
2026-02-24 22:36:15.146 -03:00 [INF] Executed DbCommand (163ms) [Parameters=[], CommandType='"Text"', CommandTimeout='60']
ALTER TABLE [outreach_configs] ADD [daily_whats_app_limit] int NOT NULL DEFAULT 100;
2026-02-24 22:36:15.298 -03:00 [INF] Executed DbCommand (151ms) [Parameters=[], CommandType='"Text"', CommandTimeout='60']
ALTER TABLE [outreach_configs] ADD [whats_app_cold_template] nvarchar(4000) NULL;
2026-02-24 22:36:15.456 -03:00 [INF] Executed DbCommand (158ms) [Parameters=[], CommandType='"Text"', CommandTimeout='60']
ALTER TABLE [outreach_configs] ADD [whats_app_cooldown_days] int NOT NULL DEFAULT 3;
2026-02-24 22:36:15.610 -03:00 [INF] Executed DbCommand (154ms) [Parameters=[], CommandType='"Text"', CommandTimeout='60']
ALTER TABLE [outreach_configs] ADD [whats_app_follow_up_template] nvarchar(4000) NULL;
2026-02-24 22:36:15.768 -03:00 [INF] Executed DbCommand (157ms) [Parameters=[], CommandType='"Text"', CommandTimeout='60']
ALTER TABLE [outreach_configs] ADD [whats_app_hot_template] nvarchar(4000) NULL;
2026-02-24 22:36:15.936 -03:00 [INF] Executed DbCommand (167ms) [Parameters=[], CommandType='"Text"', CommandTimeout='60']
ALTER TABLE [outreach_configs] ADD [whats_app_send_enabled] bit NOT NULL DEFAULT CAST(0 AS bit);
2026-02-24 22:36:16.087 -03:00 [INF] Executed DbCommand (151ms) [Parameters=[], CommandType='"Text"', CommandTimeout='60']
ALTER TABLE [outreach_configs] ADD [whats_app_warm_template] nvarchar(4000) NULL;
2026-02-24 22:36:16.241 -03:00 [INF] Executed DbCommand (153ms) [Parameters=[], CommandType='"Text"', CommandTimeout='60']
ALTER TABLE [customers] ADD [last_whats_app_sent_at] datetime2 NULL;
2026-02-24 22:36:16.395 -03:00 [INF] Executed DbCommand (154ms) [Parameters=[], CommandType='"Text"', CommandTimeout='60']
ALTER TABLE [customers] ADD [whats_app_opt_out] bit NOT NULL DEFAULT CAST(0 AS bit);
2026-02-24 22:36:16.550 -03:00 [INF] Executed DbCommand (154ms) [Parameters=[], CommandType='"Text"', CommandTimeout='60']
ALTER TABLE [customers] ADD [whats_app_sent_count] int NOT NULL DEFAULT 0;
2026-02-24 22:36:16.723 -03:00 [INF] Executed DbCommand (173ms) [Parameters=[], CommandType='"Text"', CommandTimeout='60']
CREATE INDEX [IX_Customers_Segment_Status_WhatsAppOptOut] ON [customers] ([segment], [status], [whats_app_opt_out]);
2026-02-24 22:36:16.876 -03:00 [INF] Executed DbCommand (153ms) [Parameters=[], CommandType='"Text"', CommandTimeout='60']
INSERT INTO [__EFMigrationsHistory] ([MigrationId], [ProductVersion])
VALUES (N'20260225012834_AddWhatsAppOutreach', N'8.0.11');
