2026-02-26 09:55:26.536 -03:00 [INF] Executed DbCommand (167ms) [Parameters=[], CommandType='"Text"', CommandTimeout='60']
SELECT 1
2026-02-26 09:55:26.738 -03:00 [INF] Executed DbCommand (170ms) [Parameters=[], CommandType='"Text"', CommandTimeout='60']
SELECT OBJECT_ID(N'[__EFMigrationsHistory]');
2026-02-26 09:55:26.906 -03:00 [INF] Executed DbCommand (160ms) [Parameters=[], CommandType='"Text"', CommandTimeout='60']
SELECT [MigrationId], [ProductVersion]
FROM [__EFMigrationsHistory]
ORDER BY [MigrationId];
2026-02-26 23:05:47.089 -03:00 [INF] EF Core SQL Server: DataSource=tcp:sql1002.site4now.net Database=db_aaf0a8_diaxcrm Encrypt=True TrustServerCertificate=true
2026-02-26 23:05:47.923 -03:00 [WRN] Sensitive data logging is enabled. Log entries and exception messages may include sensitive application data; this mode should only be enabled during development.
2026-02-26 23:06:00.918 -03:00 [INF] EF Core SQL Server: DataSource=tcp:sql1002.site4now.net Database=db_aaf0a8_diaxcrm Encrypt=True TrustServerCertificate=true
2026-02-26 23:06:01.766 -03:00 [WRN] Sensitive data logging is enabled. Log entries and exception messages may include sensitive application data; this mode should only be enabled during development.
2026-02-26 23:06:03.438 -03:00 [INF] Executed DbCommand (169ms) [Parameters=[], CommandType='"Text"', CommandTimeout='60']
SELECT 1
2026-02-26 23:06:03.614 -03:00 [INF] Executed DbCommand (165ms) [Parameters=[], CommandType='"Text"', CommandTimeout='60']
SELECT OBJECT_ID(N'[__EFMigrationsHistory]');
2026-02-26 23:06:03.772 -03:00 [INF] Executed DbCommand (156ms) [Parameters=[], CommandType='"Text"', CommandTimeout='60']
SELECT 1
2026-02-26 23:06:03.930 -03:00 [INF] Executed DbCommand (158ms) [Parameters=[], CommandType='"Text"', CommandTimeout='60']
SELECT OBJECT_ID(N'[__EFMigrationsHistory]');
2026-02-26 23:06:04.106 -03:00 [INF] Executed DbCommand (162ms) [Parameters=[], CommandType='"Text"', CommandTimeout='60']
SELECT [MigrationId], [ProductVersion]
FROM [__EFMigrationsHistory]
ORDER BY [MigrationId];
2026-02-26 23:06:04.122 -03:00 [INF] Applying migration '20260227020549_AddFacebookAdsModule'.
2026-02-26 23:06:04.666 -03:00 [INF] Executed DbCommand (164ms) [Parameters=[], CommandType='"Text"', CommandTimeout='60']
CREATE TABLE [facebook_ad_accounts] (
    [id] uniqueidentifier NOT NULL,
    [user_id] uniqueidentifier NOT NULL,
    [ad_account_id] nvarchar(256) NOT NULL,
    [access_token] nvarchar(256) NOT NULL,
    [account_name] nvarchar(256) NOT NULL,
    [currency] nvarchar(256) NOT NULL,
    [timezone] nvarchar(256) NOT NULL,
    [account_status] nvarchar(256) NOT NULL,
    [is_active] bit NOT NULL,
    [last_sync_at] datetime2 NULL,
    [created_at] datetime2 NOT NULL,
    [created_by] nvarchar(256) NULL,
    [updated_at] datetime2 NULL,
    [updated_by] nvarchar(256) NULL,
    CONSTRAINT [PK_facebook_ad_accounts] PRIMARY KEY ([id])
);
2026-02-26 23:06:04.829 -03:00 [INF] Executed DbCommand (162ms) [Parameters=[], CommandType='"Text"', CommandTimeout='60']
CREATE INDEX [IX_facebook_ad_accounts_user_id] ON [facebook_ad_accounts] ([user_id]);
2026-02-26 23:06:04.986 -03:00 [INF] Executed DbCommand (156ms) [Parameters=[], CommandType='"Text"', CommandTimeout='60']
INSERT INTO [__EFMigrationsHistory] ([MigrationId], [ProductVersion])
VALUES (N'20260227020549_AddFacebookAdsModule', N'8.0.11');
2026-02-26 23:06:37.956 -03:00 [INF] EF Core SQL Server: DataSource=tcp:sql1002.site4now.net Database=db_aaf0a8_diaxcrm Encrypt=True TrustServerCertificate=true
2026-02-26 23:06:38.884 -03:00 [WRN] Sensitive data logging is enabled. Log entries and exception messages may include sensitive application data; this mode should only be enabled during development.
2026-02-26 23:06:51.765 -03:00 [INF] EF Core SQL Server: DataSource=tcp:sql1002.site4now.net Database=db_aaf0a8_diaxcrm Encrypt=True TrustServerCertificate=true
2026-02-26 23:07:02.792 -03:00 [INF] EF Core SQL Server: DataSource=tcp:sql1002.site4now.net Database=db_aaf0a8_diaxcrm Encrypt=True TrustServerCertificate=true
2026-02-26 23:07:04.085 -03:00 [WRN] Sensitive data logging is enabled. Log entries and exception messages may include sensitive application data; this mode should only be enabled during development.
2026-02-26 23:07:05.770 -03:00 [INF] Executed DbCommand (160ms) [Parameters=[], CommandType='"Text"', CommandTimeout='60']
SELECT 1
2026-02-26 23:07:05.943 -03:00 [INF] Executed DbCommand (160ms) [Parameters=[], CommandType='"Text"', CommandTimeout='60']
SELECT OBJECT_ID(N'[__EFMigrationsHistory]');
2026-02-26 23:07:06.104 -03:00 [INF] Executed DbCommand (160ms) [Parameters=[], CommandType='"Text"', CommandTimeout='60']
SELECT 1
2026-02-26 23:07:06.256 -03:00 [INF] Executed DbCommand (151ms) [Parameters=[], CommandType='"Text"', CommandTimeout='60']
SELECT OBJECT_ID(N'[__EFMigrationsHistory]');
2026-02-26 23:07:06.421 -03:00 [INF] Executed DbCommand (157ms) [Parameters=[], CommandType='"Text"', CommandTimeout='60']
SELECT [MigrationId], [ProductVersion]
FROM [__EFMigrationsHistory]
ORDER BY [MigrationId];
2026-02-26 23:07:06.431 -03:00 [INF] Applying migration '20260227020641_FixFacebookAdAccountTokenLength'.
2026-02-26 23:07:07.024 -03:00 [INF] Executed DbCommand (196ms) [Parameters=[], CommandType='"Text"', CommandTimeout='60']
DECLARE @var0 sysname;
SELECT @var0 = [d].[name]
FROM [sys].[default_constraints] [d]
INNER JOIN [sys].[columns] [c] ON [d].[parent_column_id] = [c].[column_id] AND [d].[parent_object_id] = [c].[object_id]
WHERE ([d].[parent_object_id] = OBJECT_ID(N'[facebook_ad_accounts]') AND [c].[name] = N'timezone');
IF @var0 IS NOT NULL EXEC(N'ALTER TABLE [facebook_ad_accounts] DROP CONSTRAINT [' + @var0 + '];');
ALTER TABLE [facebook_ad_accounts] ALTER COLUMN [timezone] nvarchar(64) NOT NULL;
2026-02-26 23:07:07.199 -03:00 [INF] Executed DbCommand (173ms) [Parameters=[], CommandType='"Text"', CommandTimeout='60']
DECLARE @var1 sysname;
SELECT @var1 = [d].[name]
FROM [sys].[default_constraints] [d]
INNER JOIN [sys].[columns] [c] ON [d].[parent_column_id] = [c].[column_id] AND [d].[parent_object_id] = [c].[object_id]
WHERE ([d].[parent_object_id] = OBJECT_ID(N'[facebook_ad_accounts]') AND [c].[name] = N'currency');
IF @var1 IS NOT NULL EXEC(N'ALTER TABLE [facebook_ad_accounts] DROP CONSTRAINT [' + @var1 + '];');
ALTER TABLE [facebook_ad_accounts] ALTER COLUMN [currency] nvarchar(10) NOT NULL;
2026-02-26 23:07:07.371 -03:00 [INF] Executed DbCommand (172ms) [Parameters=[], CommandType='"Text"', CommandTimeout='60']
DECLARE @var2 sysname;
SELECT @var2 = [d].[name]
FROM [sys].[default_constraints] [d]
INNER JOIN [sys].[columns] [c] ON [d].[parent_column_id] = [c].[column_id] AND [d].[parent_object_id] = [c].[object_id]
WHERE ([d].[parent_object_id] = OBJECT_ID(N'[facebook_ad_accounts]') AND [c].[name] = N'ad_account_id');
IF @var2 IS NOT NULL EXEC(N'ALTER TABLE [facebook_ad_accounts] DROP CONSTRAINT [' + @var2 + '];');
ALTER TABLE [facebook_ad_accounts] ALTER COLUMN [ad_account_id] nvarchar(64) NOT NULL;
2026-02-26 23:07:07.542 -03:00 [INF] Executed DbCommand (170ms) [Parameters=[], CommandType='"Text"', CommandTimeout='60']
DECLARE @var3 sysname;
SELECT @var3 = [d].[name]
FROM [sys].[default_constraints] [d]
INNER JOIN [sys].[columns] [c] ON [d].[parent_column_id] = [c].[column_id] AND [d].[parent_object_id] = [c].[object_id]
WHERE ([d].[parent_object_id] = OBJECT_ID(N'[facebook_ad_accounts]') AND [c].[name] = N'account_status');
IF @var3 IS NOT NULL EXEC(N'ALTER TABLE [facebook_ad_accounts] DROP CONSTRAINT [' + @var3 + '];');
ALTER TABLE [facebook_ad_accounts] ALTER COLUMN [account_status] nvarchar(32) NOT NULL;
2026-02-26 23:07:07.711 -03:00 [INF] Executed DbCommand (169ms) [Parameters=[], CommandType='"Text"', CommandTimeout='60']
DECLARE @var4 sysname;
SELECT @var4 = [d].[name]
FROM [sys].[default_constraints] [d]
INNER JOIN [sys].[columns] [c] ON [d].[parent_column_id] = [c].[column_id] AND [d].[parent_object_id] = [c].[object_id]
WHERE ([d].[parent_object_id] = OBJECT_ID(N'[facebook_ad_accounts]') AND [c].[name] = N'access_token');
IF @var4 IS NOT NULL EXEC(N'ALTER TABLE [facebook_ad_accounts] DROP CONSTRAINT [' + @var4 + '];');
ALTER TABLE [facebook_ad_accounts] ALTER COLUMN [access_token] nvarchar(1024) NOT NULL;
2026-02-26 23:07:07.861 -03:00 [INF] Executed DbCommand (149ms) [Parameters=[], CommandType='"Text"', CommandTimeout='60']
INSERT INTO [__EFMigrationsHistory] ([MigrationId], [ProductVersion])
VALUES (N'20260227020641_FixFacebookAdAccountTokenLength', N'8.0.11');
