2026-01-28 04:28:36.534 -03:00 [INF] EF Core SQL Server: DataSource=(localdb)\MSSQLLocalDB Database=diax_crm_dev Encrypt=True TrustServerCertificate=true
2026-01-28 04:28:37.096 -03:00 [WRN] Sensitive data logging is enabled. Log entries and exception messages may include sensitive application data; this mode should only be enabled during development.
2026-01-28 04:30:11.702 -03:00 [INF] EF Core SQL Server: DataSource=(localdb)\MSSQLLocalDB Database=diax_crm_dev Encrypt=True TrustServerCertificate=true
2026-01-28 04:30:12.234 -03:00 [WRN] Sensitive data logging is enabled. Log entries and exception messages may include sensitive application data; this mode should only be enabled during development.
2026-01-28 04:30:13.763 -03:00 [INF] Executed DbCommand (14ms) [Parameters=[], CommandType='"Text"', CommandTimeout='60']
SELECT 1
2026-01-28 04:30:13.786 -03:00 [INF] Executed DbCommand (10ms) [Parameters=[], CommandType='"Text"', CommandTimeout='60']
SELECT OBJECT_ID(N'[__EFMigrationsHistory]');
2026-01-28 04:30:13.791 -03:00 [INF] Executed DbCommand (1ms) [Parameters=[], CommandType='"Text"', CommandTimeout='60']
SELECT 1
2026-01-28 04:30:13.795 -03:00 [INF] Executed DbCommand (0ms) [Parameters=[], CommandType='"Text"', CommandTimeout='60']
SELECT OBJECT_ID(N'[__EFMigrationsHistory]');
2026-01-28 04:30:13.819 -03:00 [INF] Executed DbCommand (8ms) [Parameters=[], CommandType='"Text"', CommandTimeout='60']
SELECT [MigrationId], [ProductVersion]
FROM [__EFMigrationsHistory]
ORDER BY [MigrationId];
2026-01-28 04:30:13.835 -03:00 [INF] Applying migration '20260128072838_AddCreatedIncomeIdToImportedTransactions'.
2026-01-28 04:30:13.913 -03:00 [INF] Executed DbCommand (3ms) [Parameters=[], CommandType='"Text"', CommandTimeout='60']
ALTER TABLE [imported_transactions] ADD [created_income_id] uniqueidentifier NULL;
2026-01-28 04:30:13.955 -03:00 [INF] Executed DbCommand (38ms) [Parameters=[], CommandType='"Text"', CommandTimeout='60']
DECLARE @var0 sysname;
SELECT @var0 = [d].[name]
FROM [sys].[default_constraints] [d]
INNER JOIN [sys].[columns] [c] ON [d].[parent_column_id] = [c].[column_id] AND [d].[parent_object_id] = [c].[object_id]
WHERE ([d].[parent_object_id] = OBJECT_ID(N'[expenses]') AND [c].[name] = N'category');
IF @var0 IS NOT NULL EXEC(N'ALTER TABLE [expenses] DROP CONSTRAINT [' + @var0 + '];');
ALTER TABLE [expenses] ALTER COLUMN [category] nvarchar(256) NULL;
2026-01-28 04:30:13.961 -03:00 [INF] Executed DbCommand (2ms) [Parameters=[], CommandType='"Text"', CommandTimeout='60']
CREATE INDEX [IX_imported_transactions_created_income_id] ON [imported_transactions] ([created_income_id]);
2026-01-28 04:30:13.966 -03:00 [INF] Executed DbCommand (2ms) [Parameters=[], CommandType='"Text"', CommandTimeout='60']
ALTER TABLE [imported_transactions] ADD CONSTRAINT [FK_imported_transactions_incomes_created_income_id] FOREIGN KEY ([created_income_id]) REFERENCES [incomes] ([id]);
2026-01-28 04:30:13.971 -03:00 [INF] Executed DbCommand (1ms) [Parameters=[], CommandType='"Text"', CommandTimeout='60']
INSERT INTO [__EFMigrationsHistory] ([MigrationId], [ProductVersion])
VALUES (N'20260128072838_AddCreatedIncomeIdToImportedTransactions', N'8.0.11');
