2026-02-15 11:19:24.829 -03:00 [WRN] Sensitive data logging is enabled. Log entries and exception messages may include sensitive application data; this mode should only be enabled during development.
2026-02-15 16:35:42.367 -03:00 [INF] EF Core SQL Server: DataSource=tcp:sql1002.site4now.net Database=db_aaf0a8_diaxcrm Encrypt=True TrustServerCertificate=true
2026-02-15 16:35:43.551 -03:00 [WRN] Sensitive data logging is enabled. Log entries and exception messages may include sensitive application data; this mode should only be enabled during development.
2026-02-15 21:22:38.148 -03:00 [INF] EF Core SQL Server: DataSource=tcp:sql1002.site4now.net Database=db_aaf0a8_diaxcrm Encrypt=True TrustServerCertificate=true
2026-02-15 21:22:38.973 -03:00 [WRN] Sensitive data logging is enabled. Log entries and exception messages may include sensitive application data; this mode should only be enabled during development.
2026-02-15 21:22:41.511 -03:00 [INF] Executed DbCommand (176ms) [Parameters=[], CommandType='"Text"', CommandTimeout='60']
SELECT 1
2026-02-15 21:22:41.703 -03:00 [INF] Executed DbCommand (171ms) [Parameters=[], CommandType='"Text"', CommandTimeout='60']
SELECT OBJECT_ID(N'[__EFMigrationsHistory]');
2026-02-15 21:22:41.902 -03:00 [INF] Executed DbCommand (186ms) [Parameters=[], CommandType='"Text"', CommandTimeout='60']
SELECT [MigrationId], [ProductVersion]
FROM [__EFMigrationsHistory]
ORDER BY [MigrationId];
2026-02-15 21:22:42.068 -03:00 [INF] Executed DbCommand (160ms) [Parameters=[], CommandType='"Text"', CommandTimeout='60']
SELECT 1
2026-02-15 21:22:42.228 -03:00 [INF] Executed DbCommand (159ms) [Parameters=[], CommandType='"Text"', CommandTimeout='60']
SELECT OBJECT_ID(N'[__EFMigrationsHistory]');
2026-02-15 21:22:42.388 -03:00 [INF] Executed DbCommand (160ms) [Parameters=[], CommandType='"Text"', CommandTimeout='60']
SELECT 1
2026-02-15 21:22:42.554 -03:00 [INF] Executed DbCommand (165ms) [Parameters=[], CommandType='"Text"', CommandTimeout='60']
SELECT OBJECT_ID(N'[__EFMigrationsHistory]');
2026-02-15 21:22:42.713 -03:00 [INF] Executed DbCommand (158ms) [Parameters=[], CommandType='"Text"', CommandTimeout='60']
SELECT [MigrationId], [ProductVersion]
FROM [__EFMigrationsHistory]
ORDER BY [MigrationId];
2026-02-15 21:22:42.724 -03:00 [INF] Reverting migration '20260215193548_AddCustomerImportsTable'.
2026-02-15 21:22:43.143 -03:00 [INF] Executed DbCommand (163ms) [Parameters=[], CommandType='"Text"', CommandTimeout='60']
DELETE FROM [__EFMigrationsHistory]
WHERE [MigrationId] = N'20260215193548_AddCustomerImportsTable';
2026-02-15 21:23:08.503 -03:00 [INF] EF Core SQL Server: DataSource=tcp:sql1002.site4now.net Database=db_aaf0a8_diaxcrm Encrypt=True TrustServerCertificate=true
2026-02-15 21:23:09.378 -03:00 [WRN] Sensitive data logging is enabled. Log entries and exception messages may include sensitive application data; this mode should only be enabled during development.
2026-02-15 21:23:42.062 -03:00 [INF] EF Core SQL Server: DataSource=tcp:sql1002.site4now.net Database=db_aaf0a8_diaxcrm Encrypt=True TrustServerCertificate=true
2026-02-15 21:23:43.015 -03:00 [WRN] Sensitive data logging is enabled. Log entries and exception messages may include sensitive application data; this mode should only be enabled during development.
2026-02-15 21:23:44.568 -03:00 [INF] Executed DbCommand (176ms) [Parameters=[], CommandType='"Text"', CommandTimeout='60']
SELECT 1
2026-02-15 21:23:44.751 -03:00 [INF] Executed DbCommand (170ms) [Parameters=[], CommandType='"Text"', CommandTimeout='60']
SELECT OBJECT_ID(N'[__EFMigrationsHistory]');
2026-02-15 21:23:44.914 -03:00 [INF] Executed DbCommand (162ms) [Parameters=[], CommandType='"Text"', CommandTimeout='60']
SELECT 1
2026-02-15 21:23:45.081 -03:00 [INF] Executed DbCommand (166ms) [Parameters=[], CommandType='"Text"', CommandTimeout='60']
SELECT OBJECT_ID(N'[__EFMigrationsHistory]');
2026-02-15 21:23:45.254 -03:00 [INF] Executed DbCommand (159ms) [Parameters=[], CommandType='"Text"', CommandTimeout='60']
SELECT [MigrationId], [ProductVersion]
FROM [__EFMigrationsHistory]
ORDER BY [MigrationId];
2026-02-15 21:23:45.269 -03:00 [INF] Applying migration '20260216002310_AddCustomerImportsTable'.
2026-02-15 21:23:45.736 -03:00 [INF] Executed DbCommand (162ms) [Parameters=[], CommandType='"Text"', CommandTimeout='60']
CREATE TABLE [customer_imports] (
    [id] uniqueidentifier NOT NULL,
    [file_name] nvarchar(500) NOT NULL,
    [type] int NOT NULL,
    [status] int NOT NULL,
    [total_records] int NOT NULL,
    [success_count] int NOT NULL,
    [failed_count] int NOT NULL,
    [error_details] nvarchar(max) NULL,
    [created_at] datetime2 NOT NULL,
    [created_by] nvarchar(100) NULL,
    [updated_at] datetime2 NULL,
    [updated_by] nvarchar(100) NULL,
    CONSTRAINT [PK_customer_imports] PRIMARY KEY ([id])
);
2026-02-15 21:23:45.898 -03:00 [INF] Executed DbCommand (161ms) [Parameters=[], CommandType='"Text"', CommandTimeout='60']
CREATE INDEX [IX_CustomerImports_CreatedAt] ON [customer_imports] ([created_at]);
2026-02-15 21:23:46.057 -03:00 [INF] Executed DbCommand (159ms) [Parameters=[], CommandType='"Text"', CommandTimeout='60']
CREATE INDEX [IX_CustomerImports_Status] ON [customer_imports] ([status]);
2026-02-15 21:23:46.216 -03:00 [INF] Executed DbCommand (159ms) [Parameters=[], CommandType='"Text"', CommandTimeout='60']
INSERT INTO [__EFMigrationsHistory] ([MigrationId], [ProductVersion])
VALUES (N'20260216002310_AddCustomerImportsTable', N'8.0.11');
2026-02-15 21:24:08.899 -03:00 [INF] EF Core SQL Server: DataSource=tcp:sql1002.site4now.net Database=db_aaf0a8_diaxcrm Encrypt=True TrustServerCertificate=true
2026-02-15 21:24:09.876 -03:00 [WRN] Sensitive data logging is enabled. Log entries and exception messages may include sensitive application data; this mode should only be enabled during development.
2026-02-15 21:50:44.172 -03:00 [INF] EF Core SQL Server: DataSource=tcp:sql1002.site4now.net Database=db_aaf0a8_diaxcrm Encrypt=True TrustServerCertificate=true
2026-02-15 21:50:46.207 -03:00 [WRN] Sensitive data logging is enabled. Log entries and exception messages may include sensitive application data; this mode should only be enabled during development.
2026-02-15 21:51:46.324 -03:00 [INF] EF Core SQL Server: DataSource=tcp:sql1002.site4now.net Database=db_aaf0a8_diaxcrm Encrypt=True TrustServerCertificate=true
2026-02-15 21:51:48.052 -03:00 [WRN] Sensitive data logging is enabled. Log entries and exception messages may include sensitive application data; this mode should only be enabled during development.
2026-02-15 21:51:50.190 -03:00 [INF] Executed DbCommand (183ms) [Parameters=[], CommandType='"Text"', CommandTimeout='60']
SELECT 1
2026-02-15 21:51:50.399 -03:00 [INF] Executed DbCommand (173ms) [Parameters=[], CommandType='"Text"', CommandTimeout='60']
SELECT OBJECT_ID(N'[__EFMigrationsHistory]');
2026-02-15 21:51:50.555 -03:00 [INF] Executed DbCommand (155ms) [Parameters=[], CommandType='"Text"', CommandTimeout='60']
SELECT 1
2026-02-15 21:51:50.709 -03:00 [INF] Executed DbCommand (153ms) [Parameters=[], CommandType='"Text"', CommandTimeout='60']
SELECT OBJECT_ID(N'[__EFMigrationsHistory]');
2026-02-15 21:51:50.882 -03:00 [INF] Executed DbCommand (153ms) [Parameters=[], CommandType='"Text"', CommandTimeout='60']
SELECT [MigrationId], [ProductVersion]
FROM [__EFMigrationsHistory]
ORDER BY [MigrationId];
2026-02-15 21:51:50.915 -03:00 [INF] Applying migration '20260216005049_UpdateCustomerPhoneColumnsAndEmailIndex'.
2026-02-15 21:51:51.598 -03:00 [INF] Executed DbCommand (157ms) [Parameters=[], CommandType='"Text"', CommandTimeout='60']
DROP INDEX [IX_Customers_Email] ON [customers];
2026-02-15 21:51:51.818 -03:00 [INF] Executed DbCommand (219ms) [Parameters=[], CommandType='"Text"', CommandTimeout='60']
DECLARE @var0 sysname;
SELECT @var0 = [d].[name]
FROM [sys].[default_constraints] [d]
INNER JOIN [sys].[columns] [c] ON [d].[parent_column_id] = [c].[column_id] AND [d].[parent_object_id] = [c].[object_id]
WHERE ([d].[parent_object_id] = OBJECT_ID(N'[customers]') AND [c].[name] = N'whats_app');
IF @var0 IS NOT NULL EXEC(N'ALTER TABLE [customers] DROP CONSTRAINT [' + @var0 + '];');
ALTER TABLE [customers] ALTER COLUMN [whats_app] nvarchar(50) NULL;
2026-02-15 21:51:52.018 -03:00 [INF] Executed DbCommand (197ms) [Parameters=[], CommandType='"Text"', CommandTimeout='60']
DECLARE @var1 sysname;
SELECT @var1 = [d].[name]
FROM [sys].[default_constraints] [d]
INNER JOIN [sys].[columns] [c] ON [d].[parent_column_id] = [c].[column_id] AND [d].[parent_object_id] = [c].[object_id]
WHERE ([d].[parent_object_id] = OBJECT_ID(N'[customers]') AND [c].[name] = N'phone');
IF @var1 IS NOT NULL EXEC(N'ALTER TABLE [customers] DROP CONSTRAINT [' + @var1 + '];');
ALTER TABLE [customers] ALTER COLUMN [phone] nvarchar(50) NULL;
2026-02-15 21:51:52.190 -03:00 [ERR] Failed executing DbCommand (170ms) [Parameters=[], CommandType='"Text"', CommandTimeout='60']
CREATE UNIQUE INDEX [IX_Customers_Email] ON [customers] ([email]) WHERE [email] NOT LIKE 'sem-email-%@placeholder.local';
2026-02-15 21:52:50.818 -03:00 [INF] EF Core SQL Server: DataSource=tcp:sql1002.site4now.net Database=db_aaf0a8_diaxcrm Encrypt=True TrustServerCertificate=true
2026-02-15 21:52:51.715 -03:00 [WRN] Sensitive data logging is enabled. Log entries and exception messages may include sensitive application data; this mode should only be enabled during development.
2026-02-15 21:52:54.751 -03:00 [INF] Executed DbCommand (175ms) [Parameters=[], CommandType='"Text"', CommandTimeout='60']
SELECT 1
2026-02-15 21:52:54.937 -03:00 [INF] Executed DbCommand (169ms) [Parameters=[], CommandType='"Text"', CommandTimeout='60']
SELECT OBJECT_ID(N'[__EFMigrationsHistory]');
2026-02-15 21:52:55.236 -03:00 [INF] Executed DbCommand (156ms) [Parameters=[], CommandType='"Text"', CommandTimeout='60']
SELECT [MigrationId], [ProductVersion]
FROM [__EFMigrationsHistory]
ORDER BY [MigrationId];
2026-02-15 21:53:44.477 -03:00 [INF] EF Core SQL Server: DataSource=tcp:sql1002.site4now.net Database=db_aaf0a8_diaxcrm Encrypt=True TrustServerCertificate=true
2026-02-15 21:53:45.282 -03:00 [WRN] Sensitive data logging is enabled. Log entries and exception messages may include sensitive application data; this mode should only be enabled during development.
2026-02-15 21:54:54.968 -03:00 [INF] EF Core SQL Server: DataSource=tcp:sql1002.site4now.net Database=db_aaf0a8_diaxcrm Encrypt=True TrustServerCertificate=true
2026-02-15 21:55:01.931 -03:00 [WRN] Sensitive data logging is enabled. Log entries and exception messages may include sensitive application data; this mode should only be enabled during development.
2026-02-15 21:55:04.750 -03:00 [INF] Executed DbCommand (198ms) [Parameters=[], CommandType='"Text"', CommandTimeout='60']
SELECT 1
2026-02-15 21:55:04.957 -03:00 [INF] Executed DbCommand (180ms) [Parameters=[], CommandType='"Text"', CommandTimeout='60']
SELECT OBJECT_ID(N'[__EFMigrationsHistory]');
2026-02-15 21:55:05.127 -03:00 [INF] Executed DbCommand (166ms) [Parameters=[], CommandType='"Text"', CommandTimeout='60']
SELECT 1
2026-02-15 21:55:05.287 -03:00 [INF] Executed DbCommand (160ms) [Parameters=[], CommandType='"Text"', CommandTimeout='60']
SELECT OBJECT_ID(N'[__EFMigrationsHistory]');
2026-02-15 21:55:05.470 -03:00 [INF] Executed DbCommand (160ms) [Parameters=[], CommandType='"Text"', CommandTimeout='60']
SELECT [MigrationId], [ProductVersion]
FROM [__EFMigrationsHistory]
ORDER BY [MigrationId];
2026-02-15 21:55:05.491 -03:00 [INF] Applying migration '20260216005346_UpdateCustomerPhoneColumnsSize'.
2026-02-15 21:55:06.013 -03:00 [INF] Executed DbCommand (159ms) [Parameters=[], CommandType='"Text"', CommandTimeout='60']
DROP INDEX [IX_Customers_Email] ON [customers];
2026-02-15 21:55:06.177 -03:00 [INF] Executed DbCommand (163ms) [Parameters=[], CommandType='"Text"', CommandTimeout='60']
DECLARE @var0 sysname;
SELECT @var0 = [d].[name]
FROM [sys].[default_constraints] [d]
INNER JOIN [sys].[columns] [c] ON [d].[parent_column_id] = [c].[column_id] AND [d].[parent_object_id] = [c].[object_id]
WHERE ([d].[parent_object_id] = OBJECT_ID(N'[customers]') AND [c].[name] = N'whats_app');
IF @var0 IS NOT NULL EXEC(N'ALTER TABLE [customers] DROP CONSTRAINT [' + @var0 + '];');
ALTER TABLE [customers] ALTER COLUMN [whats_app] nvarchar(50) NULL;
2026-02-15 21:55:06.340 -03:00 [INF] Executed DbCommand (162ms) [Parameters=[], CommandType='"Text"', CommandTimeout='60']
DECLARE @var1 sysname;
SELECT @var1 = [d].[name]
FROM [sys].[default_constraints] [d]
INNER JOIN [sys].[columns] [c] ON [d].[parent_column_id] = [c].[column_id] AND [d].[parent_object_id] = [c].[object_id]
WHERE ([d].[parent_object_id] = OBJECT_ID(N'[customers]') AND [c].[name] = N'phone');
IF @var1 IS NOT NULL EXEC(N'ALTER TABLE [customers] DROP CONSTRAINT [' + @var1 + '];');
ALTER TABLE [customers] ALTER COLUMN [phone] nvarchar(50) NULL;
2026-02-15 21:55:06.505 -03:00 [INF] Executed DbCommand (164ms) [Parameters=[], CommandType='"Text"', CommandTimeout='60']
CREATE INDEX [IX_Customers_Email] ON [customers] ([email]);
2026-02-15 21:55:06.662 -03:00 [INF] Executed DbCommand (157ms) [Parameters=[], CommandType='"Text"', CommandTimeout='60']
INSERT INTO [__EFMigrationsHistory] ([MigrationId], [ProductVersion])
VALUES (N'20260216005346_UpdateCustomerPhoneColumnsSize', N'8.0.11');
2026-02-15 23:13:16.749 -03:00 [INF] EF Core SQL Server: DataSource=tcp:sql1002.site4now.net Database=db_aaf0a8_diaxcrm Encrypt=True TrustServerCertificate=true
2026-02-15 23:13:17.870 -03:00 [WRN] Sensitive data logging is enabled. Log entries and exception messages may include sensitive application data; this mode should only be enabled during development.
2026-02-15 23:13:19.637 -03:00 [INF] Executed DbCommand (177ms) [Parameters=[], CommandType='"Text"', CommandTimeout='60']
SELECT 1
2026-02-15 23:13:19.822 -03:00 [INF] Executed DbCommand (168ms) [Parameters=[], CommandType='"Text"', CommandTimeout='60']
SELECT OBJECT_ID(N'[__EFMigrationsHistory]');
2026-02-15 23:13:19.996 -03:00 [INF] Executed DbCommand (156ms) [Parameters=[], CommandType='"Text"', CommandTimeout='60']
SELECT [MigrationId], [ProductVersion]
FROM [__EFMigrationsHistory]
ORDER BY [MigrationId];
2026-02-15 23:13:32.820 -03:00 [INF] EF Core SQL Server: DataSource=tcp:sql1002.site4now.net Database=db_aaf0a8_diaxcrm Encrypt=True TrustServerCertificate=true
2026-02-15 23:13:33.795 -03:00 [WRN] Sensitive data logging is enabled. Log entries and exception messages may include sensitive application data; this mode should only be enabled during development.
2026-02-15 23:14:56.839 -03:00 [INF] EF Core SQL Server: DataSource=tcp:sql1002.site4now.net Database=db_aaf0a8_diaxcrm Encrypt=True TrustServerCertificate=true
2026-02-15 23:14:57.616 -03:00 [WRN] Sensitive data logging is enabled. Log entries and exception messages may include sensitive application data; this mode should only be enabled during development.
2026-02-15 23:18:09.908 -03:00 [INF] EF Core SQL Server: DataSource=tcp:sql1002.site4now.net Database=db_aaf0a8_diaxcrm Encrypt=True TrustServerCertificate=true
2026-02-15 23:18:10.735 -03:00 [WRN] Sensitive data logging is enabled. Log entries and exception messages may include sensitive application data; this mode should only be enabled during development.
2026-02-15 23:18:12.161 -03:00 [INF] Executed DbCommand (168ms) [Parameters=[], CommandType='"Text"', CommandTimeout='60']
SELECT 1
2026-02-15 23:18:12.334 -03:00 [INF] Executed DbCommand (164ms) [Parameters=[], CommandType='"Text"', CommandTimeout='60']
SELECT OBJECT_ID(N'[__EFMigrationsHistory]');
2026-02-15 23:18:12.493 -03:00 [INF] Executed DbCommand (157ms) [Parameters=[], CommandType='"Text"', CommandTimeout='60']
SELECT 1
2026-02-15 23:18:12.653 -03:00 [INF] Executed DbCommand (159ms) [Parameters=[], CommandType='"Text"', CommandTimeout='60']
SELECT OBJECT_ID(N'[__EFMigrationsHistory]');
2026-02-15 23:18:12.820 -03:00 [INF] Executed DbCommand (157ms) [Parameters=[], CommandType='"Text"', CommandTimeout='60']
SELECT [MigrationId], [ProductVersion]
FROM [__EFMigrationsHistory]
ORDER BY [MigrationId];
2026-02-15 23:18:12.831 -03:00 [INF] No migrations were applied. The database is already up to date.
2026-02-15 23:18:27.376 -03:00 [INF] EF Core SQL Server: DataSource=tcp:sql1002.site4now.net Database=db_aaf0a8_diaxcrm Encrypt=True TrustServerCertificate=true
2026-02-15 23:18:28.158 -03:00 [WRN] Sensitive data logging is enabled. Log entries and exception messages may include sensitive application data; this mode should only be enabled during development.
2026-02-15 23:18:29.827 -03:00 [INF] Executed DbCommand (178ms) [Parameters=[], CommandType='"Text"', CommandTimeout='60']
SELECT 1
2026-02-15 23:18:30.014 -03:00 [INF] Executed DbCommand (174ms) [Parameters=[], CommandType='"Text"', CommandTimeout='60']
SELECT OBJECT_ID(N'[__EFMigrationsHistory]');
2026-02-15 23:18:30.191 -03:00 [INF] Executed DbCommand (167ms) [Parameters=[], CommandType='"Text"', CommandTimeout='60']
SELECT [MigrationId], [ProductVersion]
FROM [__EFMigrationsHistory]
ORDER BY [MigrationId];
