2026-02-06 05:24:32.528 -03:00 [WRN] Sensitive data logging is enabled. Log entries and exception messages may include sensitive application data; this mode should only be enabled during development.
2026-02-06 05:25:24.731 -03:00 [WRN] Sensitive data logging is enabled. Log entries and exception messages may include sensitive application data; this mode should only be enabled during development.
2026-02-06 08:37:46.734 -03:00 [INF] Starting database migrations and seeding...
2026-02-06 08:37:46.839 -03:00 [INF] EF Core SQL Server: DataSource=(localdb)\MSSQLLocalDB Database=diax_crm_dev Encrypt=True TrustServerCertificate=true
2026-02-06 08:37:47.485 -03:00 [WRN] Sensitive data logging is enabled. Log entries and exception messages may include sensitive application data; this mode should only be enabled during development.
2026-02-06 08:37:49.363 -03:00 [INF] Executed DbCommand (17ms) [Parameters=[], CommandType='"Text"', CommandTimeout='60']
SELECT 1
2026-02-06 08:37:49.389 -03:00 [INF] Executed DbCommand (11ms) [Parameters=[], CommandType='"Text"', CommandTimeout='60']
SELECT OBJECT_ID(N'[__EFMigrationsHistory]');
2026-02-06 08:37:49.396 -03:00 [INF] Executed DbCommand (1ms) [Parameters=[], CommandType='"Text"', CommandTimeout='60']
SELECT 1
2026-02-06 08:37:49.402 -03:00 [INF] Executed DbCommand (0ms) [Parameters=[], CommandType='"Text"', CommandTimeout='60']
SELECT OBJECT_ID(N'[__EFMigrationsHistory]');
2026-02-06 08:37:49.423 -03:00 [INF] Executed DbCommand (7ms) [Parameters=[], CommandType='"Text"', CommandTimeout='60']
SELECT [MigrationId], [ProductVersion]
FROM [__EFMigrationsHistory]
ORDER BY [MigrationId];
2026-02-06 08:37:49.438 -03:00 [INF] No migrations were applied. The database is already up to date.
2026-02-06 08:37:49.441 -03:00 [INF] Database migrations applied successfully.
2026-02-06 08:37:49.446 -03:00 [INF] UserSeeder: checking admin users...
2026-02-06 08:37:49.673 -03:00 [INF] Executed DbCommand (24ms) [Parameters=[@__adminEmail_0='admin@alexandrequeiroz.com.br' (Size = 255), @__adminId_1='11111111-1111-1111-1111-111111111111'], CommandType='"Text"', CommandTimeout='60']
SELECT TOP(1) [u].[id], [u].[created_at], [u].[created_by], [u].[email], [u].[is_active], [u].[password_hash], [u].[updated_at], [u].[updated_by]
FROM [users] AS [u]
WHERE [u].[email] = @__adminEmail_0 OR [u].[id] = @__adminId_1
2026-02-06 08:37:49.726 -03:00 [INF] UserSeeder: Admin user already exists (ID: "bd389442-eaa0-4d29-ba1e-191e057cf2d3").
2026-02-06 08:37:49.739 -03:00 [INF] Executed DbCommand (3ms) [Parameters=[], CommandType='"Text"', CommandTimeout='60']
SELECT TOP(1) [u].[id], [u].[created_at], [u].[created_by], [u].[description], [u].[is_system], [u].[key], [u].[name], [u].[updated_at], [u].[updated_by]
FROM [user_groups] AS [u]
WHERE [u].[key] = N'system-admin'
2026-02-06 08:37:49.773 -03:00 [INF] Executed DbCommand (2ms) [Parameters=[@__adminId_0='11111111-1111-1111-1111-111111111111', @__adminGroup_Id_1='fd2222f4-c40e-43be-b016-dafaafe670b2'], CommandType='"Text"', CommandTimeout='60']
SELECT TOP(1) [u].[user_id], [u].[group_id], [u].[created_at], [u].[user_group_id]
FROM [user_group_members] AS [u]
WHERE [u].[user_id] = @__adminId_0 AND [u].[group_id] = @__adminGroup_Id_1
2026-02-06 08:37:49.902 -03:00 [ERR] Failed executing DbCommand (7ms) [Parameters=[@p0='fd2222f4-c40e-43be-b016-dafaafe670b2', @p1='11111111-1111-1111-1111-111111111111', @p2='2026-02-06T11:37:49.7794797Z', @p3='fd2222f4-c40e-43be-b016-dafaafe670b2' (Nullable = true)], CommandType='"Text"', CommandTimeout='60']
SET IMPLICIT_TRANSACTIONS OFF;
SET NOCOUNT ON;
INSERT INTO [user_group_members] ([group_id], [user_id], [created_at], [user_group_id])
VALUES (@p0, @p1, @p2, @p3);
2026-02-06 08:37:49.923 -03:00 [ERR] An exception occurred in the database while saving changes for context type 'Diax.Infrastructure.Data.DiaxDbContext'.
Microsoft.EntityFrameworkCore.DbUpdateException: An error occurred while saving the entity changes. See the inner exception for details.
 ---> Microsoft.Data.SqlClient.SqlException (0x80131904): The INSERT statement conflicted with the FOREIGN KEY constraint "FK_user_group_members_users_user_id". The conflict occurred in database "diax_crm_dev", table "dbo.users", column 'id'.
The statement has been terminated.
   at Microsoft.Data.SqlClient.SqlConnection.OnError(SqlException exception, Boolean breakConnection, Action`1 wrapCloseInAction)
   at Microsoft.Data.SqlClient.SqlInternalConnection.OnError(SqlException exception, Boolean breakConnection, Action`1 wrapCloseInAction)
   at Microsoft.Data.SqlClient.TdsParser.ThrowExceptionAndWarning(TdsParserStateObject stateObj, Boolean callerHasConnectionLock, Boolean asyncClose)
   at Microsoft.Data.SqlClient.TdsParser.TryRun(RunBehavior runBehavior, SqlCommand cmdHandler, SqlDataReader dataStream, BulkCopySimpleResultSet bulkCopyHandler, TdsParserStateObject stateObj, Boolean& dataReady)
   at Microsoft.Data.SqlClient.SqlDataReader.TryConsumeMetaData()
   at Microsoft.Data.SqlClient.SqlDataReader.get_MetaData()
   at Microsoft.Data.SqlClient.SqlCommand.FinishExecuteReader(SqlDataReader ds, RunBehavior runBehavior, String resetOptionsString, Boolean isInternal, Boolean forDescribeParameterEncryption, Boolean shouldCacheForAlwaysEncrypted)
   at Microsoft.Data.SqlClient.SqlCommand.RunExecuteReaderTds(CommandBehavior cmdBehavior, RunBehavior runBehavior, Boolean returnStream, Boolean isAsync, Int32 timeout, Task& task, Boolean asyncWrite, Boolean inRetry, SqlDataReader ds, Boolean describeParameterEncryptionRequest)
   at Microsoft.Data.SqlClient.SqlCommand.RunExecuteReader(CommandBehavior cmdBehavior, RunBehavior runBehavior, Boolean returnStream, TaskCompletionSource`1 completion, Int32 timeout, Task& task, Boolean& usedCache, Boolean asyncWrite, Boolean inRetry, String method)
   at Microsoft.Data.SqlClient.SqlCommand.RunExecuteReader(CommandBehavior cmdBehavior, RunBehavior runBehavior, Boolean returnStream, String method)
   at Microsoft.Data.SqlClient.SqlCommand.ExecuteReader(CommandBehavior behavior)
   at Microsoft.Data.SqlClient.SqlCommand.ExecuteDbDataReader(CommandBehavior behavior)
   at Microsoft.EntityFrameworkCore.Storage.RelationalCommand.ExecuteReader(RelationalCommandParameterObject parameterObject)
   at Microsoft.EntityFrameworkCore.Update.ReaderModificationCommandBatch.Execute(IRelationalConnection connection)
ClientConnectionId:8311160e-47b6-4bac-87ba-efc90c99fc3a
Error Number:547,State:0,Class:16
   --- End of inner exception stack trace ---
   at Microsoft.EntityFrameworkCore.Update.ReaderModificationCommandBatch.Execute(IRelationalConnection connection)
   at Microsoft.EntityFrameworkCore.SqlServer.Update.Internal.SqlServerModificationCommandBatch.Execute(IRelationalConnection connection)
   at Microsoft.EntityFrameworkCore.Update.Internal.BatchExecutor.Execute(IEnumerable`1 commandBatches, IRelationalConnection connection)
   at Microsoft.EntityFrameworkCore.Storage.RelationalDatabase.SaveChanges(IList`1 entries)
   at Microsoft.EntityFrameworkCore.ChangeTracking.Internal.StateManager.SaveChanges(IList`1 entriesToSave)
   at Microsoft.EntityFrameworkCore.ChangeTracking.Internal.StateManager.SaveChanges(StateManager stateManager, Boolean acceptAllChangesOnSuccess)
   at Microsoft.EntityFrameworkCore.ChangeTracking.Internal.StateManager.<>c.<SaveChanges>b__112_0(DbContext _, ValueTuple`2 t)
   at Microsoft.EntityFrameworkCore.Storage.ExecutionStrategy.<>c__DisplayClass28_0`2.<Execute>b__0(DbContext context, TState state)
   at Microsoft.EntityFrameworkCore.Storage.ExecutionStrategy.ExecuteImplementation[TState,TResult](Func`3 operation, Func`3 verifySucceeded, TState state)
   at Microsoft.EntityFrameworkCore.Storage.ExecutionStrategy.Execute[TState,TResult](TState state, Func`3 operation, Func`3 verifySucceeded)
   at Microsoft.EntityFrameworkCore.ChangeTracking.Internal.StateManager.SaveChanges(Boolean acceptAllChangesOnSuccess)
   at Microsoft.EntityFrameworkCore.DbContext.SaveChanges(Boolean acceptAllChangesOnSuccess)
Microsoft.EntityFrameworkCore.DbUpdateException: An error occurred while saving the entity changes. See the inner exception for details.
 ---> Microsoft.Data.SqlClient.SqlException (0x80131904): The INSERT statement conflicted with the FOREIGN KEY constraint "FK_user_group_members_users_user_id". The conflict occurred in database "diax_crm_dev", table "dbo.users", column 'id'.
The statement has been terminated.
   at Microsoft.Data.SqlClient.SqlConnection.OnError(SqlException exception, Boolean breakConnection, Action`1 wrapCloseInAction)
   at Microsoft.Data.SqlClient.SqlInternalConnection.OnError(SqlException exception, Boolean breakConnection, Action`1 wrapCloseInAction)
   at Microsoft.Data.SqlClient.TdsParser.ThrowExceptionAndWarning(TdsParserStateObject stateObj, Boolean callerHasConnectionLock, Boolean asyncClose)
   at Microsoft.Data.SqlClient.TdsParser.TryRun(RunBehavior runBehavior, SqlCommand cmdHandler, SqlDataReader dataStream, BulkCopySimpleResultSet bulkCopyHandler, TdsParserStateObject stateObj, Boolean& dataReady)
   at Microsoft.Data.SqlClient.SqlDataReader.TryConsumeMetaData()
   at Microsoft.Data.SqlClient.SqlDataReader.get_MetaData()
   at Microsoft.Data.SqlClient.SqlCommand.FinishExecuteReader(SqlDataReader ds, RunBehavior runBehavior, String resetOptionsString, Boolean isInternal, Boolean forDescribeParameterEncryption, Boolean shouldCacheForAlwaysEncrypted)
   at Microsoft.Data.SqlClient.SqlCommand.RunExecuteReaderTds(CommandBehavior cmdBehavior, RunBehavior runBehavior, Boolean returnStream, Boolean isAsync, Int32 timeout, Task& task, Boolean asyncWrite, Boolean inRetry, SqlDataReader ds, Boolean describeParameterEncryptionRequest)
   at Microsoft.Data.SqlClient.SqlCommand.RunExecuteReader(CommandBehavior cmdBehavior, RunBehavior runBehavior, Boolean returnStream, TaskCompletionSource`1 completion, Int32 timeout, Task& task, Boolean& usedCache, Boolean asyncWrite, Boolean inRetry, String method)
   at Microsoft.Data.SqlClient.SqlCommand.RunExecuteReader(CommandBehavior cmdBehavior, RunBehavior runBehavior, Boolean returnStream, String method)
   at Microsoft.Data.SqlClient.SqlCommand.ExecuteReader(CommandBehavior behavior)
   at Microsoft.Data.SqlClient.SqlCommand.ExecuteDbDataReader(CommandBehavior behavior)
   at Microsoft.EntityFrameworkCore.Storage.RelationalCommand.ExecuteReader(RelationalCommandParameterObject parameterObject)
   at Microsoft.EntityFrameworkCore.Update.ReaderModificationCommandBatch.Execute(IRelationalConnection connection)
ClientConnectionId:8311160e-47b6-4bac-87ba-efc90c99fc3a
Error Number:547,State:0,Class:16
   --- End of inner exception stack trace ---
   at Microsoft.EntityFrameworkCore.Update.ReaderModificationCommandBatch.Execute(IRelationalConnection connection)
   at Microsoft.EntityFrameworkCore.SqlServer.Update.Internal.SqlServerModificationCommandBatch.Execute(IRelationalConnection connection)
   at Microsoft.EntityFrameworkCore.Update.Internal.BatchExecutor.Execute(IEnumerable`1 commandBatches, IRelationalConnection connection)
   at Microsoft.EntityFrameworkCore.Storage.RelationalDatabase.SaveChanges(IList`1 entries)
   at Microsoft.EntityFrameworkCore.ChangeTracking.Internal.StateManager.SaveChanges(IList`1 entriesToSave)
   at Microsoft.EntityFrameworkCore.ChangeTracking.Internal.StateManager.SaveChanges(StateManager stateManager, Boolean acceptAllChangesOnSuccess)
   at Microsoft.EntityFrameworkCore.ChangeTracking.Internal.StateManager.<>c.<SaveChanges>b__112_0(DbContext _, ValueTuple`2 t)
   at Microsoft.EntityFrameworkCore.Storage.ExecutionStrategy.<>c__DisplayClass28_0`2.<Execute>b__0(DbContext context, TState state)
   at Microsoft.EntityFrameworkCore.Storage.ExecutionStrategy.ExecuteImplementation[TState,TResult](Func`3 operation, Func`3 verifySucceeded, TState state)
   at Microsoft.EntityFrameworkCore.Storage.ExecutionStrategy.Execute[TState,TResult](TState state, Func`3 operation, Func`3 verifySucceeded)
   at Microsoft.EntityFrameworkCore.ChangeTracking.Internal.StateManager.SaveChanges(Boolean acceptAllChangesOnSuccess)
   at Microsoft.EntityFrameworkCore.DbContext.SaveChanges(Boolean acceptAllChangesOnSuccess)
2026-02-06 08:37:49.941 -03:00 [ERR] Migration/seed failed inside task.
Microsoft.EntityFrameworkCore.DbUpdateException: An error occurred while saving the entity changes. See the inner exception for details.
 ---> Microsoft.Data.SqlClient.SqlException (0x80131904): The INSERT statement conflicted with the FOREIGN KEY constraint "FK_user_group_members_users_user_id". The conflict occurred in database "diax_crm_dev", table "dbo.users", column 'id'.
The statement has been terminated.
   at Microsoft.Data.SqlClient.SqlConnection.OnError(SqlException exception, Boolean breakConnection, Action`1 wrapCloseInAction)
   at Microsoft.Data.SqlClient.SqlInternalConnection.OnError(SqlException exception, Boolean breakConnection, Action`1 wrapCloseInAction)
   at Microsoft.Data.SqlClient.TdsParser.ThrowExceptionAndWarning(TdsParserStateObject stateObj, Boolean callerHasConnectionLock, Boolean asyncClose)
   at Microsoft.Data.SqlClient.TdsParser.TryRun(RunBehavior runBehavior, SqlCommand cmdHandler, SqlDataReader dataStream, BulkCopySimpleResultSet bulkCopyHandler, TdsParserStateObject stateObj, Boolean& dataReady)
   at Microsoft.Data.SqlClient.SqlDataReader.TryConsumeMetaData()
   at Microsoft.Data.SqlClient.SqlDataReader.get_MetaData()
   at Microsoft.Data.SqlClient.SqlCommand.FinishExecuteReader(SqlDataReader ds, RunBehavior runBehavior, String resetOptionsString, Boolean isInternal, Boolean forDescribeParameterEncryption, Boolean shouldCacheForAlwaysEncrypted)
   at Microsoft.Data.SqlClient.SqlCommand.RunExecuteReaderTds(CommandBehavior cmdBehavior, RunBehavior runBehavior, Boolean returnStream, Boolean isAsync, Int32 timeout, Task& task, Boolean asyncWrite, Boolean inRetry, SqlDataReader ds, Boolean describeParameterEncryptionRequest)
   at Microsoft.Data.SqlClient.SqlCommand.RunExecuteReader(CommandBehavior cmdBehavior, RunBehavior runBehavior, Boolean returnStream, TaskCompletionSource`1 completion, Int32 timeout, Task& task, Boolean& usedCache, Boolean asyncWrite, Boolean inRetry, String method)
   at Microsoft.Data.SqlClient.SqlCommand.RunExecuteReader(CommandBehavior cmdBehavior, RunBehavior runBehavior, Boolean returnStream, String method)
   at Microsoft.Data.SqlClient.SqlCommand.ExecuteReader(CommandBehavior behavior)
   at Microsoft.Data.SqlClient.SqlCommand.ExecuteDbDataReader(CommandBehavior behavior)
   at Microsoft.EntityFrameworkCore.Storage.RelationalCommand.ExecuteReader(RelationalCommandParameterObject parameterObject)
   at Microsoft.EntityFrameworkCore.Update.ReaderModificationCommandBatch.Execute(IRelationalConnection connection)
ClientConnectionId:8311160e-47b6-4bac-87ba-efc90c99fc3a
Error Number:547,State:0,Class:16
   --- End of inner exception stack trace ---
   at Microsoft.EntityFrameworkCore.Update.ReaderModificationCommandBatch.Execute(IRelationalConnection connection)
   at Microsoft.EntityFrameworkCore.SqlServer.Update.Internal.SqlServerModificationCommandBatch.Execute(IRelationalConnection connection)
   at Microsoft.EntityFrameworkCore.Update.Internal.BatchExecutor.Execute(IEnumerable`1 commandBatches, IRelationalConnection connection)
   at Microsoft.EntityFrameworkCore.Storage.RelationalDatabase.SaveChanges(IList`1 entries)
   at Microsoft.EntityFrameworkCore.ChangeTracking.Internal.StateManager.SaveChanges(IList`1 entriesToSave)
   at Microsoft.EntityFrameworkCore.ChangeTracking.Internal.StateManager.SaveChanges(StateManager stateManager, Boolean acceptAllChangesOnSuccess)
   at Microsoft.EntityFrameworkCore.ChangeTracking.Internal.StateManager.<>c.<SaveChanges>b__112_0(DbContext _, ValueTuple`2 t)
   at Microsoft.EntityFrameworkCore.Storage.ExecutionStrategy.<>c__DisplayClass28_0`2.<Execute>b__0(DbContext context, TState state)
   at Microsoft.EntityFrameworkCore.Storage.ExecutionStrategy.ExecuteImplementation[TState,TResult](Func`3 operation, Func`3 verifySucceeded, TState state)
   at Microsoft.EntityFrameworkCore.Storage.ExecutionStrategy.Execute[TState,TResult](TState state, Func`3 operation, Func`3 verifySucceeded)
   at Microsoft.EntityFrameworkCore.ChangeTracking.Internal.StateManager.SaveChanges(Boolean acceptAllChangesOnSuccess)
   at Microsoft.EntityFrameworkCore.DbContext.SaveChanges(Boolean acceptAllChangesOnSuccess)
   at Microsoft.EntityFrameworkCore.DbContext.SaveChanges()
   at Diax.Infrastructure.Data.DiaxDbContext.SaveChanges() in C:\Users\acq20\Desktop\Trabalho\Alexandre Queiroz Marketing Digital\DIAX\CRM\api-core\src\Diax.Infrastructure\Data\DiaxDbContext.cs:line 227
   at Diax.Infrastructure.Data.Seed.UserSeeder.SeedInitialAdmin(DiaxDbContext db, IConfiguration configuration, ILogger logger) in C:\Users\acq20\Desktop\Trabalho\Alexandre Queiroz Marketing Digital\DIAX\CRM\api-core\src\Diax.Infrastructure\Data\Seed\UserSeeder.cs:line 67
   at Program.<>c__DisplayClass0_1.<<Main>$>b__14() in C:\Users\acq20\Desktop\Trabalho\Alexandre Queiroz Marketing Digital\DIAX\CRM\api-core\src\Diax.Api\Program.cs:line 196
2026-02-06 08:37:49.992 -03:00 [ERR] Failed to migrate/seed database on startup. App will start but DB may not be ready.
Microsoft.EntityFrameworkCore.DbUpdateException: An error occurred while saving the entity changes. See the inner exception for details.
 ---> Microsoft.Data.SqlClient.SqlException (0x80131904): The INSERT statement conflicted with the FOREIGN KEY constraint "FK_user_group_members_users_user_id". The conflict occurred in database "diax_crm_dev", table "dbo.users", column 'id'.
The statement has been terminated.
   at Microsoft.Data.SqlClient.SqlConnection.OnError(SqlException exception, Boolean breakConnection, Action`1 wrapCloseInAction)
   at Microsoft.Data.SqlClient.SqlInternalConnection.OnError(SqlException exception, Boolean breakConnection, Action`1 wrapCloseInAction)
   at Microsoft.Data.SqlClient.TdsParser.ThrowExceptionAndWarning(TdsParserStateObject stateObj, Boolean callerHasConnectionLock, Boolean asyncClose)
   at Microsoft.Data.SqlClient.TdsParser.TryRun(RunBehavior runBehavior, SqlCommand cmdHandler, SqlDataReader dataStream, BulkCopySimpleResultSet bulkCopyHandler, TdsParserStateObject stateObj, Boolean& dataReady)
   at Microsoft.Data.SqlClient.SqlDataReader.TryConsumeMetaData()
   at Microsoft.Data.SqlClient.SqlDataReader.get_MetaData()
   at Microsoft.Data.SqlClient.SqlCommand.FinishExecuteReader(SqlDataReader ds, RunBehavior runBehavior, String resetOptionsString, Boolean isInternal, Boolean forDescribeParameterEncryption, Boolean shouldCacheForAlwaysEncrypted)
   at Microsoft.Data.SqlClient.SqlCommand.RunExecuteReaderTds(CommandBehavior cmdBehavior, RunBehavior runBehavior, Boolean returnStream, Boolean isAsync, Int32 timeout, Task& task, Boolean asyncWrite, Boolean inRetry, SqlDataReader ds, Boolean describeParameterEncryptionRequest)
   at Microsoft.Data.SqlClient.SqlCommand.RunExecuteReader(CommandBehavior cmdBehavior, RunBehavior runBehavior, Boolean returnStream, TaskCompletionSource`1 completion, Int32 timeout, Task& task, Boolean& usedCache, Boolean asyncWrite, Boolean inRetry, String method)
   at Microsoft.Data.SqlClient.SqlCommand.RunExecuteReader(CommandBehavior cmdBehavior, RunBehavior runBehavior, Boolean returnStream, String method)
   at Microsoft.Data.SqlClient.SqlCommand.ExecuteReader(CommandBehavior behavior)
   at Microsoft.Data.SqlClient.SqlCommand.ExecuteDbDataReader(CommandBehavior behavior)
   at Microsoft.EntityFrameworkCore.Storage.RelationalCommand.ExecuteReader(RelationalCommandParameterObject parameterObject)
   at Microsoft.EntityFrameworkCore.Update.ReaderModificationCommandBatch.Execute(IRelationalConnection connection)
ClientConnectionId:8311160e-47b6-4bac-87ba-efc90c99fc3a
Error Number:547,State:0,Class:16
   --- End of inner exception stack trace ---
   at Microsoft.EntityFrameworkCore.Update.ReaderModificationCommandBatch.Execute(IRelationalConnection connection)
   at Microsoft.EntityFrameworkCore.SqlServer.Update.Internal.SqlServerModificationCommandBatch.Execute(IRelationalConnection connection)
   at Microsoft.EntityFrameworkCore.Update.Internal.BatchExecutor.Execute(IEnumerable`1 commandBatches, IRelationalConnection connection)
   at Microsoft.EntityFrameworkCore.Storage.RelationalDatabase.SaveChanges(IList`1 entries)
   at Microsoft.EntityFrameworkCore.ChangeTracking.Internal.StateManager.SaveChanges(IList`1 entriesToSave)
   at Microsoft.EntityFrameworkCore.ChangeTracking.Internal.StateManager.SaveChanges(StateManager stateManager, Boolean acceptAllChangesOnSuccess)
   at Microsoft.EntityFrameworkCore.ChangeTracking.Internal.StateManager.<>c.<SaveChanges>b__112_0(DbContext _, ValueTuple`2 t)
   at Microsoft.EntityFrameworkCore.Storage.ExecutionStrategy.<>c__DisplayClass28_0`2.<Execute>b__0(DbContext context, TState state)
   at Microsoft.EntityFrameworkCore.Storage.ExecutionStrategy.ExecuteImplementation[TState,TResult](Func`3 operation, Func`3 verifySucceeded, TState state)
   at Microsoft.EntityFrameworkCore.Storage.ExecutionStrategy.Execute[TState,TResult](TState state, Func`3 operation, Func`3 verifySucceeded)
   at Microsoft.EntityFrameworkCore.ChangeTracking.Internal.StateManager.SaveChanges(Boolean acceptAllChangesOnSuccess)
   at Microsoft.EntityFrameworkCore.DbContext.SaveChanges(Boolean acceptAllChangesOnSuccess)
   at Microsoft.EntityFrameworkCore.DbContext.SaveChanges()
   at Diax.Infrastructure.Data.DiaxDbContext.SaveChanges() in C:\Users\acq20\Desktop\Trabalho\Alexandre Queiroz Marketing Digital\DIAX\CRM\api-core\src\Diax.Infrastructure\Data\DiaxDbContext.cs:line 227
   at Diax.Infrastructure.Data.Seed.UserSeeder.SeedInitialAdmin(DiaxDbContext db, IConfiguration configuration, ILogger logger) in C:\Users\acq20\Desktop\Trabalho\Alexandre Queiroz Marketing Digital\DIAX\CRM\api-core\src\Diax.Infrastructure\Data\Seed\UserSeeder.cs:line 67
   at Program.<>c__DisplayClass0_1.<<Main>$>b__14() in C:\Users\acq20\Desktop\Trabalho\Alexandre Queiroz Marketing Digital\DIAX\CRM\api-core\src\Diax.Api\Program.cs:line 196
   at System.Threading.ExecutionContext.RunFromThreadPoolDispatchLoop(Thread threadPoolThread, ExecutionContext executionContext, ContextCallback callback, Object state)
--- End of stack trace from previous location ---
   at System.Threading.ExecutionContext.RunFromThreadPoolDispatchLoop(Thread threadPoolThread, ExecutionContext executionContext, ContextCallback callback, Object state)
   at System.Threading.Tasks.Task.ExecuteWithThreadLocal(Task& currentTaskSlot, Thread threadPoolThread)
--- End of stack trace from previous location ---
   at Program.<Main>$(String[] args) in C:\Users\acq20\Desktop\Trabalho\Alexandre Queiroz Marketing Digital\DIAX\CRM\api-core\src\Diax.Api\Program.cs:line 211
2026-02-06 08:37:50.018 -03:00 [INF] Wrote startup error details to C:\Users\acq20\Desktop\Trabalho\Alexandre Queiroz Marketing Digital\DIAX\CRM\api-core\src\Diax.Api\App_Data\startup-error.txt
2026-02-06 08:37:50.020 -03:00 [INF] Configuring middleware pipeline...
2026-02-06 08:37:50.192 -03:00 [INF] Iniciando DIAX CRM API...
2026-02-06 08:37:50.207 -03:00 [INF] User profile is available. Using 'C:\Users\acq20\AppData\Local\ASP.NET\DataProtection-Keys' as key repository and Windows DPAPI to encrypt keys at rest.
2026-02-06 08:37:50.555 -03:00 [INF] Now listening on: http://localhost:5000
2026-02-06 08:37:50.557 -03:00 [INF] Application started. Press Ctrl+C to shut down.
2026-02-06 08:37:50.559 -03:00 [INF] Hosting environment: Development
2026-02-06 08:37:50.561 -03:00 [INF] Content root path: C:\Users\acq20\Desktop\Trabalho\Alexandre Queiroz Marketing Digital\DIAX\CRM\api-core\src\Diax.Api
2026-02-06 08:38:15.439 -03:00 [INF] Request starting HTTP/1.1 GET http://localhost:5000/api/health - null null
2026-02-06 08:38:15.515 -03:00 [INF] EF Core SQL Server: DataSource=(localdb)\MSSQLLocalDB Database=diax_crm_dev Encrypt=True TrustServerCertificate=true
2026-02-06 08:38:15.554 -03:00 [WRN] Failed to determine the https port for redirect.
2026-02-06 08:38:15.642 -03:00 [INF] HTTP GET /api/health responded 404 in 87.4284 ms
2026-02-06 08:38:15.811 -03:00 [INF] Executed DbCommand (16ms) [Parameters=[@p0='a1acfa84-23b2-4e69-a82b-eab6ed059169', @p1='{"responseBody":"","responseTimeMs":111,"userAgent":"Mozilla/5.0 (Windows NT; Windows NT 10.0; pt-BR) WindowsPowerShell/5.1.26100.7462","referer":""}' (Size = 4000), @p2='Integration' (Nullable = false) (Size = 30), @p3='::1' (Size = 64), @p4='0HNJ5EGRN5CLD:00000001' (Size = 100), @p5='Development' (Size = 64), @p6=NULL (Size = 4000), @p7=NULL (Size = 500), @p8='{"Connection":"keep-alive","Host":"localhost:5000","User-Agent":"Mozilla/5.0 (Windows NT; Windows NT 10.0; pt-BR) WindowsPowerShell/5.1.26100.7462"}' (Size = 4000), @p9='GET' (Size = 20), @p10=NULL (Size = 4000), @p11='Warning' (Nullable = false) (Size = 20), @p12='XANDAO-NITRO5' (Size = 128), @p13='HTTP 404 - Not Found' (Nullable = false) (Size = 4000), @p14=NULL (Size = 2000), @p15='' (Size = 4000), @p16=NULL (Size = 100), @p17='/api/health' (Size = 2048), @p18='111' (Nullable = true), @p19=NULL (Size = 500), @p20=NULL (Size = 4000), @p21='404' (Nullable = true), @p22=NULL (Size = 512), @p23='2026-02-06T11:38:15.6848791Z', @p24='Mozilla/5.0 (Windows NT; Windows NT 10.0; pt-BR) WindowsPowerShell/5.1.26100.7462' (Size = 512), @p25=NULL (Size = 100), @p26=NULL (Size = 256)], CommandType='"Text"', CommandTimeout='60']
SET IMPLICIT_TRANSACTIONS OFF;
SET NOCOUNT ON;
INSERT INTO [app_logs] ([id], [additional_data], [category], [client_ip], [correlation_id], [environment], [exception_message], [exception_type], [headers_json], [http_method], [inner_exception], [level], [machine_name], [message], [message_template], [query_string], [request_id], [request_path], [response_time_ms], [source], [stack_trace], [status_code], [target_site], [timestamp_utc], [user_agent], [user_id], [user_name])
VALUES (@p0, @p1, @p2, @p3, @p4, @p5, @p6, @p7, @p8, @p9, @p10, @p11, @p12, @p13, @p14, @p15, @p16, @p17, @p18, @p19, @p20, @p21, @p22, @p23, @p24, @p25, @p26);
2026-02-06 08:38:15.834 -03:00 [DBG] Request logged: GET /api/health - 404 (111ms)
2026-02-06 08:38:15.848 -03:00 [INF] Request finished HTTP/1.1 GET http://localhost:5000/api/health - 404 0 null 411.2927ms
2026-02-06 08:38:15.857 -03:00 [INF] Request reached the end of the middleware pipeline without being handled by application code. Request path: GET http://localhost:5000/api/health, Response status code: 404
2026-02-06 08:49:54.792 -03:00 [INF] Request starting HTTP/1.1 GET http://localhost:5000/api/v1/ai/catalog - null null
2026-02-06 08:49:54.927 -03:00 [INF] EF Core SQL Server: DataSource=(localdb)\MSSQLLocalDB Database=diax_crm_dev Encrypt=True TrustServerCertificate=true
2026-02-06 08:49:55.024 -03:00 [INF] Authorization failed. These requirements were not met:
DenyAnonymousAuthorizationRequirement: Requires an authenticated user.
2026-02-06 08:49:55.035 -03:00 [INF] AuthenticationScheme: Bearer was challenged.
2026-02-06 08:49:55.039 -03:00 [INF] HTTP GET /api/v1/ai/catalog responded 401 in 23.8667 ms
2026-02-06 08:49:55.936 -03:00 [INF] Executed DbCommand (15ms) [Parameters=[@p0='42b3af28-9554-4585-ae6a-934f08568296', @p1='{"responseBody":"","responseTimeMs":29,"userAgent":"Mozilla/5.0 (Windows NT; Windows NT 10.0; pt-BR) WindowsPowerShell/5.1.26100.7462","referer":""}' (Size = 4000), @p2='Integration' (Nullable = false) (Size = 30), @p3='::1' (Size = 64), @p4='0HNJ5EGRN5CLE:00000001' (Size = 100), @p5='Development' (Size = 64), @p6=NULL (Size = 4000), @p7=NULL (Size = 500), @p8='{"Connection":"keep-alive","Host":"localhost:5000","User-Agent":"Mozilla/5.0 (Windows NT; Windows NT 10.0; pt-BR) WindowsPowerShell/5.1.26100.7462"}' (Size = 4000), @p9='GET' (Size = 20), @p10=NULL (Size = 4000), @p11='Warning' (Nullable = false) (Size = 20), @p12='XANDAO-NITRO5' (Size = 128), @p13='HTTP 401 - Unauthorized' (Nullable = false) (Size = 4000), @p14=NULL (Size = 2000), @p15='' (Size = 4000), @p16=NULL (Size = 100), @p17='/api/v1/ai/catalog' (Size = 2048), @p18='29' (Nullable = true), @p19=NULL (Size = 500), @p20=NULL (Size = 4000), @p21='401' (Nullable = true), @p22=NULL (Size = 512), @p23='2026-02-06T11:49:55.0456283Z', @p24='Mozilla/5.0 (Windows NT; Windows NT 10.0; pt-BR) WindowsPowerShell/5.1.26100.7462' (Size = 512), @p25=NULL (Size = 100), @p26=NULL (Size = 256)], CommandType='"Text"', CommandTimeout='60']
SET IMPLICIT_TRANSACTIONS OFF;
SET NOCOUNT ON;
INSERT INTO [app_logs] ([id], [additional_data], [category], [client_ip], [correlation_id], [environment], [exception_message], [exception_type], [headers_json], [http_method], [inner_exception], [level], [machine_name], [message], [message_template], [query_string], [request_id], [request_path], [response_time_ms], [source], [stack_trace], [status_code], [target_site], [timestamp_utc], [user_agent], [user_id], [user_name])
VALUES (@p0, @p1, @p2, @p3, @p4, @p5, @p6, @p7, @p8, @p9, @p10, @p11, @p12, @p13, @p14, @p15, @p16, @p17, @p18, @p19, @p20, @p21, @p22, @p23, @p24, @p25, @p26);
2026-02-06 08:49:55.948 -03:00 [DBG] Request logged: GET /api/v1/ai/catalog - 401 (29ms)
2026-02-06 08:49:55.956 -03:00 [INF] Request finished HTTP/1.1 GET http://localhost:5000/api/v1/ai/catalog - 401 0 null 1163.8193ms
2026-02-06 08:50:17.461 -03:00 [INF] Request starting HTTP/1.1 GET http://localhost:5000/api/v1/ai/management/providers - null null
2026-02-06 08:50:17.495 -03:00 [INF] EF Core SQL Server: DataSource=(localdb)\MSSQLLocalDB Database=diax_crm_dev Encrypt=True TrustServerCertificate=true
2026-02-06 08:50:17.526 -03:00 [INF] Authorization failed. These requirements were not met:
DenyAnonymousAuthorizationRequirement: Requires an authenticated user.
2026-02-06 08:50:17.564 -03:00 [INF] AuthenticationScheme: Bearer was challenged.
2026-02-06 08:50:17.571 -03:00 [INF] HTTP GET /api/v1/ai/management/providers responded 401 in 49.1649 ms
2026-02-06 08:50:17.581 -03:00 [INF] Executed DbCommand (2ms) [Parameters=[@p0='cb403725-e439-4119-8764-d7a275bde3c9', @p1='{"responseBody":"","responseTimeMs":56,"userAgent":"Mozilla/5.0 (Windows NT; Windows NT 10.0; pt-BR) WindowsPowerShell/5.1.26100.7462","referer":""}' (Size = 4000), @p2='Integration' (Nullable = false) (Size = 30), @p3='::1' (Size = 64), @p4='0HNJ5EGRN5CLE:00000002' (Size = 100), @p5='Development' (Size = 64), @p6=NULL (Size = 4000), @p7=NULL (Size = 500), @p8='{"Host":"localhost:5000","User-Agent":"Mozilla/5.0 (Windows NT; Windows NT 10.0; pt-BR) WindowsPowerShell/5.1.26100.7462"}' (Size = 4000), @p9='GET' (Size = 20), @p10=NULL (Size = 4000), @p11='Warning' (Nullable = false) (Size = 20), @p12='XANDAO-NITRO5' (Size = 128), @p13='HTTP 401 - Unauthorized' (Nullable = false) (Size = 4000), @p14=NULL (Size = 2000), @p15='' (Size = 4000), @p16=NULL (Size = 100), @p17='/api/v1/ai/management/providers' (Size = 2048), @p18='56' (Nullable = true), @p19=NULL (Size = 500), @p20=NULL (Size = 4000), @p21='401' (Nullable = true), @p22=NULL (Size = 512), @p23='2026-02-06T11:50:17.5767688Z', @p24='Mozilla/5.0 (Windows NT; Windows NT 10.0; pt-BR) WindowsPowerShell/5.1.26100.7462' (Size = 512), @p25=NULL (Size = 100), @p26=NULL (Size = 256)], CommandType='"Text"', CommandTimeout='60']
SET IMPLICIT_TRANSACTIONS OFF;
SET NOCOUNT ON;
INSERT INTO [app_logs] ([id], [additional_data], [category], [client_ip], [correlation_id], [environment], [exception_message], [exception_type], [headers_json], [http_method], [inner_exception], [level], [machine_name], [message], [message_template], [query_string], [request_id], [request_path], [response_time_ms], [source], [stack_trace], [status_code], [target_site], [timestamp_utc], [user_agent], [user_id], [user_name])
VALUES (@p0, @p1, @p2, @p3, @p4, @p5, @p6, @p7, @p8, @p9, @p10, @p11, @p12, @p13, @p14, @p15, @p16, @p17, @p18, @p19, @p20, @p21, @p22, @p23, @p24, @p25, @p26);
2026-02-06 08:50:17.595 -03:00 [DBG] Request logged: GET /api/v1/ai/management/providers - 401 (56ms)
2026-02-06 08:50:17.602 -03:00 [INF] Request finished HTTP/1.1 GET http://localhost:5000/api/v1/ai/management/providers - 401 0 null 143.4105ms
2026-02-06 11:23:42.061 -03:00 [WRN] Sensitive data logging is enabled. Log entries and exception messages may include sensitive application data; this mode should only be enabled during development.
2026-02-06 11:25:45.813 -03:00 [WRN] Sensitive data logging is enabled. Log entries and exception messages may include sensitive application data; this mode should only be enabled during development.
2026-02-06 11:32:52.181 -03:00 [WRN] Sensitive data logging is enabled. Log entries and exception messages may include sensitive application data; this mode should only be enabled during development.
2026-02-06 11:33:42.622 -03:00 [WRN] Sensitive data logging is enabled. Log entries and exception messages may include sensitive application data; this mode should only be enabled during development.
