2026-01-01 10:32:06.621 -03:00 [WRN] JWT key not configured. Using development fallback key.
2026-01-01 10:32:06.763 -03:00 [INF] EF Core SQL Server: DataSource=(localdb)\MSSQLLocalDB Database=diax_crm_dev Encrypt=True TrustServerCertificate=true
2026-01-01 10:32:07.407 -03:00 [WRN] Sensitive data logging is enabled. Log entries and exception messages may include sensitive application data; this mode should only be enabled during development.
2026-01-01 10:32:18.681 -03:00 [WRN] JWT key not configured. Using development fallback key.
2026-01-01 10:32:18.777 -03:00 [INF] EF Core SQL Server: DataSource=(localdb)\MSSQLLocalDB Database=diax_crm_dev Encrypt=True TrustServerCertificate=true
2026-01-01 10:32:19.271 -03:00 [WRN] Sensitive data logging is enabled. Log entries and exception messages may include sensitive application data; this mode should only be enabled during development.
2026-01-01 10:32:27.951 -03:00 [WRN] JWT key not configured. Using development fallback key.
2026-01-01 10:32:28.036 -03:00 [INF] EF Core SQL Server: DataSource=(localdb)\MSSQLLocalDB Database=diax_crm_dev Encrypt=True TrustServerCertificate=true
2026-01-01 10:32:28.442 -03:00 [WRN] Sensitive data logging is enabled. Log entries and exception messages may include sensitive application data; this mode should only be enabled during development.
2026-01-01 10:32:36.651 -03:00 [WRN] JWT key not configured. Using development fallback key.
2026-01-01 10:32:36.745 -03:00 [INF] EF Core SQL Server: DataSource=(localdb)\MSSQLLocalDB Database=diax_crm_dev Encrypt=True TrustServerCertificate=true
2026-01-01 10:32:37.165 -03:00 [WRN] Sensitive data logging is enabled. Log entries and exception messages may include sensitive application data; this mode should only be enabled during development.
2026-01-01 10:32:46.045 -03:00 [WRN] JWT key not configured. Using development fallback key.
2026-01-01 10:32:46.164 -03:00 [INF] EF Core SQL Server: DataSource=(localdb)\MSSQLLocalDB Database=diax_crm_dev Encrypt=True TrustServerCertificate=true
2026-01-01 10:32:46.677 -03:00 [WRN] Sensitive data logging is enabled. Log entries and exception messages may include sensitive application data; this mode should only be enabled during development.
2026-01-01 10:32:48.361 -03:00 [INF] Executed DbCommand (19ms) [Parameters=[], CommandType='"Text"', CommandTimeout='60']
SELECT 1
2026-01-01 10:32:48.388 -03:00 [INF] Executed DbCommand (12ms) [Parameters=[], CommandType='"Text"', CommandTimeout='60']
SELECT OBJECT_ID(N'[__EFMigrationsHistory]');
2026-01-01 10:32:48.394 -03:00 [INF] Executed DbCommand (1ms) [Parameters=[], CommandType='"Text"', CommandTimeout='60']
SELECT 1
2026-01-01 10:32:48.399 -03:00 [INF] Executed DbCommand (0ms) [Parameters=[], CommandType='"Text"', CommandTimeout='60']
SELECT OBJECT_ID(N'[__EFMigrationsHistory]');
2026-01-01 10:32:48.420 -03:00 [INF] Executed DbCommand (6ms) [Parameters=[], CommandType='"Text"', CommandTimeout='60']
SELECT [MigrationId], [ProductVersion]
FROM [__EFMigrationsHistory]
ORDER BY [MigrationId];
2026-01-01 10:32:48.437 -03:00 [INF] Applying migration '20251228223215_AddAdminUsers'.
2026-01-01 10:32:48.482 -03:00 [INF] Executed DbCommand (4ms) [Parameters=[], CommandType='"Text"', CommandTimeout='60']
CREATE TABLE [admin_users] (
    [id] uniqueidentifier NOT NULL,
    [email] nvarchar(255) NOT NULL,
    [password_hash] nvarchar(512) NOT NULL,
    [is_active] bit NOT NULL,
    [created_at] datetime2 NOT NULL,
    [created_by] nvarchar(100) NULL,
    [updated_at] datetime2 NULL,
    [updated_by] nvarchar(100) NULL,
    CONSTRAINT [PK_admin_users] PRIMARY KEY ([id])
);
2026-01-01 10:32:48.487 -03:00 [INF] Executed DbCommand (1ms) [Parameters=[], CommandType='"Text"', CommandTimeout='60']
CREATE UNIQUE INDEX [IX_AdminUsers_Email] ON [admin_users] ([email]);
2026-01-01 10:32:48.494 -03:00 [INF] Executed DbCommand (2ms) [Parameters=[], CommandType='"Text"', CommandTimeout='60']
INSERT INTO [__EFMigrationsHistory] ([MigrationId], [ProductVersion])
VALUES (N'20251228223215_AddAdminUsers', N'8.0.11');
2026-01-01 10:32:48.502 -03:00 [INF] Applying migration '20260101133237_AddFinanceModule'.
2026-01-01 10:32:48.524 -03:00 [INF] Executed DbCommand (1ms) [Parameters=[], CommandType='"Text"', CommandTimeout='60']
CREATE TABLE [credit_cards] (
    [id] uniqueidentifier NOT NULL,
    [name] nvarchar(256) NOT NULL,
    [limit] decimal(18,2) NOT NULL,
    [closing_day] int NOT NULL,
    [due_day] int NOT NULL,
    [created_at] datetime2 NOT NULL,
    [created_by] nvarchar(256) NULL,
    [updated_at] datetime2 NULL,
    [updated_by] nvarchar(256) NULL,
    CONSTRAINT [PK_credit_cards] PRIMARY KEY ([id])
);
2026-01-01 10:32:48.530 -03:00 [INF] Executed DbCommand (2ms) [Parameters=[], CommandType='"Text"', CommandTimeout='60']
CREATE TABLE [incomes] (
    [id] uniqueidentifier NOT NULL,
    [name] nvarchar(256) NOT NULL,
    [value] decimal(18,2) NOT NULL,
    [date] datetime2 NOT NULL,
    [created_at] datetime2 NOT NULL,
    [created_by] nvarchar(256) NULL,
    [updated_at] datetime2 NULL,
    [updated_by] nvarchar(256) NULL,
    CONSTRAINT [PK_incomes] PRIMARY KEY ([id])
);
2026-01-01 10:32:48.756 -03:00 [INF] Executed DbCommand (2ms) [Parameters=[], CommandType='"Text"', CommandTimeout='60']
CREATE TABLE [expenses] (
    [id] uniqueidentifier NOT NULL,
    [name] nvarchar(256) NOT NULL,
    [value] decimal(18,2) NOT NULL,
    [is_paid] bit NOT NULL,
    [payment_date] datetime2 NULL,
    [payment_method] int NOT NULL,
    [details] nvarchar(256) NULL,
    [due_date] datetime2 NOT NULL,
    [credit_card_id] uniqueidentifier NULL,
    [created_at] datetime2 NOT NULL,
    [created_by] nvarchar(256) NULL,
    [updated_at] datetime2 NULL,
    [updated_by] nvarchar(256) NULL,
    CONSTRAINT [PK_expenses] PRIMARY KEY ([id]),
    CONSTRAINT [FK_expenses_credit_cards_credit_card_id] FOREIGN KEY ([credit_card_id]) REFERENCES [credit_cards] ([id])
);
2026-01-01 10:32:48.761 -03:00 [INF] Executed DbCommand (1ms) [Parameters=[], CommandType='"Text"', CommandTimeout='60']
CREATE INDEX [IX_expenses_credit_card_id] ON [expenses] ([credit_card_id]);
2026-01-01 10:32:48.766 -03:00 [INF] Executed DbCommand (1ms) [Parameters=[], CommandType='"Text"', CommandTimeout='60']
INSERT INTO [__EFMigrationsHistory] ([MigrationId], [ProductVersion])
VALUES (N'20260101133237_AddFinanceModule', N'8.0.11');
2026-01-01 11:09:21.598 -03:00 [INF] EF Core SQL Server: DataSource=(localdb)\MSSQLLocalDB Database=diax_crm_dev Encrypt=True TrustServerCertificate=true
2026-01-01 11:09:22.090 -03:00 [WRN] Sensitive data logging is enabled. Log entries and exception messages may include sensitive application data; this mode should only be enabled during development.
2026-01-01 11:09:23.242 -03:00 [INF] Executed DbCommand (17ms) [Parameters=[], CommandType='"Text"', CommandTimeout='60']
SELECT 1
2026-01-01 11:09:23.267 -03:00 [INF] Executed DbCommand (11ms) [Parameters=[], CommandType='"Text"', CommandTimeout='60']
SELECT OBJECT_ID(N'[__EFMigrationsHistory]');
2026-01-01 11:09:23.274 -03:00 [INF] Executed DbCommand (1ms) [Parameters=[], CommandType='"Text"', CommandTimeout='60']
SELECT 1
2026-01-01 11:09:23.279 -03:00 [INF] Executed DbCommand (0ms) [Parameters=[], CommandType='"Text"', CommandTimeout='60']
SELECT OBJECT_ID(N'[__EFMigrationsHistory]');
2026-01-01 11:09:23.304 -03:00 [INF] Executed DbCommand (8ms) [Parameters=[], CommandType='"Text"', CommandTimeout='60']
SELECT [MigrationId], [ProductVersion]
FROM [__EFMigrationsHistory]
ORDER BY [MigrationId];
2026-01-01 11:09:23.320 -03:00 [INF] No migrations were applied. The database is already up to date.
