2026-02-04 22:15:52.800 -03:00 [INF] EF Core SQL Server: DataSource=(localdb)\MSSQLLocalDB Database=diax_crm_dev Encrypt=True TrustServerCertificate=true
2026-02-04 22:15:53.456 -03:00 [WRN] Sensitive data logging is enabled. Log entries and exception messages may include sensitive application data; this mode should only be enabled during development.
2026-02-04 22:16:43.513 -03:00 [INF] EF Core SQL Server: DataSource=(localdb)\MSSQLLocalDB Database=diax_crm_dev Encrypt=True TrustServerCertificate=true
2026-02-04 22:16:44.078 -03:00 [WRN] Sensitive data logging is enabled. Log entries and exception messages may include sensitive application data; this mode should only be enabled during development.
2026-02-04 22:17:14.735 -03:00 [INF] EF Core SQL Server: DataSource=(localdb)\MSSQLLocalDB Database=diax_crm_dev Encrypt=True TrustServerCertificate=true
2026-02-04 22:17:15.301 -03:00 [WRN] Sensitive data logging is enabled. Log entries and exception messages may include sensitive application data; this mode should only be enabled during development.
2026-02-04 22:17:16.774 -03:00 [INF] Executed DbCommand (14ms) [Parameters=[], CommandType='"Text"', CommandTimeout='60']
SELECT 1
2026-02-04 22:17:16.798 -03:00 [INF] Executed DbCommand (10ms) [Parameters=[], CommandType='"Text"', CommandTimeout='60']
SELECT OBJECT_ID(N'[__EFMigrationsHistory]');
2026-02-04 22:17:16.803 -03:00 [INF] Executed DbCommand (1ms) [Parameters=[], CommandType='"Text"', CommandTimeout='60']
SELECT 1
2026-02-04 22:17:16.807 -03:00 [INF] Executed DbCommand (1ms) [Parameters=[], CommandType='"Text"', CommandTimeout='60']
SELECT OBJECT_ID(N'[__EFMigrationsHistory]');
2026-02-04 22:17:16.830 -03:00 [INF] Executed DbCommand (8ms) [Parameters=[], CommandType='"Text"', CommandTimeout='60']
SELECT [MigrationId], [ProductVersion]
FROM [__EFMigrationsHistory]
ORDER BY [MigrationId];
2026-02-04 22:17:16.848 -03:00 [INF] Applying migration '20260205011644_AddUserIdToFinancialEntities'.
2026-02-04 22:17:16.944 -03:00 [INF] Executed DbCommand (5ms) [Parameters=[], CommandType='"Text"', CommandTimeout='60']
ALTER TABLE [statement_imports] ADD [user_id] uniqueidentifier NOT NULL DEFAULT '00000000-0000-0000-0000-000000000000';
2026-02-04 22:17:16.950 -03:00 [INF] Executed DbCommand (2ms) [Parameters=[], CommandType='"Text"', CommandTimeout='60']
ALTER TABLE [incomes] ADD [user_id] uniqueidentifier NOT NULL DEFAULT '00000000-0000-0000-0000-000000000000';
2026-02-04 22:17:16.957 -03:00 [INF] Executed DbCommand (4ms) [Parameters=[], CommandType='"Text"', CommandTimeout='60']
ALTER TABLE [income_categories] ADD [user_id] uniqueidentifier NOT NULL DEFAULT '00000000-0000-0000-0000-000000000000';
2026-02-04 22:17:16.962 -03:00 [INF] Executed DbCommand (1ms) [Parameters=[], CommandType='"Text"', CommandTimeout='60']
ALTER TABLE [imported_transactions] ADD [user_id] uniqueidentifier NOT NULL DEFAULT '00000000-0000-0000-0000-000000000000';
2026-02-04 22:17:16.971 -03:00 [INF] Executed DbCommand (4ms) [Parameters=[], CommandType='"Text"', CommandTimeout='60']
ALTER TABLE [financial_accounts] ADD [user_id] uniqueidentifier NOT NULL DEFAULT '00000000-0000-0000-0000-000000000000';
2026-02-04 22:17:16.977 -03:00 [INF] Executed DbCommand (2ms) [Parameters=[], CommandType='"Text"', CommandTimeout='60']
ALTER TABLE [expenses] ADD [user_id] uniqueidentifier NOT NULL DEFAULT '00000000-0000-0000-0000-000000000000';
2026-02-04 22:17:16.985 -03:00 [INF] Executed DbCommand (3ms) [Parameters=[], CommandType='"Text"', CommandTimeout='60']
ALTER TABLE [expense_categories] ADD [user_id] uniqueidentifier NOT NULL DEFAULT '00000000-0000-0000-0000-000000000000';
2026-02-04 22:17:16.990 -03:00 [INF] Executed DbCommand (1ms) [Parameters=[], CommandType='"Text"', CommandTimeout='60']
ALTER TABLE [credit_cards] ADD [user_id] uniqueidentifier NOT NULL DEFAULT '00000000-0000-0000-0000-000000000000';
2026-02-04 22:17:16.994 -03:00 [INF] Executed DbCommand (1ms) [Parameters=[], CommandType='"Text"', CommandTimeout='60']
ALTER TABLE [credit_card_invoices] ADD [user_id] uniqueidentifier NOT NULL DEFAULT '00000000-0000-0000-0000-000000000000';
2026-02-04 22:17:17.002 -03:00 [INF] Executed DbCommand (3ms) [Parameters=[], CommandType='"Text"', CommandTimeout='60']
ALTER TABLE [credit_card_groups] ADD [user_id] uniqueidentifier NOT NULL DEFAULT '00000000-0000-0000-0000-000000000000';
2026-02-04 22:17:17.007 -03:00 [INF] Executed DbCommand (2ms) [Parameters=[], CommandType='"Text"', CommandTimeout='60']
ALTER TABLE [account_transfers] ADD [user_id] uniqueidentifier NOT NULL DEFAULT '00000000-0000-0000-0000-000000000000';
2026-02-04 22:17:17.028 -03:00 [INF] Executed DbCommand (17ms) [Parameters=[], CommandType='"Text"', CommandTimeout='60']

                DECLARE @DefaultUserId UNIQUEIDENTIFIER;
                SELECT TOP 1 @DefaultUserId = id FROM admin_users ORDER BY created_at;

                IF @DefaultUserId IS NULL
                    SET @DefaultUserId = '11111111-1111-1111-1111-111111111111';

                UPDATE statement_imports SET user_id = @DefaultUserId WHERE user_id = '00000000-0000-0000-0000-000000000000';
                UPDATE incomes SET user_id = @DefaultUserId WHERE user_id = '00000000-0000-0000-0000-000000000000';
                UPDATE income_categories SET user_id = @DefaultUserId WHERE user_id = '00000000-0000-0000-0000-000000000000';
                UPDATE imported_transactions SET user_id = @DefaultUserId WHERE user_id = '00000000-0000-0000-0000-000000000000';
                UPDATE financial_accounts SET user_id = @DefaultUserId WHERE user_id = '00000000-0000-0000-0000-000000000000';
                UPDATE expenses SET user_id = @DefaultUserId WHERE user_id = '00000000-0000-0000-0000-000000000000';
                UPDATE expense_categories SET user_id = @DefaultUserId WHERE user_id = '00000000-0000-0000-0000-000000000000';
                UPDATE credit_cards SET user_id = @DefaultUserId WHERE user_id = '00000000-0000-0000-0000-000000000000';
                UPDATE credit_card_invoices SET user_id = @DefaultUserId WHERE user_id = '00000000-0000-0000-0000-000000000000';
                UPDATE credit_card_groups SET user_id = @DefaultUserId WHERE user_id = '00000000-0000-0000-0000-000000000000';
                UPDATE account_transfers SET user_id = @DefaultUserId WHERE user_id = '00000000-0000-0000-0000-000000000000';
2026-02-04 22:17:17.036 -03:00 [INF] Executed DbCommand (3ms) [Parameters=[], CommandType='"Text"', CommandTimeout='60']
UPDATE [expense_categories] SET [user_id] = '11111111-1111-1111-1111-111111111111'
WHERE [id] = '20000000-0000-0000-0000-000000000001';
SELECT @@ROWCOUNT;
2026-02-04 22:17:17.041 -03:00 [INF] Executed DbCommand (1ms) [Parameters=[], CommandType='"Text"', CommandTimeout='60']
UPDATE [expense_categories] SET [user_id] = '11111111-1111-1111-1111-111111111111'
WHERE [id] = '20000000-0000-0000-0000-000000000002';
SELECT @@ROWCOUNT;
2026-02-04 22:17:17.044 -03:00 [INF] Executed DbCommand (1ms) [Parameters=[], CommandType='"Text"', CommandTimeout='60']
UPDATE [expense_categories] SET [user_id] = '11111111-1111-1111-1111-111111111111'
WHERE [id] = '20000000-0000-0000-0000-000000000003';
SELECT @@ROWCOUNT;
2026-02-04 22:17:17.049 -03:00 [INF] Executed DbCommand (1ms) [Parameters=[], CommandType='"Text"', CommandTimeout='60']
UPDATE [expense_categories] SET [user_id] = '11111111-1111-1111-1111-111111111111'
WHERE [id] = '20000000-0000-0000-0000-000000000004';
SELECT @@ROWCOUNT;
2026-02-04 22:17:17.054 -03:00 [INF] Executed DbCommand (1ms) [Parameters=[], CommandType='"Text"', CommandTimeout='60']
UPDATE [expense_categories] SET [user_id] = '11111111-1111-1111-1111-111111111111'
WHERE [id] = '20000000-0000-0000-0000-000000000005';
SELECT @@ROWCOUNT;
2026-02-04 22:17:17.058 -03:00 [INF] Executed DbCommand (1ms) [Parameters=[], CommandType='"Text"', CommandTimeout='60']
UPDATE [expense_categories] SET [user_id] = '11111111-1111-1111-1111-111111111111'
WHERE [id] = '20000000-0000-0000-0000-000000000006';
SELECT @@ROWCOUNT;
2026-02-04 22:17:17.062 -03:00 [INF] Executed DbCommand (1ms) [Parameters=[], CommandType='"Text"', CommandTimeout='60']
UPDATE [expense_categories] SET [user_id] = '11111111-1111-1111-1111-111111111111'
WHERE [id] = '20000000-0000-0000-0000-000000000007';
SELECT @@ROWCOUNT;
2026-02-04 22:17:17.067 -03:00 [INF] Executed DbCommand (1ms) [Parameters=[], CommandType='"Text"', CommandTimeout='60']
UPDATE [expense_categories] SET [user_id] = '11111111-1111-1111-1111-111111111111'
WHERE [id] = '20000000-0000-0000-0000-000000000008';
SELECT @@ROWCOUNT;
2026-02-04 22:17:17.071 -03:00 [INF] Executed DbCommand (1ms) [Parameters=[], CommandType='"Text"', CommandTimeout='60']
UPDATE [expense_categories] SET [user_id] = '11111111-1111-1111-1111-111111111111'
WHERE [id] = '20000000-0000-0000-0000-000000000009';
SELECT @@ROWCOUNT;
2026-02-04 22:17:17.075 -03:00 [INF] Executed DbCommand (1ms) [Parameters=[], CommandType='"Text"', CommandTimeout='60']
UPDATE [expense_categories] SET [user_id] = '11111111-1111-1111-1111-111111111111'
WHERE [id] = '20000000-0000-0000-0000-000000000010';
SELECT @@ROWCOUNT;
2026-02-04 22:17:17.080 -03:00 [INF] Executed DbCommand (1ms) [Parameters=[], CommandType='"Text"', CommandTimeout='60']
UPDATE [expense_categories] SET [user_id] = '11111111-1111-1111-1111-111111111111'
WHERE [id] = '20000000-0000-0000-0000-000000000011';
SELECT @@ROWCOUNT;
2026-02-04 22:17:17.084 -03:00 [INF] Executed DbCommand (1ms) [Parameters=[], CommandType='"Text"', CommandTimeout='60']
UPDATE [expense_categories] SET [user_id] = '11111111-1111-1111-1111-111111111111'
WHERE [id] = '20000000-0000-0000-0000-000000000012';
SELECT @@ROWCOUNT;
2026-02-04 22:17:17.088 -03:00 [INF] Executed DbCommand (1ms) [Parameters=[], CommandType='"Text"', CommandTimeout='60']
UPDATE [expense_categories] SET [user_id] = '11111111-1111-1111-1111-111111111111'
WHERE [id] = '20000000-0000-0000-0000-000000000013';
SELECT @@ROWCOUNT;
2026-02-04 22:17:17.092 -03:00 [INF] Executed DbCommand (1ms) [Parameters=[], CommandType='"Text"', CommandTimeout='60']
UPDATE [expense_categories] SET [user_id] = '11111111-1111-1111-1111-111111111111'
WHERE [id] = '20000000-0000-0000-0000-000000000014';
SELECT @@ROWCOUNT;
2026-02-04 22:17:17.097 -03:00 [INF] Executed DbCommand (1ms) [Parameters=[], CommandType='"Text"', CommandTimeout='60']
UPDATE [expense_categories] SET [user_id] = '11111111-1111-1111-1111-111111111111'
WHERE [id] = '20000000-0000-0000-0000-000000000015';
SELECT @@ROWCOUNT;
2026-02-04 22:17:17.102 -03:00 [INF] Executed DbCommand (2ms) [Parameters=[], CommandType='"Text"', CommandTimeout='60']
UPDATE [income_categories] SET [user_id] = '11111111-1111-1111-1111-111111111111'
WHERE [id] = '10000000-0000-0000-0000-000000000001';
SELECT @@ROWCOUNT;
2026-02-04 22:17:17.109 -03:00 [INF] Executed DbCommand (1ms) [Parameters=[], CommandType='"Text"', CommandTimeout='60']
UPDATE [income_categories] SET [user_id] = '11111111-1111-1111-1111-111111111111'
WHERE [id] = '10000000-0000-0000-0000-000000000002';
SELECT @@ROWCOUNT;
2026-02-04 22:17:17.113 -03:00 [INF] Executed DbCommand (1ms) [Parameters=[], CommandType='"Text"', CommandTimeout='60']
UPDATE [income_categories] SET [user_id] = '11111111-1111-1111-1111-111111111111'
WHERE [id] = '10000000-0000-0000-0000-000000000003';
SELECT @@ROWCOUNT;
2026-02-04 22:17:17.117 -03:00 [INF] Executed DbCommand (1ms) [Parameters=[], CommandType='"Text"', CommandTimeout='60']
UPDATE [income_categories] SET [user_id] = '11111111-1111-1111-1111-111111111111'
WHERE [id] = '10000000-0000-0000-0000-000000000004';
SELECT @@ROWCOUNT;
2026-02-04 22:17:17.120 -03:00 [INF] Executed DbCommand (1ms) [Parameters=[], CommandType='"Text"', CommandTimeout='60']
UPDATE [income_categories] SET [user_id] = '11111111-1111-1111-1111-111111111111'
WHERE [id] = '10000000-0000-0000-0000-000000000005';
SELECT @@ROWCOUNT;
2026-02-04 22:17:17.124 -03:00 [INF] Executed DbCommand (1ms) [Parameters=[], CommandType='"Text"', CommandTimeout='60']
UPDATE [income_categories] SET [user_id] = '11111111-1111-1111-1111-111111111111'
WHERE [id] = '10000000-0000-0000-0000-000000000006';
SELECT @@ROWCOUNT;
2026-02-04 22:17:17.129 -03:00 [INF] Executed DbCommand (1ms) [Parameters=[], CommandType='"Text"', CommandTimeout='60']
UPDATE [income_categories] SET [user_id] = '11111111-1111-1111-1111-111111111111'
WHERE [id] = '10000000-0000-0000-0000-000000000007';
SELECT @@ROWCOUNT;
2026-02-04 22:17:17.132 -03:00 [INF] Executed DbCommand (1ms) [Parameters=[], CommandType='"Text"', CommandTimeout='60']
UPDATE [income_categories] SET [user_id] = '11111111-1111-1111-1111-111111111111'
WHERE [id] = '10000000-0000-0000-0000-000000000008';
SELECT @@ROWCOUNT;
2026-02-04 22:17:17.138 -03:00 [INF] Executed DbCommand (2ms) [Parameters=[], CommandType='"Text"', CommandTimeout='60']
CREATE INDEX [IX_statement_imports_user_id] ON [statement_imports] ([user_id]);
2026-02-04 22:17:17.142 -03:00 [INF] Executed DbCommand (1ms) [Parameters=[], CommandType='"Text"', CommandTimeout='60']
CREATE INDEX [IX_incomes_user_id] ON [incomes] ([user_id]);
2026-02-04 22:17:17.149 -03:00 [INF] Executed DbCommand (4ms) [Parameters=[], CommandType='"Text"', CommandTimeout='60']
CREATE INDEX [IX_income_categories_user_id] ON [income_categories] ([user_id]);
2026-02-04 22:17:17.153 -03:00 [INF] Executed DbCommand (1ms) [Parameters=[], CommandType='"Text"', CommandTimeout='60']
CREATE INDEX [IX_imported_transactions_user_id] ON [imported_transactions] ([user_id]);
2026-02-04 22:17:17.160 -03:00 [INF] Executed DbCommand (3ms) [Parameters=[], CommandType='"Text"', CommandTimeout='60']
CREATE INDEX [IX_financial_accounts_user_id] ON [financial_accounts] ([user_id]);
2026-02-04 22:17:17.164 -03:00 [INF] Executed DbCommand (1ms) [Parameters=[], CommandType='"Text"', CommandTimeout='60']
CREATE INDEX [IX_expenses_user_id] ON [expenses] ([user_id]);
2026-02-04 22:17:17.181 -03:00 [INF] Executed DbCommand (6ms) [Parameters=[], CommandType='"Text"', CommandTimeout='60']
CREATE INDEX [IX_expense_categories_user_id] ON [expense_categories] ([user_id]);
2026-02-04 22:17:17.189 -03:00 [INF] Executed DbCommand (1ms) [Parameters=[], CommandType='"Text"', CommandTimeout='60']
CREATE INDEX [IX_credit_cards_user_id] ON [credit_cards] ([user_id]);
2026-02-04 22:17:17.196 -03:00 [INF] Executed DbCommand (1ms) [Parameters=[], CommandType='"Text"', CommandTimeout='60']
CREATE INDEX [IX_credit_card_invoices_user_id] ON [credit_card_invoices] ([user_id]);
2026-02-04 22:17:17.203 -03:00 [INF] Executed DbCommand (1ms) [Parameters=[], CommandType='"Text"', CommandTimeout='60']
CREATE INDEX [IX_credit_card_groups_user_id] ON [credit_card_groups] ([user_id]);
2026-02-04 22:17:17.208 -03:00 [INF] Executed DbCommand (2ms) [Parameters=[], CommandType='"Text"', CommandTimeout='60']
CREATE INDEX [IX_account_transfers_user_id] ON [account_transfers] ([user_id]);
2026-02-04 22:17:17.214 -03:00 [INF] Executed DbCommand (2ms) [Parameters=[], CommandType='"Text"', CommandTimeout='60']
INSERT INTO [__EFMigrationsHistory] ([MigrationId], [ProductVersion])
VALUES (N'20260205011644_AddUserIdToFinancialEntities', N'8.0.11');
