2026-01-12 06:16:58.193 -03:00 [INF] EF Core SQL Server: DataSource=(localdb)\MSSQLLocalDB Database=diax_crm_dev Encrypt=True TrustServerCertificate=true
2026-01-12 06:16:58.832 -03:00 [WRN] Sensitive data logging is enabled. Log entries and exception messages may include sensitive application data; this mode should only be enabled during development.
2026-01-12 11:17:53.461 -03:00 [INF] EF Core SQL Server: DataSource=(localdb)\MSSQLLocalDB Database=diax_crm_dev Encrypt=True TrustServerCertificate=true
2026-01-12 11:17:54.068 -03:00 [WRN] Sensitive data logging is enabled. Log entries and exception messages may include sensitive application data; this mode should only be enabled during development.
2026-01-12 11:18:18.675 -03:00 [INF] EF Core SQL Server: DataSource=(localdb)\MSSQLLocalDB Database=diax_crm_dev Encrypt=True TrustServerCertificate=true
2026-01-12 11:18:19.278 -03:00 [WRN] Sensitive data logging is enabled. Log entries and exception messages may include sensitive application data; this mode should only be enabled during development.
2026-01-12 11:18:21.453 -03:00 [INF] Executed DbCommand (17ms) [Parameters=[], CommandType='"Text"', CommandTimeout='60']
SELECT 1
2026-01-12 11:18:21.478 -03:00 [INF] Executed DbCommand (11ms) [Parameters=[], CommandType='"Text"', CommandTimeout='60']
SELECT OBJECT_ID(N'[__EFMigrationsHistory]');
2026-01-12 11:18:21.496 -03:00 [INF] Executed DbCommand (7ms) [Parameters=[], CommandType='"Text"', CommandTimeout='60']
SELECT [MigrationId], [ProductVersion]
FROM [__EFMigrationsHistory]
ORDER BY [MigrationId];
2026-01-12 11:18:31.445 -03:00 [INF] EF Core SQL Server: DataSource=(localdb)\MSSQLLocalDB Database=diax_crm_dev Encrypt=True TrustServerCertificate=true
2026-01-12 11:18:32.057 -03:00 [WRN] Sensitive data logging is enabled. Log entries and exception messages may include sensitive application data; this mode should only be enabled during development.
2026-01-12 11:18:32.482 -03:00 [INF] Executed DbCommand (13ms) [Parameters=[], CommandType='"Text"', CommandTimeout='60']
SELECT 1
2026-01-12 11:18:32.504 -03:00 [INF] Executed DbCommand (10ms) [Parameters=[], CommandType='"Text"', CommandTimeout='60']
SELECT OBJECT_ID(N'[__EFMigrationsHistory]');
2026-01-12 11:18:32.509 -03:00 [INF] Executed DbCommand (1ms) [Parameters=[], CommandType='"Text"', CommandTimeout='60']
SELECT 1
2026-01-12 11:18:32.514 -03:00 [INF] Executed DbCommand (1ms) [Parameters=[], CommandType='"Text"', CommandTimeout='60']
SELECT OBJECT_ID(N'[__EFMigrationsHistory]');
2026-01-12 11:18:32.534 -03:00 [INF] Executed DbCommand (7ms) [Parameters=[], CommandType='"Text"', CommandTimeout='60']
SELECT [MigrationId], [ProductVersion]
FROM [__EFMigrationsHistory]
ORDER BY [MigrationId];
2026-01-12 11:18:32.547 -03:00 [INF] Applying migration '20260112091659_AddAppLogsTable'.
2026-01-12 11:18:32.623 -03:00 [INF] Executed DbCommand (4ms) [Parameters=[], CommandType='"Text"', CommandTimeout='60']
ALTER TABLE [incomes] DROP CONSTRAINT [FK_incomes_income_categories_income_category_id];
2026-01-12 11:18:32.667 -03:00 [INF] Executed DbCommand (41ms) [Parameters=[], CommandType='"Text"', CommandTimeout='60']
DECLARE @var0 sysname;
SELECT @var0 = [d].[name]
FROM [sys].[default_constraints] [d]
INNER JOIN [sys].[columns] [c] ON [d].[parent_column_id] = [c].[column_id] AND [d].[parent_object_id] = [c].[object_id]
WHERE ([d].[parent_object_id] = OBJECT_ID(N'[incomes]') AND [c].[name] = N'description');
IF @var0 IS NOT NULL EXEC(N'ALTER TABLE [incomes] DROP CONSTRAINT [' + @var0 + '];');
ALTER TABLE [incomes] ALTER COLUMN [description] nvarchar(500) NOT NULL;
2026-01-12 11:18:32.675 -03:00 [INF] Executed DbCommand (4ms) [Parameters=[], CommandType='"Text"', CommandTimeout='60']
CREATE TABLE [app_logs] (
    [id] uniqueidentifier NOT NULL,
    [timestamp_utc] datetime2 NOT NULL,
    [level] nvarchar(20) NOT NULL,
    [category] nvarchar(30) NOT NULL,
    [message] nvarchar(4000) NOT NULL,
    [message_template] nvarchar(2000) NULL,
    [source] nvarchar(500) NULL,
    [request_id] nvarchar(100) NULL,
    [correlation_id] nvarchar(100) NULL,
    [user_id] nvarchar(100) NULL,
    [user_name] nvarchar(256) NULL,
    [request_path] nvarchar(2048) NULL,
    [query_string] nvarchar(4000) NULL,
    [http_method] nvarchar(20) NULL,
    [status_code] int NULL,
    [headers_json] nvarchar(max) NULL,
    [client_ip] nvarchar(64) NULL,
    [user_agent] nvarchar(512) NULL,
    [exception_type] nvarchar(500) NULL,
    [exception_message] nvarchar(4000) NULL,
    [stack_trace] nvarchar(max) NULL,
    [inner_exception] nvarchar(max) NULL,
    [target_site] nvarchar(512) NULL,
    [machine_name] nvarchar(128) NULL,
    [environment] nvarchar(64) NULL,
    [additional_data] nvarchar(max) NULL,
    [response_time_ms] bigint NULL,
    CONSTRAINT [PK_app_logs] PRIMARY KEY ([id])
);
2026-01-12 11:18:32.680 -03:00 [INF] Executed DbCommand (1ms) [Parameters=[], CommandType='"Text"', CommandTimeout='60']
CREATE INDEX [IX_app_logs_correlation_id] ON [app_logs] ([correlation_id]);
2026-01-12 11:18:32.684 -03:00 [INF] Executed DbCommand (1ms) [Parameters=[], CommandType='"Text"', CommandTimeout='60']
CREATE INDEX [IX_app_logs_level_timestamp] ON [app_logs] ([level], [timestamp_utc]);
2026-01-12 11:18:32.688 -03:00 [INF] Executed DbCommand (1ms) [Parameters=[], CommandType='"Text"', CommandTimeout='60']
CREATE INDEX [IX_app_logs_request_id] ON [app_logs] ([request_id]);
2026-01-12 11:18:32.691 -03:00 [INF] Executed DbCommand (1ms) [Parameters=[], CommandType='"Text"', CommandTimeout='60']
CREATE INDEX [IX_app_logs_timestamp_utc] ON [app_logs] ([timestamp_utc] DESC);
2026-01-12 11:18:32.695 -03:00 [INF] Executed DbCommand (1ms) [Parameters=[], CommandType='"Text"', CommandTimeout='60']
CREATE INDEX [IX_app_logs_user_id] ON [app_logs] ([user_id]);
2026-01-12 11:18:32.699 -03:00 [INF] Executed DbCommand (1ms) [Parameters=[], CommandType='"Text"', CommandTimeout='60']
ALTER TABLE [incomes] ADD CONSTRAINT [FK_incomes_income_categories_income_category_id] FOREIGN KEY ([income_category_id]) REFERENCES [income_categories] ([id]) ON DELETE NO ACTION;
2026-01-12 11:18:32.706 -03:00 [INF] Executed DbCommand (4ms) [Parameters=[], CommandType='"Text"', CommandTimeout='60']
INSERT INTO [__EFMigrationsHistory] ([MigrationId], [ProductVersion])
VALUES (N'20260112091659_AddAppLogsTable', N'8.0.11');
