2026-02-03 07:30:31.299 -03:00 [INF] EF Core SQL Server: DataSource=(localdb)\MSSQLLocalDB Database=diax_crm_dev Encrypt=True TrustServerCertificate=true
2026-02-03 07:30:31.932 -03:00 [WRN] Sensitive data logging is enabled. Log entries and exception messages may include sensitive application data; this mode should only be enabled during development.
2026-02-03 07:30:39.200 -03:00 [INF] EF Core SQL Server: DataSource=(localdb)\MSSQLLocalDB Database=diax_crm_dev Encrypt=True TrustServerCertificate=true
2026-02-03 07:30:39.747 -03:00 [WRN] Sensitive data logging is enabled. Log entries and exception messages may include sensitive application data; this mode should only be enabled during development.
2026-02-03 07:30:41.113 -03:00 [INF] Executed DbCommand (16ms) [Parameters=[], CommandType='"Text"', CommandTimeout='60']
SELECT 1
2026-02-03 07:30:41.138 -03:00 [INF] Executed DbCommand (10ms) [Parameters=[], CommandType='"Text"', CommandTimeout='60']
SELECT OBJECT_ID(N'[__EFMigrationsHistory]');
2026-02-03 07:30:41.144 -03:00 [INF] Executed DbCommand (1ms) [Parameters=[], CommandType='"Text"', CommandTimeout='60']
SELECT 1
2026-02-03 07:30:41.149 -03:00 [INF] Executed DbCommand (1ms) [Parameters=[], CommandType='"Text"', CommandTimeout='60']
SELECT OBJECT_ID(N'[__EFMigrationsHistory]');
2026-02-03 07:30:41.169 -03:00 [INF] Executed DbCommand (6ms) [Parameters=[], CommandType='"Text"', CommandTimeout='60']
SELECT [MigrationId], [ProductVersion]
FROM [__EFMigrationsHistory]
ORDER BY [MigrationId];
2026-02-03 07:30:41.183 -03:00 [INF] Applying migration '20260202133347_AddChecklists'.
2026-02-03 07:30:41.267 -03:00 [INF] Executed DbCommand (5ms) [Parameters=[], CommandType='"Text"', CommandTimeout='60']
CREATE TABLE [checklist_categories] (
    [id] uniqueidentifier NOT NULL,
    [name] nvarchar(120) NOT NULL,
    [color] nvarchar(20) NULL,
    [sort_order] int NOT NULL DEFAULT 0,
    [created_at] datetime2 NOT NULL,
    [created_by] nvarchar(256) NULL,
    [updated_at] datetime2 NULL,
    [updated_by] nvarchar(256) NULL,
    CONSTRAINT [PK_checklist_categories] PRIMARY KEY ([id])
);
2026-02-03 07:30:41.273 -03:00 [INF] Executed DbCommand (2ms) [Parameters=[], CommandType='"Text"', CommandTimeout='60']
CREATE TABLE [checklist_items] (
    [id] uniqueidentifier NOT NULL,
    [category_id] uniqueidentifier NOT NULL,
    [title] nvarchar(160) NOT NULL,
    [description] nvarchar(1000) NULL,
    [status] int NOT NULL,
    [priority] int NULL,
    [target_date] datetime2 NULL,
    [bought_at] datetime2 NULL,
    [canceled_at] datetime2 NULL,
    [estimated_price] decimal(18,2) NULL,
    [actual_price] decimal(18,2) NULL,
    [quantity] decimal(18,2) NULL,
    [store_or_link] nvarchar(500) NULL,
    [is_archived] bit NOT NULL DEFAULT CAST(0 AS bit),
    [created_at] datetime2 NOT NULL,
    [created_by] nvarchar(256) NULL,
    [updated_at] datetime2 NULL,
    [updated_by] nvarchar(256) NULL,
    CONSTRAINT [PK_checklist_items] PRIMARY KEY ([id]),
    CONSTRAINT [FK_checklist_items_checklist_categories_category_id] FOREIGN KEY ([category_id]) REFERENCES [checklist_categories] ([id]) ON DELETE NO ACTION
);
2026-02-03 07:30:41.279 -03:00 [INF] Executed DbCommand (1ms) [Parameters=[], CommandType='"Text"', CommandTimeout='60']
CREATE INDEX [IX_checklist_categories_name] ON [checklist_categories] ([name]);
2026-02-03 07:30:41.284 -03:00 [INF] Executed DbCommand (1ms) [Parameters=[], CommandType='"Text"', CommandTimeout='60']
CREATE INDEX [IX_checklist_categories_sort_order] ON [checklist_categories] ([sort_order]);
2026-02-03 07:30:41.288 -03:00 [INF] Executed DbCommand (1ms) [Parameters=[], CommandType='"Text"', CommandTimeout='60']
CREATE INDEX [IX_checklist_items_category_id] ON [checklist_items] ([category_id]);
2026-02-03 07:30:41.292 -03:00 [INF] Executed DbCommand (1ms) [Parameters=[], CommandType='"Text"', CommandTimeout='60']
CREATE INDEX [IX_checklist_items_is_archived] ON [checklist_items] ([is_archived]);
2026-02-03 07:30:41.297 -03:00 [INF] Executed DbCommand (1ms) [Parameters=[], CommandType='"Text"', CommandTimeout='60']
CREATE INDEX [IX_checklist_items_status] ON [checklist_items] ([status]);
2026-02-03 07:30:41.302 -03:00 [INF] Executed DbCommand (1ms) [Parameters=[], CommandType='"Text"', CommandTimeout='60']
CREATE INDEX [IX_checklist_items_target_date] ON [checklist_items] ([target_date]);
2026-02-03 07:30:41.306 -03:00 [INF] Executed DbCommand (1ms) [Parameters=[], CommandType='"Text"', CommandTimeout='60']
CREATE INDEX [IX_checklist_items_updated_at] ON [checklist_items] ([updated_at]);
2026-02-03 07:30:41.312 -03:00 [INF] Executed DbCommand (2ms) [Parameters=[], CommandType='"Text"', CommandTimeout='60']
INSERT INTO [__EFMigrationsHistory] ([MigrationId], [ProductVersion])
VALUES (N'20260202133347_AddChecklists', N'8.0.11');
2026-02-03 07:30:41.321 -03:00 [INF] Applying migration '20260203103032_AddUserPromptsTable'.
2026-02-03 07:30:41.378 -03:00 [INF] Executed DbCommand (2ms) [Parameters=[], CommandType='"Text"', CommandTimeout='60']
CREATE TABLE [user_prompts] (
    [id] uniqueidentifier NOT NULL,
    [user_id] uniqueidentifier NOT NULL,
    [original_input] nvarchar(4000) NOT NULL,
    [generated_prompt] nvarchar(max) NOT NULL,
    [prompt_type] nvarchar(50) NOT NULL,
    [provider] nvarchar(50) NOT NULL,
    [model] nvarchar(100) NULL,
    [created_at] datetime2 NOT NULL,
    CONSTRAINT [PK_user_prompts] PRIMARY KEY ([id])
);
2026-02-03 07:30:41.384 -03:00 [INF] Executed DbCommand (1ms) [Parameters=[], CommandType='"Text"', CommandTimeout='60']
CREATE INDEX [IX_user_prompts_user_id] ON [user_prompts] ([user_id]);
2026-02-03 07:30:41.389 -03:00 [INF] Executed DbCommand (1ms) [Parameters=[], CommandType='"Text"', CommandTimeout='60']
CREATE INDEX [IX_user_prompts_user_id_created_at] ON [user_prompts] ([user_id], [created_at] DESC);
2026-02-03 07:30:41.393 -03:00 [INF] Executed DbCommand (1ms) [Parameters=[], CommandType='"Text"', CommandTimeout='60']
INSERT INTO [__EFMigrationsHistory] ([MigrationId], [ProductVersion])
VALUES (N'20260203103032_AddUserPromptsTable', N'8.0.11');
