[    5288ms] [WARNING] Image with src "http://localhost:3000/images/logo_xandao_400.png" has either width or height modified, but not the other. If you use CSS to change the size of your image, also include the styles 'width: "auto"' or 'height: "auto"' to maintain the aspect ratio. @ webpack-internal:///(app-pages-browser)/./node_modules/next/dist/shared/lib/utils/warn-once.js:15
[    5288ms] [WARNING] Image with src "http://localhost:3000/images/logo_logo.png" has either width or height modified, but not the other. If you use CSS to change the size of your image, also include the styles 'width: "auto"' or 'height: "auto"' to maintain the aspect ratio. @ webpack-internal:///(app-pages-browser)/./node_modules/next/dist/shared/lib/utils/warn-once.js:15
[ 1106736ms] [WARNING] The resource http://localhost:3000/_next/static/css/app/layout.css?v=1773514236236 was preloaded using link preload but not used within a few seconds from the window's load event. Please make sure it has an appropriate `as` value and it is preloaded intentionally. @ http://localhost:3000/login/:0
[ 1122467ms] [WARNING] The resource http://localhost:3000/_next/static/css/app/layout.css?v=1773514236236 was preloaded using link preload but not used within a few seconds from the window's load event. Please make sure it has an appropriate `as` value and it is preloaded intentionally. @ http://localhost:3000/login/:0
[ 1143594ms] [WARNING] The resource http://localhost:3000/_next/static/css/app/layout.css?v=1773514236236 was preloaded using link preload but not used within a few seconds from the window's load event. Please make sure it has an appropriate `as` value and it is preloaded intentionally. @ http://localhost:3000/login/:0
[ 1156840ms] [WARNING] The resource http://localhost:3000/_next/static/css/app/layout.css?v=1773514236236 was preloaded using link preload but not used within a few seconds from the window's load event. Please make sure it has an appropriate `as` value and it is preloaded intentionally. @ http://localhost:3000/login/:0
[ 1165935ms] [WARNING] The resource http://localhost:3000/_next/static/css/app/layout.css?v=1773514236236 was preloaded using link preload but not used within a few seconds from the window's load event. Please make sure it has an appropriate `as` value and it is preloaded intentionally. @ http://localhost:3000/login/:0
[ 1179566ms] [WARNING] The resource http://localhost:3000/_next/static/css/app/layout.css?v=1773514236236 was preloaded using link preload but not used within a few seconds from the window's load event. Please make sure it has an appropriate `as` value and it is preloaded intentionally. @ http://localhost:3000/login/:0
[ 1179566ms] [WARNING] The resource http://localhost:3000/_next/static/css/app/layout.css?v=1773514309047 was preloaded using link preload but not used within a few seconds from the window's load event. Please make sure it has an appropriate `as` value and it is preloaded intentionally. @ http://localhost:3000/login/:0
[ 1185988ms] [WARNING] The resource http://localhost:3000/_next/static/css/app/layout.css?v=1773514236236 was preloaded using link preload but not used within a few seconds from the window's load event. Please make sure it has an appropriate `as` value and it is preloaded intentionally. @ http://localhost:3000/login/:0
[ 1185988ms] [WARNING] The resource http://localhost:3000/_next/static/css/app/layout.css?v=1773514315560 was preloaded using link preload but not used within a few seconds from the window's load event. Please make sure it has an appropriate `as` value and it is preloaded intentionally. @ http://localhost:3000/login/:0
[ 1185988ms] [WARNING] The resource http://localhost:3000/_next/static/css/app/layout.css?v=1773514309047 was preloaded using link preload but not used within a few seconds from the window's load event. Please make sure it has an appropriate `as` value and it is preloaded intentionally. @ http://localhost:3000/login/:0
[ 1207586ms] [WARNING] The resource http://localhost:3000/_next/static/css/app/layout.css?v=1773514236236 was preloaded using link preload but not used within a few seconds from the window's load event. Please make sure it has an appropriate `as` value and it is preloaded intentionally. @ http://localhost:3000/login/:0
[ 1207586ms] [WARNING] The resource http://localhost:3000/_next/static/css/app/layout.css?v=1773514315560 was preloaded using link preload but not used within a few seconds from the window's load event. Please make sure it has an appropriate `as` value and it is preloaded intentionally. @ http://localhost:3000/login/:0
[ 1207586ms] [WARNING] The resource http://localhost:3000/_next/static/css/app/layout.css?v=1773514309047 was preloaded using link preload but not used within a few seconds from the window's load event. Please make sure it has an appropriate `as` value and it is preloaded intentionally. @ http://localhost:3000/login/:0
[ 1207586ms] [WARNING] The resource http://localhost:3000/_next/static/css/app/layout.css?v=1773514337130 was preloaded using link preload but not used within a few seconds from the window's load event. Please make sure it has an appropriate `as` value and it is preloaded intentionally. @ http://localhost:3000/login/:0
[ 1218040ms] [WARNING] The resource http://localhost:3000/_next/static/css/app/layout.css?v=1773514236236 was preloaded using link preload but not used within a few seconds from the window's load event. Please make sure it has an appropriate `as` value and it is preloaded intentionally. @ http://localhost:3000/login/:0
[ 1218040ms] [WARNING] The resource http://localhost:3000/_next/static/css/app/layout.css?v=1773514315560 was preloaded using link preload but not used within a few seconds from the window's load event. Please make sure it has an appropriate `as` value and it is preloaded intentionally. @ http://localhost:3000/login/:0
[ 1218040ms] [WARNING] The resource http://localhost:3000/_next/static/css/app/layout.css?v=1773514309047 was preloaded using link preload but not used within a few seconds from the window's load event. Please make sure it has an appropriate `as` value and it is preloaded intentionally. @ http://localhost:3000/login/:0
[ 1218040ms] [WARNING] The resource http://localhost:3000/_next/static/css/app/layout.css?v=1773514337130 was preloaded using link preload but not used within a few seconds from the window's load event. Please make sure it has an appropriate `as` value and it is preloaded intentionally. @ http://localhost:3000/login/:0
[ 1230508ms] [WARNING] The resource http://localhost:3000/_next/static/css/app/layout.css?v=1773514236236 was preloaded using link preload but not used within a few seconds from the window's load event. Please make sure it has an appropriate `as` value and it is preloaded intentionally. @ http://localhost:3000/login/:0
[ 1230508ms] [WARNING] The resource http://localhost:3000/_next/static/css/app/layout.css?v=1773514315560 was preloaded using link preload but not used within a few seconds from the window's load event. Please make sure it has an appropriate `as` value and it is preloaded intentionally. @ http://localhost:3000/login/:0
[ 1230508ms] [WARNING] The resource http://localhost:3000/_next/static/css/app/layout.css?v=1773514309047 was preloaded using link preload but not used within a few seconds from the window's load event. Please make sure it has an appropriate `as` value and it is preloaded intentionally. @ http://localhost:3000/login/:0
[ 1230508ms] [WARNING] The resource http://localhost:3000/_next/static/css/app/layout.css?v=1773514337130 was preloaded using link preload but not used within a few seconds from the window's load event. Please make sure it has an appropriate `as` value and it is preloaded intentionally. @ http://localhost:3000/login/:0
[ 1355214ms] [ERROR] Failed to load resource: the server responded with a status of 404 (Not Found) @ http://localhost:3000/_next/static/css/app/layout.css?v=1773514486784:0
[ 1355233ms] Event
[ 1358037ms] [ERROR] Failed to load resource: the server responded with a status of 404 (Not Found) @ http://localhost:3000/_next/static/css/app/layout.css?v=1773514490629:0
[ 1358054ms] Event
[ 1361050ms] [WARNING] The resource http://localhost:3000/_next/static/css/app/layout.css?v=1773514236236 was preloaded using link preload but not used within a few seconds from the window's load event. Please make sure it has an appropriate `as` value and it is preloaded intentionally. @ http://localhost:3000/login/:0
[ 1361050ms] [WARNING] The resource http://localhost:3000/_next/static/css/app/layout.css?v=1773514315560 was preloaded using link preload but not used within a few seconds from the window's load event. Please make sure it has an appropriate `as` value and it is preloaded intentionally. @ http://localhost:3000/login/:0
[ 1361050ms] [WARNING] The resource http://localhost:3000/_next/static/css/app/layout.css?v=1773514309047 was preloaded using link preload but not used within a few seconds from the window's load event. Please make sure it has an appropriate `as` value and it is preloaded intentionally. @ http://localhost:3000/login/:0
[ 1361050ms] [WARNING] The resource http://localhost:3000/_next/static/css/app/layout.css?v=1773514337130 was preloaded using link preload but not used within a few seconds from the window's load event. Please make sure it has an appropriate `as` value and it is preloaded intentionally. @ http://localhost:3000/login/:0
[ 1364466ms] [ERROR] Failed to load resource: the server responded with a status of 404 (Not Found) @ http://localhost:3000/_next/static/css/app/layout.css?v=1773514497069:0
[ 1364472ms] Event
[ 1367483ms] [WARNING] The resource http://localhost:3000/_next/static/css/app/layout.css?v=1773514236236 was preloaded using link preload but not used within a few seconds from the window's load event. Please make sure it has an appropriate `as` value and it is preloaded intentionally. @ http://localhost:3000/login/:0
[ 1367483ms] [WARNING] The resource http://localhost:3000/_next/static/css/app/layout.css?v=1773514315560 was preloaded using link preload but not used within a few seconds from the window's load event. Please make sure it has an appropriate `as` value and it is preloaded intentionally. @ http://localhost:3000/login/:0
[ 1367483ms] [WARNING] The resource http://localhost:3000/_next/static/css/app/layout.css?v=1773514309047 was preloaded using link preload but not used within a few seconds from the window's load event. Please make sure it has an appropriate `as` value and it is preloaded intentionally. @ http://localhost:3000/login/:0
[ 1367483ms] [WARNING] The resource http://localhost:3000/_next/static/css/app/layout.css?v=1773514337130 was preloaded using link preload but not used within a few seconds from the window's load event. Please make sure it has an appropriate `as` value and it is preloaded intentionally. @ http://localhost:3000/login/:0
[ 1370713ms] [ERROR] Failed to load resource: the server responded with a status of 404 (Not Found) @ http://localhost:3000/_next/static/css/app/layout.css?v=1773514503293:0
[ 1370720ms] Event
[ 1373716ms] [WARNING] The resource http://localhost:3000/_next/static/css/app/layout.css?v=1773514236236 was preloaded using link preload but not used within a few seconds from the window's load event. Please make sure it has an appropriate `as` value and it is preloaded intentionally. @ http://localhost:3000/login/:0
[ 1373716ms] [WARNING] The resource http://localhost:3000/_next/static/css/app/layout.css?v=1773514315560 was preloaded using link preload but not used within a few seconds from the window's load event. Please make sure it has an appropriate `as` value and it is preloaded intentionally. @ http://localhost:3000/login/:0
[ 1373716ms] [WARNING] The resource http://localhost:3000/_next/static/css/app/layout.css?v=1773514309047 was preloaded using link preload but not used within a few seconds from the window's load event. Please make sure it has an appropriate `as` value and it is preloaded intentionally. @ http://localhost:3000/login/:0
[ 1373716ms] [WARNING] The resource http://localhost:3000/_next/static/css/app/layout.css?v=1773514337130 was preloaded using link preload but not used within a few seconds from the window's load event. Please make sure it has an appropriate `as` value and it is preloaded intentionally. @ http://localhost:3000/login/:0
[ 1376039ms] [ERROR] Failed to load resource: the server responded with a status of 404 (Not Found) @ http://localhost:3000/_next/static/css/app/layout.css?v=1773514508647:0
[ 1376045ms] Event
[ 1379045ms] [WARNING] The resource http://localhost:3000/_next/static/css/app/layout.css?v=1773514236236 was preloaded using link preload but not used within a few seconds from the window's load event. Please make sure it has an appropriate `as` value and it is preloaded intentionally. @ http://localhost:3000/login/:0
[ 1379045ms] [WARNING] The resource http://localhost:3000/_next/static/css/app/layout.css?v=1773514315560 was preloaded using link preload but not used within a few seconds from the window's load event. Please make sure it has an appropriate `as` value and it is preloaded intentionally. @ http://localhost:3000/login/:0
[ 1379046ms] [WARNING] The resource http://localhost:3000/_next/static/css/app/layout.css?v=1773514309047 was preloaded using link preload but not used within a few seconds from the window's load event. Please make sure it has an appropriate `as` value and it is preloaded intentionally. @ http://localhost:3000/login/:0
[ 1379046ms] [WARNING] The resource http://localhost:3000/_next/static/css/app/layout.css?v=1773514337130 was preloaded using link preload but not used within a few seconds from the window's load event. Please make sure it has an appropriate `as` value and it is preloaded intentionally. @ http://localhost:3000/login/:0
[ 1395276ms] [ERROR] Failed to load resource: the server responded with a status of 404 (Not Found) @ http://localhost:3000/_next/static/css/app/layout.css?v=1773514527881:0
[ 1395288ms] Event
[ 1398288ms] [WARNING] The resource http://localhost:3000/_next/static/css/app/layout.css?v=1773514236236 was preloaded using link preload but not used within a few seconds from the window's load event. Please make sure it has an appropriate `as` value and it is preloaded intentionally. @ http://localhost:3000/login/:0
[ 1398288ms] [WARNING] The resource http://localhost:3000/_next/static/css/app/layout.css?v=1773514315560 was preloaded using link preload but not used within a few seconds from the window's load event. Please make sure it has an appropriate `as` value and it is preloaded intentionally. @ http://localhost:3000/login/:0
[ 1398290ms] [WARNING] The resource http://localhost:3000/_next/static/css/app/layout.css?v=1773514309047 was preloaded using link preload but not used within a few seconds from the window's load event. Please make sure it has an appropriate `as` value and it is preloaded intentionally. @ http://localhost:3000/login/:0
[ 1398290ms] [WARNING] The resource http://localhost:3000/_next/static/css/app/layout.css?v=1773514337130 was preloaded using link preload but not used within a few seconds from the window's load event. Please make sure it has an appropriate `as` value and it is preloaded intentionally. @ http://localhost:3000/login/:0
[ 1486743ms] [WARNING] The resource http://localhost:3000/_next/static/css/app/layout.css?v=1773514615122 was preloaded using link preload but not used within a few seconds from the window's load event. Please make sure it has an appropriate `as` value and it is preloaded intentionally. @ http://localhost:3000/login/:0
[ 1486743ms] [WARNING] The resource http://localhost:3000/_next/static/css/app/layout.css?v=1773514236236 was preloaded using link preload but not used within a few seconds from the window's load event. Please make sure it has an appropriate `as` value and it is preloaded intentionally. @ http://localhost:3000/login/:0
[ 1486743ms] [WARNING] The resource http://localhost:3000/_next/static/css/app/layout.css?v=1773514315560 was preloaded using link preload but not used within a few seconds from the window's load event. Please make sure it has an appropriate `as` value and it is preloaded intentionally. @ http://localhost:3000/login/:0
[ 1486743ms] [WARNING] The resource http://localhost:3000/_next/static/css/app/layout.css?v=1773514309047 was preloaded using link preload but not used within a few seconds from the window's load event. Please make sure it has an appropriate `as` value and it is preloaded intentionally. @ http://localhost:3000/login/:0
[ 1486743ms] [WARNING] The resource http://localhost:3000/_next/static/css/app/layout.css?v=1773514337130 was preloaded using link preload but not used within a few seconds from the window's load event. Please make sure it has an appropriate `as` value and it is preloaded intentionally. @ http://localhost:3000/login/:0
[ 1492304ms] [ERROR] Failed to load resource: the server responded with a status of 500 (Internal Server Error) @ http://localhost:3000/_next/static/css/app/layout.css?v=1773514615122:0
[ 1492780ms] [ERROR] Failed to load resource: the server responded with a status of 404 (Not Found) @ http://localhost:3000/_next/static/css/app/layout.css?v=1773514625221:0
[ 1492790ms] Event
[ 1495785ms] [WARNING] The resource http://localhost:3000/_next/static/css/app/layout.css?v=1773514615122 was preloaded using link preload but not used within a few seconds from the window's load event. Please make sure it has an appropriate `as` value and it is preloaded intentionally. @ http://localhost:3000/login/:0
[ 1495785ms] [WARNING] The resource http://localhost:3000/_next/static/css/app/layout.css?v=1773514236236 was preloaded using link preload but not used within a few seconds from the window's load event. Please make sure it has an appropriate `as` value and it is preloaded intentionally. @ http://localhost:3000/login/:0
[ 1495785ms] [WARNING] The resource http://localhost:3000/_next/static/css/app/layout.css?v=1773514315560 was preloaded using link preload but not used within a few seconds from the window's load event. Please make sure it has an appropriate `as` value and it is preloaded intentionally. @ http://localhost:3000/login/:0
[ 1495785ms] [WARNING] The resource http://localhost:3000/_next/static/css/app/layout.css?v=1773514309047 was preloaded using link preload but not used within a few seconds from the window's load event. Please make sure it has an appropriate `as` value and it is preloaded intentionally. @ http://localhost:3000/login/:0
[ 1495794ms] [WARNING] The resource http://localhost:3000/_next/static/css/app/layout.css?v=1773514337130 was preloaded using link preload but not used within a few seconds from the window's load event. Please make sure it has an appropriate `as` value and it is preloaded intentionally. @ http://localhost:3000/login/:0
[ 1577376ms] [ERROR] Failed to load resource: the server responded with a status of 500 (Internal Server Error) @ http://localhost:3000/_next/static/css/app/layout.css?v=1773514709075:0
[ 1577387ms] Event
[ 1580458ms] [WARNING] The resource http://localhost:3000/_next/static/css/app/layout.css?v=1773514615122 was preloaded using link preload but not used within a few seconds from the window's load event. Please make sure it has an appropriate `as` value and it is preloaded intentionally. @ http://localhost:3000/login/:0
[ 1580458ms] [WARNING] The resource http://localhost:3000/_next/static/css/app/layout.css?v=1773514236236 was preloaded using link preload but not used within a few seconds from the window's load event. Please make sure it has an appropriate `as` value and it is preloaded intentionally. @ http://localhost:3000/login/:0
[ 1580459ms] [WARNING] The resource http://localhost:3000/_next/static/css/app/layout.css?v=1773514315560 was preloaded using link preload but not used within a few seconds from the window's load event. Please make sure it has an appropriate `as` value and it is preloaded intentionally. @ http://localhost:3000/login/:0
[ 1580460ms] [WARNING] The resource http://localhost:3000/_next/static/css/app/layout.css?v=1773514337130 was preloaded using link preload but not used within a few seconds from the window's load event. Please make sure it has an appropriate `as` value and it is preloaded intentionally. @ http://localhost:3000/login/:0
[ 1580460ms] [WARNING] The resource http://localhost:3000/_next/static/css/app/layout.css?v=1773514309047 was preloaded using link preload but not used within a few seconds from the window's load event. Please make sure it has an appropriate `as` value and it is preloaded intentionally. @ http://localhost:3000/login/:0
[ 1667923ms] [ERROR] Failed to load resource: the server responded with a status of 500 (Internal Server Error) @ http://localhost:3000/_next/static/css/app/layout.css:0
[ 1667929ms] Event
[ 1670941ms] [WARNING] The resource http://localhost:3000/_next/static/css/app/layout.css?v=1773514615122 was preloaded using link preload but not used within a few seconds from the window's load event. Please make sure it has an appropriate `as` value and it is preloaded intentionally. @ http://localhost:3000/login/:0
[ 1670943ms] [WARNING] The resource http://localhost:3000/_next/static/css/app/layout.css?v=1773514236236 was preloaded using link preload but not used within a few seconds from the window's load event. Please make sure it has an appropriate `as` value and it is preloaded intentionally. @ http://localhost:3000/login/:0
[ 1670943ms] [WARNING] The resource http://localhost:3000/_next/static/css/app/layout.css?v=1773514315560 was preloaded using link preload but not used within a few seconds from the window's load event. Please make sure it has an appropriate `as` value and it is preloaded intentionally. @ http://localhost:3000/login/:0
[ 1670943ms] [WARNING] The resource http://localhost:3000/_next/static/css/app/layout.css?v=1773514337130 was preloaded using link preload but not used within a few seconds from the window's load event. Please make sure it has an appropriate `as` value and it is preloaded intentionally. @ http://localhost:3000/login/:0
[ 1670943ms] [WARNING] The resource http://localhost:3000/_next/static/css/app/layout.css?v=1773514309047 was preloaded using link preload but not used within a few seconds from the window's load event. Please make sure it has an appropriate `as` value and it is preloaded intentionally. @ http://localhost:3000/login/:0
[ 1793987ms] [WARNING] The resource http://localhost:3000/_next/static/css/app/layout.css?v=1773514615122 was preloaded using link preload but not used within a few seconds from the window's load event. Please make sure it has an appropriate `as` value and it is preloaded intentionally. @ http://localhost:3000/login/:0
[ 1793987ms] [WARNING] The resource http://localhost:3000/_next/static/css/app/layout.css?v=1773514236236 was preloaded using link preload but not used within a few seconds from the window's load event. Please make sure it has an appropriate `as` value and it is preloaded intentionally. @ http://localhost:3000/login/:0
[ 1793987ms] [WARNING] The resource http://localhost:3000/_next/static/css/app/layout.css?v=1773514315560 was preloaded using link preload but not used within a few seconds from the window's load event. Please make sure it has an appropriate `as` value and it is preloaded intentionally. @ http://localhost:3000/login/:0
[ 1793987ms] [WARNING] The resource http://localhost:3000/_next/static/css/app/layout.css?v=1773514337130 was preloaded using link preload but not used within a few seconds from the window's load event. Please make sure it has an appropriate `as` value and it is preloaded intentionally. @ http://localhost:3000/login/:0
[ 1793987ms] [WARNING] The resource http://localhost:3000/_next/static/css/app/layout.css?v=1773514309047 was preloaded using link preload but not used within a few seconds from the window's load event. Please make sure it has an appropriate `as` value and it is preloaded intentionally. @ http://localhost:3000/login/:0
